[   0.000000] Initializing cgroup subsys cpuset
[    0.000000] Initializing cgroup subsys cpu
[    0.000000] Initializing cgroup subsys cpuacct
[    0.000000] Linux version 4.4.0-154-generic (buildd@lgw01-amd64-049) (gcc version 5.4.0 20160609 (Ubuntu 5.4.0-6ubuntu1~16.04.10) ) #181-Ubuntu SMP Tue Jun 25 05:29:03 UTC 2019 (Ubuntu 4.4.0-154.181-generic 4.4.179)
[    0.000000] Command line: BOOT_IMAGE=/boot/vmlinuz-4.4.0-154-generic root=LABEL=cloudimg-rootfs ro console=tty1 console=ttyS0
[    0.000000] KERNEL supported cpus:
[    0.000000]   Intel GenuineIntel
[    0.000000]   AMD AuthenticAMD
[    0..000000]   Centaur CentaurHauls
[    0.000000] x86/fpu: Legacy x87 FPU detected.
[    0.000000] e820: BIOS-provided physical RAM map:
[    0.000000] BOS-e20: [mem0x0000000000000000-0x000000000009fbff] usable
[    0.000000] BIOS-e820: [mem 0x000000000009fc00-0x000000000009ffff] reserved
[    0.000000] BIOS-e820: [mem 0x00000000000f0000-0x00000000000fffff] reserved
[    0.000000] BIOS-e820: [mem 0x0000000000100000-0x000000003ffeffff] usable
[    0.000000] BIOS-e820: [mem 0x000000003fff0000-0x000000003fffffff] ACPI data
[    0.000000] BIOS-e820: [mem 0x00000000fec00000-0x00000000fec00fff] reserved
[    0.000000] BIOS-e820: [mem 0x00000000fee00000-0x00000000fee00fff] reserved
[    0.000000] BIOS-e820: [mem 0x00000000fffc0000-0x00000000ffffffff] reserved
[    0.000000] NX (Execute Disable) protection: active
[    0.000000] SMBIOS 2.5 present.
[    0.000000] Hypervisor detected: KVM
[    0.000000] e820: last_pfn = 0x3fff0 max_arch_pfn = 0x400000000
[    0.000000] MTRR: Disabled
[    0.000000] x86/PAT: MTRRs disabled, skipping PAT initialization too.
[    0.000000] CPU MTRRs all blank - virtualized system.
[    0.000000] x86/PAT: Configuration [0-7]: WB  WT  UC- UC  WB  WT  UC- UC  
[    0.000000] found SMP MP-table at [mem 0x0009fff0-0x0009ffff] mapped at [ffff88000009fff0]
[    0.000000] Scanning 1 areas for low memory corruption
[    0.000000] RAMDISK: [mem 0x362fa000-0x37174fff]
[    0.000000] ACPI: Early table checksum verification disabled
[    0.000000] ACPI: RSDP 0x00000000000E0000 000024 (v02 VBOX  )
[    0.000000] ACPI: XSDT 0x000000003FFF0030 00003C (v01 VBOX   VBOXXSDT 00000001 ASL  00000061)
[    0.000000] ACPI: FACP 0x000000003FFF00F0 0000F4 (v04 VBOX   VBOXFACP 00000001 ASL  00000061)
[    0.000000] ACPI: DSDT 0x000000003FFF0470 0021FF (v02 VBOX   VBOXBIOS 00000002 INTL 20180105)
[    0.000000] ACPI: FACS 0x000000003FFF0200 000040
[    0.000000] ACPI: FACS 0x000000003FFF0200 000040
[    0.000000] ACPI: APIC 0x000000003FFF0240 00005C (v02 VBOX   VBOXAPIC 00000001 ASL  00000061)
[    0.000000] ACPI: SSDT 0x000000003FFF02A0 0001CC (v01 VBOX   VBOXCPUT 00000002 INTL 20180105)
[    0.000000] No NUMA configuration found
[    0.000000] Faking a node at [mem 0x0000000000000000-0x000000003ffeffff]
[    0.000000] NODE_DATA(0) allocated [mem 0x3ffeb000-0x3ffeffff]
[    0.000000] kvm-clock: Using msrs 4b564d01 and 4b564d00
[    0.000000] kvm-clock: cpu 0, msr 0:3ffe3001, primary cpu clock
[    0.000000] kvm-clock: using sched offset of 4904912154 cycles
[    0.000000] clocksource: kvm-clock: mask: 0xffffffffffffffff max_cycles: 0x1cd42e4dffb, max_idle_ns: 881590591483 ns
[    0.000000] Zone ranges:
[    0.000000]   DMA      [mem 0x0000000000001000-0x0000000000ffffff]
[    0.000000]   DMA32    [mem 0x0000000001000000-0x000000003ffeffff]
[    0.000000]   Normal   empty
[    0.000000]   Device   empty
[    0.000000] Movable zone start for each node
[    0.000000] Early memory node ranges
[    0.000000]   node   0: [mem 0x0000000000001000-0x000000000009efff]
[    0.000000]   node   0: [mem 0x0000000000100000-0x000000003ffeffff]
[    0.000000] Initmem setup node 0 [mem 0x0000000000001000-0x000000003ffeffff]
[    0.000000] ACPI: PM-Timer IO Port: 0x4008
[    0.000000] IOAPIC[0]: apic_id 2, version 32, address 0xfec00000, GSI 0-23
[    0.000000] ACPI: INT_SRC_OVR (bus 0 bus_irq 0 global_irq2 dfl dfl)
[    0.000000] ACPI: INT_SRC_OVR (bus 0 bus_irq 9 global_irq 9 low level)
[    0000000] Using ACPI (MADT) for SMP configuration information
[    0.000000] smpboot: Allowing 2 CPUs, 0 hotplug CCPUs
[    0.000000] PM: Registered nosave memory: [mem 0x00000000-0x00000fff]
[    0.000000] PM: Registered nosave memory: [mem 0x0009f000-0x0009ffff]
[    0.000000] PM: Registered nosave memory: [mem 0x000a0000-0x000effff]
[    0.000000] PM: Registered nosave memory: [mem 0x000f0000-0x000fffff]
[    0.000000] e820: [mem 0x40000000-0xfebfffff] available for PCI devices
[    0.000000] Booting paravirtualized kernel on KVM
[    0.000000] clocksource: refined-jiffies: mask: 0xffffffff max_cycles: 0xffffffff, max_idle_ns: 7645519600211568 ns
[    0.000000] setup_percpu: NR_CPUS:512 nr_cpumask_bits:512 nr_cpu_ids:2 nr_node_ids:1
[    0.000000] PERCPU: Embedded 34 pages/cpu @ffff88003fc00000 s99480 r8192 d31592 u1048576
[    0.000000] Built 1 zonelists in Node order, mobility grouping on.  Total pages: 257912
[    0.000000] Policy zone: DMA32
[    0.000000] Kernel command line: BOOT_IMAGE=/boot/vmlinuz-4.4.0-154-generic root=LABEL=cloudimg-rootfs ro console=tty1 console=ttyS0
[    0.000000] PID hash table entries: 4096 (order: 3, 32768 bytes)
[    0.000000] Memory: 997732K/1048120K available (8613K kernel code, 1335K rwdata, 4028K rodata,484Kinit, 184K bss, 50388K reserved, 0K cma-reserved)
[    0.000000] SLUB: HWalign=64, Order=0-3, MinObjects=0, CPUs=2, Nodes=1
[    0.000000] Kernel/User page tables isolation: enabled
[    0.000000] Hierarchical RCU implementation.
[    0.000000] 	Build-time adjustment of leaf fanout to 64.
[    0.000000] 	RCU restricting CPUs from NR_CPUS=512 to nr_cpu_ids=2.
[    0.000000] RCU: Adjusting geometry for rcu_fanout_leaf=64, nr_cpu_ids=2
[    0.000000] NR_IRQS:33024 nr_irqs:440 16
[    0.000000] Console: colour VGA+ 80x25
[    0.000000] console [tty1] enabled
[    0.000000] console [ttyS0] enabled

[    0.000000] tsc: Detected 2992.498 MHz processor
[    1.846968] Calibrating delay loop (skipped) preset value.. 5984.99 BogoMIPS (lpj=11969992)
[    1.902792] pid_max: default: 32768 minimum: 301
[    1.904361] ACPI: Core revision 20150930
[    1.907043] ACPI: 2 ACPI AML tables successfully acquired and loaded
[    1.909204] Security Framework initialized
[    1.910633] Yama: becoming mindful.
[    1.911993] AppArmor: AppArmor initialized
[    1.939729] Dentry cache hash table entries: 131072 (order: 8, 1048576 bytes)
[    1.991347] Inode-cache hash table entries: 65536 (order: 7, 524288 bytes)
[    1.993632] Mount-cache hash table entries: 2048 (order: 2, 16384 bytes)
[    1.995599] Mountpoint-cache hash table entries: 2048 (order: 2, 16384 bytes)
[    1.998476] Initializing cgroup subsys io
[    1.999866] Initializing cgroup subsys memory
[    2.005372] Initializing cgroup subsys devices
[    2.006864] Initializing cgroup subsys freezer
[    2.008357] Initializing cgroup subsys net_cls
[    2.077511] Initializing cgroup subsys perf_event
[    2.165493] Initializing cgroup subsys net_prio
[    2.174544] Initializing cgroup subsys hugetlb
[    2.176030] Initializing cgroup subsys pids
[    2.177576] mce: CPU supports 0 MCE banks
[    2.179023] Last level iTLB entries: 4KB 128, 2MB 4, 4MB 4
[    2.180741] Last level dTLB entries: 4KB 256, 2MB 0, 4MB 32, 1GB 0
[    2.182594] Spectre V2 : Mitigation: Full generic retpoline
[    2.184359] Spectre V2 : Spectre v2 / SpectreRSB mitigation: Filling RSB on context switch
[    2.187119] Speculative Store Bypass: Vulnerable
[    2.189559] MDS: Vulnerable: Clear CPU buffers attempted, no microcode
[    2.195065] Freeing SMP alternatives memory: 36K
[    2.204266] ftrace: allocating 32299 entries in 127 pages
[    2.374222] smpboot: APIC(0) Converting physical 0 to logical package 0
[    2.497844] smpboot: Max logical packages: 1
[    2.577754] x2apic enabled
[    2.579405] Switched APIC routing to physical x2apic.
[    2.583425] ..TIMER: vector=0x30 apic1=0 pin1=2 apic2=-1 pin2=-1
[    2.688274] smpboot: CPU0: Intel(R) Core(TM)2 Duo CPU     E8400  @ 3.00GHz (family: 0x6, model: 0x17, stepping: 0xa)
[    2.741983] Performance Events: unsupported p6 CPU model 23 no PMU driver, software events only.
[    2.843566] KVM setup paravirtual spinlock
[    2.846579] x86: Booting SMP configuration:
[    2.847998] .... node  #0, CPUs:      #1
[    2.875776] kvm-clock: cpu 1, msr 0:3ffe3041, secondary cpu clock
[    2.891859] mce: CPU supports 0 MCE banks
[    2.895049] x86: Booted up 1 node, 2 CPUs
[    2.904423] smpboot: Total of 2 processors activated (11969.99 BogoMIPS)
[    2.907192] devtmpfs: initialized
[    2.953458] evm: security.selinux
[    2.991246] evm: security.SMACK64
[    3.045127] evm: security.SMACK64EXEC
[    3.081565] evm: security.SMACK64TRANSMUTE
[    3.126221] evm: security.SMACK64MMAP
[    3.169175] evm: security.ima
[    3.207801] evm: security.capability
[    3.209373] clocksource: jiffies: mask: 0xffffffff max_cycles: 0xffffffff, max_idle_ns: 7645041785100000 ns
[    3.233711] futex hash table entries: 512 (order: 3, 32768 bytes)
[    3.235741] pinctrl core: initialized pinctrl subsystem
[    3.260771] RTC time: 15:42:56, date: 08/23/19
[    3.319107] NET: Registered protocol family 16
[    3.332656] cpuidle: using governor ladder
[    3.344561] cpuidle: using governor menu
[    3.346004] PCCT header not found.
[    3.347318] ACPI: bus type PCI registered
[    3.348733] acpiphp: ACPI Hot Plug PCI Controller Driver version: 0.5
[    3.350771] PCI: Using configuration type 1 for base access
[    3.365453] ACPI: Added _OSI(Module Device)
[    3.395926] ACPI: Added _OSI(Processor Device)
[    3.397413] ACPI: Added _OSI(3.0 _SCP Extensions)
[    3.427647] ACPI: Added _OSI(Processor Aggregator Device)
[    3.495303] ACPI: Executed 1 blocks of module-level executable AML code
[    3.525881] ACPI: Interpreter enabled
[    3.527221] ACPI: (supports S0 S5)
[    3.528490] ACPI: Using IOAPIC for interrupt routing
[    3.530290] PCI: Using host bridge windows from ACPI; if necessary, use "pci=nocrs" and report a bug
[    3.537796] ACPI: PCI Root Bridge [PCI0] (domain 0000 [bus 00-ff])
[    3.553705] acpi PNP0A03:00: _OSC: OS supports [ASPM ClockPM Segments MSI]
[    3.655454] acpi PNP0A03:00: _OSC: not requesting OS control; OS requires [ExtendedConfig ASPM ClockPM MSI]
[    3.658540] acpi PNP0A03:00: fail to add MMCONFIG information, can't access extended PCI configuration space under this bridge.
[    3.721355] PCI host bridge to bus 0000:00
[    3.765492] pci_bus 0000:00: root bus resource [io  0x0000-0x0cf7 window]
[    3.835813] pci_bus 0000:00: root bus resource [io  0x0d00-0xffff window]
[    3.837800] pci_bus 0000:00: root bus resource [mem 0x000a0000-0x000bffff window]
[    3.873220] pci_bus 0000:00: root bus resource [mem 0x40000000-0xfdffffff window]
[    3.897877] pci_bus 0000:00: root bus resource [bus 00-ff]
[    3.922767] pci 0000:00:01.1: legacy IDE quirk: reg 0x10: [io  0x01f0-0x01f7]
[    3.924822] pci 0000:00:01.1: legacy IDE quirk: reg 0x14: [io  0x03f6]
[    3.926750] pci 0000:00:01.1: legacy IDE quirk: reg 0x18: [io  0x0170-0x0177]
[    3.928798] pci 0000:00:01.1: legacy IDE quirk: reg 0x1c: [io  0x0376]
[    3.962164] pci 0000:00:07.0: quirk: [io  0x4000-0x403f] claimed by PIIX4 ACPI
[    3.972840] pci 0000:00:07.0: quirk: [io  0x4100-0x410f] claimed by PIIX4 SMB
[    3.983252] ACPI: PCI Interrupt Link [LNKA] (IRQs 5 9 10 *11)
[    3.987765] ACPI: PCI Interrupt Link [LNKB] (IRQs 5 9 *10 11)
[    3.999275] ACPI: PCI Interrupt Link [LNKC] (IRQs 5 *9 10 11)
[    4.001685] ACPI: PCI Interrupt Link [LNKD] (IRQs 5 9 10 *11)
[    4.005295] ACPI: Enabled 2 GPEs in block 00 to 07
[    4.032853] vgaarb: setting as boot device: PCI:0000:00:02.0
[    4.092048] vgaarb: device added: PCI:0000:00:02.0,decodes=io+mem,owns=io+mem,locks=none
[    4.094822] vgaarb: loaded
[    4.095933] vgaarb: bridge control possible 0000:00:02.0
[    4.113119] SCSI subsystem initialized
[    4.114973] ACPI: bus type USB registered
[    4.116436] usbcore: registered new interface driver usbfs
[    4.118193] usbcore: registered new interface driver hub
[    4.119885] usbcore: registered new device driver usb
[    4.122005] PCI: Using ACPI for IRQ routing
[    4.124138] NetLabel: Initializing
[    4.125423] NetLabel:  domain hash size = 128
[    4.147783] NetLabel:  protocols = UNLABELED CIPSOv4
[    4.149433] NetLabel:  unlabeled traffic allowed by default
[    4.196195] amd_nb: Cannot enumerate AMD northbridges
[    4.197955] clocksource: Switched to clocksource kvm-clock
[    4.238974] AppArmor: AppArmor Filesystem Enabled
[    4.409620] pnp: PnP ACPI init
[    4.530455] pnp: PnP ACPI: found 3 devices
[    4.543590] clocksource: acpi_pm: mask: 0xffffff max_cycles: 0xffffff, max_idle_ns: 2085701024 ns
[    4.546622] NET: Registered protocol family 2
[    4.548646] TCP established hash table entries: 8192 (order: 4, 65536 bytes)
[    4.550844] TCP bind hash table entries: 8192 (order: 5, 131072 bytes)
[    4.552880] TCP: Hash tables configured (established 8192 bind 8192)
[    4.554909] UDP hash table entries: 512 (order: 2, 16384 bytes)
[    4.556795] UDP-Lite hash table entries: 512 (order: 2, 16384 bytes)
[    4.558837] NET: Registered protocol family 1
[    4.560397] pci 0000:00:00.0: Limiting direct PCI/PCI transfers
[    4.562275] pci 0000:00:01.0: Activating ISA DMA hang workarounds
[    4.564442] Upacking initramfs...
[  4.844308] Freeing initrd memory: 14828K
[    4.904274] clocksource: tsc: mask: 0xffffffffffffffff max_cycles: 0x2b2296bc2b9, max_idle_ns: 440795321505 ns
[    4.907440] platform rtc_cmos: registered platform RTC device (no PNP device found)
[    4.910147] Scanning for low memory corruption every 60 seconds

[    4.912969] audit: initializing netlink subsys (disabled)
[    4.914732] audit: type=2000 audit(1566574980.810:1): initialized
[    4.916942] Initialise system trusted keyring
[    4.918630] HugeTLB registered 2 MB page size, pre-allocated 0 pages
[    4.922406] zbud: loaded
[    4.931315] VFS: Disk quoas dquot_6.6.0
[    5.049339] VFS: Dquot-cache hash table entries: 512 (order 0, 4096 bytes)
[    5.051683] squashfs: version 4.0 (2009/01/31) Phillip Lougher

[    5.053925] fuse init (API version 7.23)
[    5.055627] Key type big_key registered
[    5.057071] Allocating IMA MOK and blacklist keyrings.
[    5.060240] Key type asymmetric registered
[    5.061762] Asymmetric key parser 'x509' registered
[    5.076553] Block layer SCSI generic (bsg) driver version 0.4 loaded (major 249)
[    5.079393] io scheduler noop registered
[    5.080839] io scheduler deadline registered (default)
[    5.082629] io scheduler cfq registered
[    5.084192] pci_hotplug: PCI Hot Plug PCI Core version: 0.5
[    5.087098] pciehp: PCI Express Hot Plug Controller Driver version: 0.4
[    5.154020] ACPI: AC Adapter [AC] (on-line)
[    5.228730] input: Power Button as /devices/LNXSYSTM:00/LNXPWRBN:00/input/input0
[    5.290783] ACPI: Power Button [PWRF]
[    5.292256] input: Sleep Button as /devices/LNXSYSTM:00/LNXSLPBN:00/input/input1
[    5.294990] ACPI: Sleep Button [SLPF]
[    5.296673] GHES: HEST is not enabled!
[    5.360300] Serial: 8250/16550 driver, 32 ports, IRQ sharing enabled
[    5.385185] 00:02: ttyS0 at I/O 0x3f8 (irq = 4, base_baud = 115200) is a 16550A
[    5.391737] Linux agpgart interface v0.103
[    5.396177] loop: module loaded
[    5.398385] scsi host0: ata_piix
[    5.399875] scsi host1: ata_piix
[    5.401175] ata1: PATA max UDMA/33 cmd 0x1f0 ctl 0x3f6 bmdma 0xd000 irq 14
[    5.403228] ata2: PATA max UDMA/33 cmd 0x170 ctl 0x376 bmdma 0xd008 irq 15
[    5.405364] libphy: Fixed MDIO Bus: probed
[    5.409978] tun: Universal TUN/TAP device driver, 1.6
[    5.411615] tun: (C) 1999-2004 Max Krasnyansky <maxk@qualcomm.com>
[    5.413522] PPP generic driver version 2.4.2
[    5.415119] ehci_hcd: USB 2.0 'Enhanced' Host Controller (EHCI) Driver
[    5.417076] ehci-pci: EHCI PCI platform driver
[    5.429662] ehci-platform: EHCI generic platform driver
[    5.431416] ohci_hcd: USB 1.1 'Open' Host Controller (OHCI) Driver
[    5.433318] ohci-pci: OHCI PCI platform driver
[    5.434888] ohci-platform: OHCI generic platform driver
[    5.440202] uhci_hcd: USB Universal Host Controller Interface driver
[    5.442229] i8042: PNP: PS/2 Controller [PNP0303:PS2K,PNP0f03:PS2M] at 0x60,0x64 irq 1,12
[    5.445787] serio: i8042 KBD port at 0x60,0x64 irq 1
[    5.447469] serio: i8042 AUX port at 0x60,0x64 irq 12
[    5.449305] mousedev: PS/2 mouse device common for all mice
[    5.451908] input: AT Translated Set 2 keyboard as /devices/platform/i8042/serio0/input/input2
[    5.454907] rtc_cmos rtc_cmos: rtc core: registered rtc_cmos as rtc0
[    5.650635] rtc_cmos rtc_cmos: alarms up to one day, 114 bytes nvram
[    5.652596] i2c /dev entries driver
[    5.653992] device-mapper: uevent: version 1.0.3
[    5.655784] device-mapper: ioctl: 4.34.0-ioctl (2015-10-28) initialised: dm-devel@redhat.com
[    5.658681] ledtrig-cpu: registered to indicate activity on CPUs
[    5.661195] NET: Registered protocol family 10
[    5.663161] NET: Registered protocol family 17
[    5.664677] Key type dns_resolver registered
[    5.666486] registered taskstats version 1
[    5.720040] Loading compiled-in X.509 certificates
[    5.722741] Loaded X.509 cert 'Build time autogenerated kernel key: 65139e04a67245b562a838c28b5e7032abdd4348'
[    5.726022] zswap: loaded using pool lzo/zbud
[    5.739934] Key type trusted registered
[    5.795816] Key type encrypted registered
[    5.809632] AppArmor: AppArmor sha1 policy hashing enabled
[    5.811545] ima: No TPM chip found, activating TPM-bypass!
[    5.813360] ima: Allocated hash algorithm: sha1
[    5.815021] evm: HMAC attrs: 0x1
[    5.816690]   Magic number: 15:17:741
[    5.818128] workqueue writeback: hash matches
[    5.819792] rtc_cmos rtc_cmos: setting system clock to 2019-08-23 15:42:58 UTC (1566574978)
[    5.822919] BIOS EDD facility v0.16 2004-Jun-25, 0 devices found
[    5.824829] EDD information not available.
[    5.831926] Freeing unused kernel memory: 1484K
[    5.842006] Write protecting the kernel read-only data: 14336k
[    5.857691] Freeing unused kernel memory: 1616K
[    5.859640] Freeing unused kernel memory: 68K
Loading, please wait...
starting version 229
[    6.003668] random: systemd-udevd: uninitialized urandom read (16 bytes read, 2 bits of entropy available)
[    6.010437] random: systemd-udevd: uninitialized urandom read (16 bytes read, 2 bits of entropy available)
[    6.013732] random: udevadm: uninitialized urandom read (16 bytes read, 2 bits of entropy available)
[    6.013845] random: udevadm: uninitialized urandom read (16 bytes read, 2 bits of entropy available)
[    6.025140] random: systemd-udevd: uninitialized urandom read (16 bytes read, 2 bits of entropy available)
[    6.030296] random: systemd-udevd: uninitialized urandom read (16 bytes read, 2 bits of entropy available)
[    6.064499] random: systemd-udevd: uninitialized urandom read (16 bytes read, 2 bits of entropy available)
[    6.069813] random: systemd-udevd: uninitialized urandom read (16 bytes read, 2 bits of entropy available)
[    6.075156] random: systemd-udevd: uninitialized urandom read (16 bytes read, 2 bits of entropy available)
[    6.086579] random: systemd-udevd: uninitialized urandom read (16 bytes read, 2 bits of entropy available)
[    6.410467] Fusion MPT base driver 3.04.20
[    6.412673] Copyright (c) 1999-2008 LSI Corporation
[    6.416327] e1000: Intel(R) PRO/1000 Network Driver - version 7.3.21-k8-NAPI
[    6.421265] e1000: Copyright (c) 1999-2006 Intel Corporation.
[    6.472729] Fusion MPT SPI Host driver 3.04.20
[    6.654278] input: ImExPS/2 Generic Explorer Mouse as /devices/platform/i8042/serio1/input/input4
[    7.109485] e1000 0000:00:03.0 eth0: (PCI:33MHz:32-bit) 02:1e:e5:6d:71:21
[    7.112590] e1000 0000:00:03.0 eth0: Intel(R) PRO/1000 Network Connection
[    7.115540] mptbase: ioc0: Initiating bringup
[    7.119886] e1000 0000:00:03.0 enp0s3: renamed from eth0
[    7.178703] ioc0: LSI53C1030 A0: Capabilities={Initiator}
[    7.339745] scsi host2: ioc0: LSI53C1030 A0, FwRev=00000000h, Ports=1, MaxQ=256, IRQ=20
[    7.487280] scsi 2:0:0:0: Direct-Access     VBOX     HARDDISK         1.0  PQ: 0 ANSI: 5
[    7.975498] scsi target2:0:0: Beginning Domain Validation
[    7.978181] scsi target2:0:0: Domain Validation skipping write tests
[    7.980069] scsi target2:0:0: Ending Domain Validation
[    7.981753] scsi target2:0:0: asynchronous
[    8.047356] scsi 2:0:1:0: Direct-Access     VBOX     HARDDISK         1.0  PQ: 0 ANSI: 5
[    8.050264] scsi target2:0:1: Beginning Domain Validation
[    8.053007] scsi target2:0:1: Domain Validation skipping write tests
[    8.059057] scsi target2:0:1: Ending Domain Validation
[    8.060823] scsi target2:0:1: asynchronous
[    8.070649] sd 2:0:0:0: [sda] 20971520 512-byte logical blocks: (10.7 GB/10.0 GiB)
[    8.070677] sd 2:0:0:0: Attached scsi generic sg0 type 0
[    8.072343] sd 2:0:1:0: [sdb] 20480 512-byte logical blocks: (10.5 MB/10.0 MiB)
[    8.072582] sd 2:0:1:0: [sdb] Write Protect is off
[    8.072773] sd 2:0:1:0: [sdb] Incomplete mode parameter data
[    8.072775] sd 2:0:1:0: [sdb] Assuming drive cache: write through
[    8.075844] sd 2:0:1:0: Attached scsi generic sg1 type 0
[    8.105419] sd 2:0:1:0: [sdb] Attached SCSI disk
[    8.136286] sd 2:0:0:0: [sda] Write Protect is off
[    8.138266] sd 2:0:0:0: [sda] Incomplete mode parameter data
[    8.140124] sd 2:0:0:0: [sda] Assuming drive cache: write through
[    8.143715]  sda: sda1
[    8.145646] sd 2:0:0:0: [sda] Attached SCSI disk
Begin: Loading essential drivers ... [   10.527577] md: linear personality registered for level -1
[   10.557480] md: multipath personality registered for level -4
[   10.582117] md: raid0 personality registered for level 0
[   10.649832] md: raid1 personality registered for level 1
[   10.782142] raid6: sse2x1   gen()  2908 MB/s
[   10.878646] raid6: sse2x1   xor()  3808 MB/s
[   11.118616] raid6: sse2x2   gen()  7205 MB/s
[   11.198622] raid6: sse2x2   xor()  6304 MB/s
[   11.278614] raid6: sse2x4   gen()  9062 MB/s
[   11.358618] raid6: sse2x4   xor()  7317 MB/s
[   11.360134] raid6: using algorithm sse2x4 gen() 9062 MB/s
[   11.362468] raid6: .... xor() 7317 MB/s, rmw enabled
[   11.364292] raid6: using ssse3x2 recovery algorithm
[   11.370990] xor: measuring software checksum speed
[   11.413970]    prefetch64-sse: 11797.000 MB/sec
[   11.453969]    generic_sse: 10449.000 MB/sec
[   11.455448] xor: using function: prefetch64-sse (11797.000 MB/sec)
[   11.464659] async_tx: api initialized (async)
[   11.514263] md: raid6 personality registered for level 6
[   11.517394] md: raid5 personality registered for level 5
[   11.520412] md: raid4 personality registered for level 4
[   11.600141] md: raid10 personality registered for level 10
done.
Begin: Running /scripts/init-premount ... done.
Begin: Mounting root file system ... Begin: Running /scripts/local-top ... done.
Begin: Running /scripts/local-premount ... [   11.766844] Btrfs loaded
Scanning for Btrfs filesystems
done.
Warning: fsck not present, so skipping root file system
[   12.058460] EXT4-fs (sda1): mounted filesystem with ordered data mode. Opts: (null)
done.
Begin: Running /scripts/local-bottom ... done.
Begin: Running /scripts/init-bottom ... done.
[   12.910576] systemd[1]: systemd 229 running in system mode. (+PAM +AUDIT +SELINUX +IMA +APPARMOR +SMACK +SYSVINIT +UTMP +LIBCRYPTSETUP +GCRYPT +GNUTLS +ACL +XZ -LZ4 +SECCOMP +BLKID +ELFUTILS +KMOD -IDN)
[   12.936591] systemd[1]: Detected virtualization oracle.
[   12.938342] systemd[1]: Detected architecture x86-64.

Welcome to [1mUbuntu 16.04.6 LTS[0m!

[   13.071520] systemd[1]: Set hostname to <ubuntu>.
[   13.086241] systemd[1]: Initializing machine ID from random generator.
[   13.088311] systemd[1]: Installed transient /etc/machine-id file.
[   13.185652] random: nonblocking pool is initialized
[  14.295856] systemd[1]: Listening on Device-mapper event daemon FIFOs.
[[0;32m  OK  [0m] Listening on Device-mapper event daemon FIFOs.
[   14.331672] systemd[1]: Created slice System Slice.
[[0;32m  OK  [0m] Created slice System Slice.
[   14.515319] systemd[1]: Started Trigger resolvconf update for networkd DNS.
[[0;32m  OK  [0m] Started Trigger resolvconf update for networkd DNS.
[   14.521369] systemd[1]: Listening on LVM2 poll daemon socket.
[[0;32m  OK  [0m] Listening on LVM2 poll daemon socket.
[   14.525290] systemd[1]: Listening on Journal Socket.
[[0;32m  OK  [0m] Listening on Journal Socket.
[   14.543130] systemd[1]: Starting Create list of required static device nodes for the current kernel...
         Starting Create list of required st... nodes for the current kernel...
[   14.557448] systemd[1]: Starting Uncomplicated firewall...
         Starting Uncomplicated firewall...
[   14.570190] systemd[1]: Mounting Debug File System...
         Mounting Debug File System...
[   14.583295] systemd[1]: Mounting Huge Pages File System...
         Mounting Huge Pages File System...
[   14.596925] systemd[1]: Started Forward Password Requests to Wall Directory Watch.
[[0;32m  OK  [0m] Started Forward Password Requests to Wall Directory Watch.
[   14.606588] systemd[1]: Reached target System Time Synchronized.
[[0;32m  OK  [0m] Reached target System Time Synchronized.
[   14.632911] systemd[1]: Created slice system-serial\x2dgetty.slice.
[[0;32m  OK  [0m] Created slice system-serial\x2dgetty.slice.
[   14.643708] systemd[1]: Listening on Syslog Socket.
[[0;32m  OK  [0m] Listening on Syslog Socket.
[   14.658374] systemd[1]: Listening on LVM2 metadata daemon socket.
[[0;32m  OK  [0m] Listening on LVM2 metadata daemon socket.
[   14.697428] systemd[1]: Starting Remount Root and Kernel File Systems...
         Starting Remount Root and Kernel File Systems...
[   14.707930] systemd[1]: Set up automount Arbitrary Executable File Formats File System Automount Point.
[[0;32m  OK  [0m] Set up automount Arbitrary Executab...ats File System Automount Point.
[   14.733214] EXT4-fs (sda1): re-mounted. Opts: (null)
[   14.749823] systemd[1]: Listening on Journal Audit Socket.
[[0;32m  OK  [0m] Listening on Journal Audit Socket.
[   14.765276] systemd[1]: Listening on udev Control Socket.
[[0;32m  OK  [0m] Listening on udev Control Socket.
[   14.786495] systemd[1]: Mounting POSIX Message Queue File System...
         Mounting POSIX Message Queue File System...
[   14.814263] systemd[1]: Starting Set console keymap...
         Starting Set console keymap...
[   14.823645] systemd[1]: Reached target Encrypted Volumes.
[[0;32m  OK  [0m] Reached target Encrypted Volumes.
[   14.853935] systemd[1]: Starting Load Kernel Modules...
         Starting Load Kernel Modules...
[   14.864892] systemd[1]: Reached target User and Group Name Lookups.
[[0;32m  OK  [0m] Reached target User and Group Name Lookups.
[   14.894922] systemd[1]: Starting Nameserver information manager...
         Starting Nameserver information manager...
[   14.903042] systemd[1]: Listening on /dev/initctl Compatibility Named Pipe.
[[0;32m  OK  [0m] Listening on /dev/initctl Compatibility Named Pipe.
[   14.927918] systemd[1]: Created slice User and Session Slice.
[[0;32m  OK  [0m] Created slice User and Session Slice.
[   14.938783] systemd[1]: Reached target Slices.
[[0;32m  OK  [0m] Reached target Slices.
[   14.943572] systemd[1]: Reached target Swap.
[[0;32m  OK  [0m] Reached target Swap.
[   14.947293] systemd[1]: Listening on udev Kernel Socket.
[[0;32m  OK  [0m] Listening on udev Kernel Socket.
[   14.960663] systemd[1]: Listening on Journal Socket (/dev/log).
[[0;32m  OK  [0m] Listening on Journal Socket (/dev/log).
[   14.982552] Loading iSCSI transport class v2.0-870.
[   15.008900] systemd[1]: Starting Journal Service...
         Starting Journal Service...
[   15.016002] iscsi: registered transport (tcp)
[   15.036614] systemd[1]: Starting Monitoring of LVM2 mirrors, snapshots etc. using dmeventd or progress polling...
         Starting Monitoring of LVM2 mirrors... dmeventd or progress polling...
[   15.064215] systemd[1]: Mounted POSIX Message Queue File System.
[[0;32m  OK  [0m] Mounted POSIX Message Queue File System.
[   15.078447] systemd[1]: Mounted Huge Pages File System.
[[0;32m  OK  [0m] Mounted Huge Pages File System.
[   15.093028] systemd[1]: Mounted Debug File System.
[[0;32m  OK  [0m] Mounted Debug File System.
[   15.102477] systemd[1]: Started Create list of required static device nodes for the current kernel.
[[0;32m  OK  [0m] Started Create list of required sta...ce nodes for the current kernel.
[   15.118915] systemd[1]: Started Uncomplicated firewall.
[[0;32m  OK  [0m] Started Uncomplicated firewall.
[   15.139301] systemd[1]: Started Remount Root and Kernel File Systems.
[[0;32m  OK  [0m] Started Remount Root and Kernel File Systems.
[   15.307261] systemd[1]: Started Nameserver information manager.
[[0;32m  OK  [0m] Started Nameserver information manager.
[   15.484646] iscsi: registered transport (iser)
[   15.504001] systemd[1]: Started LVM2 metadata daemon.
[[0;32m  OK  [0m] Started LVM2 metadata daemon.
[   15.615731] systemd[1]: Starting udev Coldplug all Devices...
         Starting udev Coldplug all Devices...
[   15.643477] systemd[1]: Starting Load/Save Random Seed...
         Starting Load/Save Random Seed...
[   15.659518] systemd[1]: Starting Create Static Device Nodes in /dev...
         Starting Create Static Device Nodes in /dev...
[   15.695473] systemd[1]: Started Journal Service.
[[0;32m  OK  [0m] Started Journal Service.
[[0;32m  OK  [0m] Started Load Kernel Modules.
[[0;32m  OK  [0m] Started Set console keymap.
         Starting Apply Kernel Variables...
         Mounting FUSE Control File System...
         Starting Flush Journal to Persistent Storage...
[[0;32m  OK  [0m] Started Load/Save Random Seed.
[[0;32m  OK  [0m] Mounted FUSE Control File System.
[   16.122299] systemd-journald[382]: Received request to flush runtime journal from PID 1
[[0;32m  OK  [0m] Started Apply Kernel Variables.
[[0;32m  OK  [0m] Started Flush Journal to Persistent Storage.
[[0;32m  OK  [0m] Started Monitoring of LVM2 mirrors,...ng dmeventd or progress polling.
[[0;32m  OK  [0m] Started Create Static Device Nodes in /dev.
         Starting udev Kernel Device Manager...
[[0;32m  OK  [0m] Reached target Local File Systems (Pre).
[[0;32m  OK  [0m] Reached target Local File Systems.
         Starting Set console font and keymap...
         Starting Tell Plymouth To Write Out Runtime Data...
         Starting Commit a transient machine-id on disk...
         Starting LSB: AppArmor initialization...
         Starting Initial cloud-init job (pre-networking)...
         Starting Create Volatile Files and Directories...
[[0;32m  OK  [0m] Started udev Coldplug all Devices.
[[0;32m  OK  [0m] Started Tell Plymouth To Write Out Runtime Data.
[[0;32m  OK  [0m] Started Commit a transient machine-id on disk.
[[0;32m  OK  [0m] Started udev Kernel Device Manager.
[[0;32m  OK  [0m] Started Dispatch Password Requests to Console Directory Watch.
[[0;32m  OK  [0m] Started Create Volatile Files and Directories.
         Starting Update UTMP about System Boot/Shutdown...
[[0;32m  OK  [0m] Started Update UTMP about System Boot/Shutdown.
[[0;32m  OK  [0m] Found device /dev/ttyS0.
[[0;32m  OK  [0m] Listening on Load/Save RF Kill Switch Status /dev/rfkill Watch.
[[0;32m  OK  [0m] Started LSB: AppArmor initialization.
[   20.065517] cloud-init[463]: Cloud-init v. 19.1-1-gbaa47854-0ubuntu1~16.04.1 running 'init-local' at Fri, 23 Aug 2019 15:43:14 +0000. Up 18.19 seconds.
[[0;32m  OK  [0m] Started Set console font and keymap.
[[0;32m  OK  [0m] Created slice system-getty.slice.
[[0;32m  OK  [0m] Started Initial cloud-init job (pre-networking).
[[0;32m  OK  [0m] Reached target Network (Pre).
         Starting Raise network interfaces...
[[0;32m  OK  [0m] Started Raise network interfaces.
         Starting Initial cloud-init job (metadata service crawler)...
[[0;32m  OK  [0m] Reached target Network.
[   26.551108] cloud-init[942]: Cloud-init v. 19.1-1-gbaa47854-0ubuntu1~16.04.1 running 'init' at Fri, 23 Aug 2019 15:43:19 +0000. Up 23.19 seconds.
[   26.637117] cloud-init[942]: ci-info: ++++++++++++++++++++++++++++++++++++++Net device info++++++++++++++++++++++++++++++++++++++
[   26.697031] cloud-init[942]: ci-info: +--------+------+----------------------------+---------------+--------+-------------------+
[   26.700527] cloud-init[942]: ci-info: | Device |  Up  |          Address           |      Mask     | Scope  |     Hw-Address    |
[   26.711891] cloud-init[942]: ci-info: +--------+------+----------------------------+---------------+--------+-------------------+
[   26.732582] cloud-init[942]: ci-info: | enp0s3 | True |         10.0.2.15          | 255.255.255.0 | global | 02:1e:e5:6d:71:21 |
[   26.740743] cloud-init[942]: ci-info: | enp0s3 | True | fe80::1e:e5ff:fe6d:7121/64 |       .       |  link  | 02:1e:e5:6d:71:21 |
[[0;32m  OK  [0m] Started Initial cloud-init job (metadata service crawler).
[[0;32m  OK  [0m] Reached target System Initialization.
[   26.823653] cloud-init[942]: ci-info: |   lo   | True |         127.0.0.1          |   255.0.0.0   |  host  |         .         |[[0;32m  OK  [0m] Started ACPI Events Check.
[[0;32m  OK  [0m] Reached target Paths.
         Starting Socket activation for snappy daemon.
[[0;32m  OK  [0m] Listening on D-Bus System Message Bus Socket.
[[0;32m  OK  [0m] Listening on UUID daemon activation socket.

[   26.944861] cloud-init[942]: ci-info: |   lo   | True |          ::1/128           |       .       |  host  |         .         |
[   27.064602] cloud-init[942]: ci-info: +--------+------+----------------------------+---------------+--------+-------------------+
[   27.204603] cloud-init[942]: ci-info: +++++++++++++++++++++++++++Route IPv4 info++++++++++++++++++++++++++++
[   27.273145] cloud-init[942]: ci-info: +-------+-------------+----------+---------------+-----------+-------+
[   27.361339] cloud-init[942]: ci-info: | Route | Destination | Gateway  |    Genmask    | Interface | Flags |
         Starting LXD - unix socket.
[[0;32m  OK  [0m] [   27.406105] cloud-init[942]: ci-info: +-------+-------------+----------+---------------+-----------+-------+
[   27.425233] cloud-init[942]: ci-info: |   0   |   0.0.0.0   | 10.0.2.2 |    0.0.0.0    |   enp0s3  |   UG  |
[   27.425459] cloud-init[942]: ci-info: |   1   |   10.0.2.0  | 0.0.0.0  | 255.255.255.0 |   enp0s3  |   U   |
[   27.425685] cloud-init[942]: ci-info: +-------+-------------+----------+---------------+-----------+-------+
[   27.425906] cloud-init[942]: ci-info: +++++++++++++++++++Route IPv6 info+++++++++++++++++++
[   27.426129] cloud-init[942]: ci-info: +-------+-------------+---------+-----------+-------+
[   27.426450] cloud-init[942]: ci-info: | Route | Destination | Gateway | Interface | Flags |
[   27.426711] cloud-init[942]: ci-info: +-------+-------------+---------+-----------+-------+
[   27.426938] cloud-init[942]: ci-info: |   0   |  fe80::/64  |    ::   |   enp0s3  |   U   |
[   27.427158] cloud-init[942]: ci-info: |   4   |   ff00::/8  |    ::   |   enp0s3  |   U   |
[   27.427378] cloud-init[942]: ci-info: +-------+-------------+---------+-----------+-------+
[   27.427744] cloud-init[942]: Generating public/private rsa key pair.
[   27.427966] cloud-init[942]: Your identification has been saved in /etc/ssh/ssh_host_rsa_key.
Started Daily apt download activities.
[[0;32m  OK  [0m] Started Daily apt upgrade and clean activities.
[[0;32m  OK  [0m] Started Daily Cleanup of Temporary Directories.
[[0;32m  OK  [0m] Reached target Timers.
[[0;32m  OK  [0m] Listening on ACPID Listen Socket.
[[0;32m  OK  [0m] Reached target Cloud-config availability.
[[0;32m  OK  [0m] Reached target Network is Online.
[   27.428222] cloud-init[942]: Your public key has been saved in /etc/ssh/ssh_host_rsa_key.pub.
[   27.650487] cloud-init[942]: The key fingerprint is:
         Starting iSCSI initiator daemon (iscsid)...
[   27.652065] cloud-init[942]: SHA256:6cREaYnWWXg8q+R74iqU9NhXEWDB3M7xtIFzwomPit8 root@ubuntu-xenial
[   27.680648] cloud-init[942]: The key's randomart image is:
[[0;32m  OK  [0m] Listening on Socket activation for snappy daemon.
[   27.690041] cloud-init[942]: +---[RSA 2048]----+
[   27.760364] [cloud-init[0;32m  OK  [0m[942]: ] |       ==&o+     |Listening on LXD - unix socket.

[   27.761193] cloud-init[942]: |      oo@ & +    |
[   27.907808] cloud-init[942]: |     . ..* @ o   |
[   27.912073] cloud-init[942]: |    .  oo.* o    |
[   27.922223] cloud-init[942]: |   . * +So       |
[   27.933294] cloud-init[942]: |    = +o+        |
[   27.963922] cloud-init[942]: |   . . o..       |
[   27.966947] cloud-init[942]: |    . . E .      |
[   27.987557] cloud-init[942]: |     ..o.o       |
[   27.990065] cloud-init[942]: +----[SHA256]-----+
[   27.994942] cloud-init[942]: Generating public/private dsa key pair.
[   27.995429] cloud-init[942]: Your identification has been saved in /etc/ssh/ssh_host_dsa_key.
[   27.995660] cloud-init[942]: Your public key has been saved in /etc/ssh/ssh_host_dsa_key.pub.
[   27.995891] cloud-init[942]: The key fingerprint is:
[   27.996137] cloud-init[942]: SHA256:2ekllfVXWPJl0AJ3tVy73hCQWQ8sYRFMy/1bACnR75c root@ubuntu-xenial
[   27.996367] cloud-init[942]: The key's randomart image is:
[   27.996596] cloud-init[942]: +---[DSA 1024]----+
[   27.996877] cloud-init[942]: |          .=X@B=X|
[   27.997110] cloud-init[942]: |          .oBO=OB|
[   27.997347] cloud-init[942]: |           .=o+==|
[   27.997580] cloud-init[942]: |         o o  .+o|
[   27.997810] cloud-init[942]: |        S + ....+|
[   27.998047] cloud-init[942]: |         . o  oE=|
[   27.998277] cloud-init[942]: |          .    +.|
[   27.998548] cloud-init[942]: |                 |
[   27.998784] cloud-init[942]: |                 |
[   27.999013] cloud-init[942]: +----[SHA256]-----+
[   27.999251] cloud-init[942]: Generating public/private ecdsa key pair.
[   27.999481] cloud-init[942]: Your identification has been saved in /etc/ssh/ssh_host_ecdsa_key.
[   27.999711] cloud-init[942]: Your public key has been saved in /etc/ssh/ssh_host_ecdsa_key.pub.
[   27.999949] cloud-init[942]: The key fingerprint is:
[   28.000187] cloud-init[942]: SHA256:1O395jCbDZSMq4KL2dHhCON4X2KcwZejO66BL//ysVM root@ubuntu-xenial
[   28.000417] cloud-init[942]: The key's randomart image is:
[   28.000653] cloud-init[942]: +---[ECDSA 256]---+
[   28.000882] cloud-init[942]: |                 |
[   28.001114] cloud-init[942]: |         . .     |
[   28.001382] cloud-init[942]: |        . . .    |
[   28.001610] cloud-init[942]: |     . . . . + . |
[   28.001847] cloud-init[942]: |    o o S   o =  |
[   28.002075] cloud-init[942]: |   + + OEo   o . |
[   28.002304] cloud-init[942]: |  o + Xo+   . + o|
[   28.002537] cloud-init[942]: |  .o.B+B.  .   X |
[   28.002766] cloud-init[942]: |   o**X+ ..   o o|
[   28.003003] cloud-init[942]: +----[SHA256]-----+
[   28.003231] cloud-init[942]: Generating public/private ed25519 key pair.
[   28.003460] cloud-init[942]: Your identification has been saved in /etc/ssh/ssh_host_ed25519_key.
[   28.003698] cloud-init[942]: Your public key has been saved in /etc/ssh/ssh_host_ed25519_key.pub.
[   28.003937] cloud-init[942]: The key fingerprint is:
[[0;32m  OK  [0m] Reached target Sockets.
[   28.011759] [cloud-init[0;32m  OK  [0m[942]: ] SHA256:w3XxalFhFz9H+Qjv9BX9FpY4crtZM4ONPvHB6A0nfwE root@ubuntu-xenialReached target Basic System.

[   28.449748] cloud-init[942]: The key's randomart image is:
[[0;32m  OK  [0m] Started FUSE filesystem for LXC.
[   28.471924] cloud-init[942]: +--[ED25519 256]--+
[   28.491397] cloud-init[942]: |            . =oB|
[   28.495632] cloud-init[942]: |           ..E Oo|
[   28.499264] cloud-init[942]: |          . =o%oB|
[   28.505693] cloud-init[942]: |       . . . @+@B|
         Starting Virtualbox guest utils...
[   28.556155] cloud-init[942]: |        S   =o%oB|
[   28.585382] cloud-init[942]: |         . . *.+o|
[   28.623581]          Starting /etc/rc.local Compatibility...
cloud-init[942]: |              . .|
[   28.651003] cloud-init[942]: |                 |
         Starting Pollinate to seed the pseudo random number generator...
         Starting Accounts Service...
[   28.707353] cloud-init[942]: |                 |
[   28.725367] cloud-init[942]: +----[SHA256]-----+
         Starting System Logging Service...
[[0;32m  OK  [0m] Started Regular background program processing daemon.
         Starting Login Service...
         Starting LXD - container startup/shutdown...
[[0;32m  OK  [0m] Started Deferred execution scheduler.
         Starting Snappy daemon...
         Starting LSB: Record successful boot for GRUB...
[[0;32m  OK  [0m] Started ACPI event daemon.
[[0;32m  OK  [0m] Started D-Bus System Message Bus.
         Starting LSB: MD monitoring daemon...
[[0;32m  OK  [0m] Started System Logging Service.
[[0;32m  OK  [0m] Started iSCSI initiator daemon (iscsid).
[[0;32m  OK  [0m] Started /etc/rc.local Compatibility.
[[0;32m  OK  [0m] Started Login Service.
[[0;32m  OK  [0m] Started Unattended Upgrades Shutdown.
         Starting Authenticate and Authorize Users to Run Privileged Tasks...
         Starting Login to default iSCSI targets...
[[0;32m  OK  [0m] Started LSB: Record successful boot for GRUB.
[[0;32m  OK  [0m] Started LSB: MD monitoring daemon.
[[0;32m  OK  [0m] Started Login to default iSCSI targets.
[[0;32m  OK  [0m] Reached target Remote File Systems (Pre).
[[0;32m  OK  [0m] Reached target Remote File Systems.
         Starting Permit User Sessions...
         Starting LSB: automatic crash report generation...
         Starting LSB: daemon to balance interrupts for SMP systems...
         Starting LSB: Set the CPU Frequency Scaling governor to "ondemand"...
[[0;32m  OK  [0m] Started Permit User Sessions.
[[0;32m  OK  [0m] Started Authenticate and Authorize Users to Run Privileged Tasks.
[[0;32m  OK  [0m] Started Accounts Service.
         Starting Terminate Plymouth Boot Screen...
         Starting Hold until boot process finishes up...
[[0;32m  OK  [0m] Started LXD - container startup/shutdown.
[[0;32m  OK  [0m] Started Hold until boot process finishes up.
[[0;32m  OK  [0m] Started Terminate Plymouth Boot Screen.
[[0;32m  OK  [0m] Started Serial Getty on ttyS0.
[[0;32m  OK  [0m] Started Getty on tty1.
[[0;32m  OK  [0m] Reached target Login Prompts.
         Starting Set console scheme...
[[0;32m  OK  [0m] Started Virtualbox guest utils.
[[0;32m  OK  [0m] Started Set console scheme.
[[0;32m  OK  [0m] Started LSB: Set the CPU Frequency Scaling governor to "ondemand".
[[0;32m  OK  [0m] Started LSB: automatic crash report generation.
[[0;32m  OK  [0m] Started LSB: daemon to balance interrupts for SMP systems.
[[0;32m  OK  [0m] Started Snappy daemon.
         Starting Wait until snapd is fully seeded...
[[0;32m  OK  [0m] Started Pollinate to seed the pseudo random number generator.
         Starting OpenBSD Secure Shell server...
[[0;32m  OK  [0m] Started OpenBSD Secure Shell server.
[[0;32m  OK  [0m] Created slice User Slice of vagrant.
         Starting User Manager for UID 1000...
[[0;32m  OK  [0m] Started Session 1 of user vagrant.
[[0;32m  OK  [0m] Started User Manager for UID 1000.
[[0;32m  OK  [0m] Started Wait until snapd is fully seeded.
[[0;32m  OK  [0m] Reached target Multi-User System.
[[0;32m  OK  [0m] Reached target Graphical Interface.
         Starting Update UTMP about System Runlevel Changes...
         Starting Apply the settings specified in cloud-config...
[[0;32m  OK  [0m] Started Update UTMP about System Runlevel Changes.

Ubuntu 16.04.6 LTS ubuntu-xenial ttyS0

ubuntu-xenial login: [   39.779304] cloud-init[1390]: Generating locales (this might take a while)...
[   42.776532] cloud-init[1390]:   en_US.UTF-8... done
[   42.778577] cloud-init[1390]: Generation complete.
[   45.094849] cloud-init[1390]: Cloud-init v. 19.1-1-gbaa47854-0ubuntu1~16.04.1 running 'modules:config' at Fri, 23 Aug 2019 15:43:35 +0000. Up 38.89 seconds.
ci-info: no authorized ssh keys fingerprints found for user ubuntu.
<14>Aug 23 15:43:42 ec2: 
<14>Aug 23 15:43:42 ec2: #############################################################
<14>Aug 23 15:43:42 ec2: -----BEGIN SSH HOST KEY FINGERPRINTS-----
<14>Aug 23 15:43:42 ec2: 1024 SHA256:2ekllfVXWPJl0AJ3tVy73hCQWQ8sYRFMy/1bACnR75c root@ubuntu-xenial (DSA)
<14>Aug 23 15:43:42 ec2: 256 SHA256:1O395jCbDZSMq4KL2dHhCON4X2KcwZejO66BL//ysVM root@ubuntu-xenial (ECDSA)
<14>Aug 23 15:43:42 ec2: 256 SHA256:w3XxalFhFz9H+Qjv9BX9FpY4crtZM4ONPvHB6A0nfwE root@ubuntu-xenial (ED25519)
<14>Aug 23 15:43:42 ec2: 2048 SHA256:6cREaYnWWXg8q+R74iqU9NhXEWDB3M7xtIFzwomPit8 root@ubuntu-xenial (RSA)
<14>Aug 23 15:43:42 ec2: -----END SSH HOST KEY FINGERPRINTS-----
<14>Aug 23 15:43:42 ec2: #############################################################
-----BEGIN SSH HOST KEY KEYS-----
ecdsa-sha2-nistp256 AAAAE2VjZHNhLXNoYTItbmlzdHAyNTYAAAAIbmlzdHAyNTYAAABBBLvAPkBD2E2C3O0VVAwKU5zHzAqVsQsWJXi6VD/CGoTUn+3u46ypNrZ9ewK7PAYIPLJ+i3oRdQPmMRKHT7qrOx4= root@ubuntu-xenial
ssh-ed25519 AAAAC3NzaC1lZDI1NTE5AAAAINCrqtfVpNrGZGIld2p3rS+nn5wl6eKOwyE+8hJHdkt+ root@ubuntu-xenial
ssh-rsa AAAAB3NzaC1yc2EAAAADAQABAAABAQDG+PLz8PDEClmbrltaw92cOfJwMNXrt+ZIkcqWow1gw+KNuWDH2zers9y4EvLT+elbTMHayT9VD8RN9FSYrqjAbtGrv0oJGCcMX4AMosusyrqYK+Jz+rYPhGkdwAVduWQT0HXKRHkP+qpU6U1yioSwFzkJfemCl46zriHsMfWSaHmx8N98ShINTWIS0tse+tUGJBjFwKb0j6fgWKbRNRjZHtNHDd7eauk+qOelQ72frl+zXc4DWAc980E53SpPkwA68lSsJsCo0KszPCXTO4w4DZE53Pb+yzjRl8HYVD8EoojiqHQr6MS5NbSsNozkHjmSPGWeE3BGIQgquE/2GRAT root@ubuntu-xenial
-----END SSH HOST KEY KEYS-----
[   46.862342] cloud-init[1592]: Cloud-init v. 19.1-1-gbaa47854-0ubuntu1~16.04.1 running 'modules:final' at Fri, 23 Aug 2019 15:43:42 +0000. Up 46.26 seconds.
[   46.863081] cloud-init[1592]: ci-info: no authorized ssh keys fingerprints found for user ubuntu.
[   46.863688] cloud-init[1592]: Cloud-init v. 19.1-1-gbaa47854-0ubuntu1~16.04.1 finished at Fri, 23 Aug 2019 15:43:43 +0000. Datasource DataSourceNoCloud [seed=/dev/sdb][dsmode=net].  Up 46.82 seconds
