[    0.000000] Initializing cgroup subsys cpuset
[    0.000000] Initializing cgroup subsys cpu
[    0.000000] Initializing cgroup subsys cpuacct
[    0.000000] Linux version 4.4.0-154-generic (buildd@lgw01-amd64-049) (gcc version 5.4.0 20160609 (Ubuntu 5.4.0-6ubuntu1~16.04.10) ) #181-Ubuntu SMP Tue Jun 25 05:29:03 UTC 2019 (Ubuntu 4.4.0-154.181-generic 4.4.179)
[    0.000000] Command line: BOOT_IMAGE=/boot/vmlinuz-4.4.0-154-generic root=LABEL=cloudimg-rootfs ro console=tty1 console=ttyS0
[    0.000000] KERNEL supported cpus:
[    0.000000]   Intel GenuineIntel
[    0.000000]   AMD AuthenticAMD
[    0.000000]   Centaur CentaurHauls
[    0.000000] x86/fpu: Legacy x87 FPU detected.
[    0.000000] e820: BIOS-provided physical RAM map:
[    0.000000] BIOS-e820: [mem 0x0000000000000000-0x000000000009fbff] usable
[    0.000000] BIOS-e820: [mem 0x000000000009fc00-0x000000000009ffff] reserved
[    0.000000] BIOS-e820: [mem 0x00000000000f0000-0x00000000000fffff] reserved
[    0.000000] BIOS-e820: [mem 0x0000000000100000-0x000000002cfeffff] usable
[    0.000000] BIOS-e820: [mem 0x000000002cff0000-0x000000002cffffff] ACPI data
[    0.000000] BIOS-e820: [mem 0x00000000fec00000-0x00000000fec00fff] reserved
[    0.000000] BIOS-e820: [mem 0x00000000fee00000-0x00000000fee00fff] reserved
[    0.000000] BIOS-e820: [mem 0x00000000fffc0000-0x00000000ffffffff] reserved
[    0.000000] NX (Execute Disable) protection: active
[    0.000000] SMBIOS 2.5 present.
[    0.000000] Hypervisor detected: KVM
[    0.000000] e820: last_pfn = 0x2cff0 max_arch_pfn = 0x400000000
[    0.000000] MTRR: Disabled
[    0.000000] x86/PAT: MTRRs disabled, skipping PAT initialization too.
[    0.000000] CPU MTRRs all blank - virtualized system.
[    0.000000] x86/PAT: Configuration [0-7]: WB  WT  UC- UC  WB  WT  UC- UC  
[    0.000000] found SMP MP-table at [mem 0x0009fff0-0x0009ffff] mapped at [ffff88000009fff0]
[    0.000000] Scanning 1 areas for low memory corruption
[    0.000000] RAMDISK: [mem 0x2b8bb000-0x2c735fff]
[    0.000000] ACPI: Early table checksum verification disabled
[    0.000000] ACPI: RSDP 0x00000000000E0000 000024 (v02 VBOX  )
[    0.000000] ACPI: XSDT 0x000000002CFF0030 00003C (v01 VBOX   VBOXXSDT 00000001 ASL  00000061)
[    0.000000] ACPI: FACP 0x000000002CFF00F0 0000F4 (v04 VBOX   VBOXFACP 00000001 ASL  00000061)
[    0.000000] ACPI: DSDT 0x000000002CFF0470 0021FF (v02 VBOX   VBOXBIOS 00000002 INTL 20180105)
[    0.000000] ACPI: FACS 0x000000002CFF0200 000040
[    0.000000] ACPI: FACS 0x000000002CFF0200 000040
[    0.000000] ACPI: APIC 0x000000002CFF0240 000054 (v02 VBOX   VBOXAPIC 00000001 ASL  00000061)
[    0.000000] ACPI: SSDT 0x000000002CFF02A0 0001CC (v01 VBOX   VBOXCPUT 00000002 INTL 20180105)
[    0.000000] No NUMA configuration found
[    0.000000] Faking a node at [mem 0x000000000000000000x000000002cfeffff]
[    0.000000] NODE_DATA(0) allocated [mem 0x2cfeb000-0x2cfeffff]
[    0.000000] kvm-clock: Using msrs 4b564d01 and 4b564d00
[    0.000000] kvm-clock: cpu 0, msr 0:2cfe3001, primary cpu clock
[    0.000000] kvm-clock: using sched offset of 8081930743 cycles
[    0.000000] clocksource: kvm-clock: mask: 0xffffffffffffffff max_cycles: 0x1cd42e4dffb, max_idle_ns: 881590591483 ns
[    0.000000] Zone ranges:
[    0.000000]   DMA      [mem 0x0000000000001000-0x0000000000ffffff]
[    0.000000]   DMA32    [mem 0x0000000001000000-0x000000002cfeffff]
[    0.000000]   Normal   empty
[    0.000000]   Device   empty
[    0.000000] Movable zone start for each node
[    0.000000] Early memory node ranges
[    0.000000]   node   0: [mem 0x0000000000001000-0x000000000009efff]
[    0.000000]   node   0: [mem 0x0000000000100000-0x000000002cfeffff]
[    0.000000] Initmem setup node 0 [mem 0x0000000000001000-0x000000002cfeffff]
[    0.000000] ACPI: PM-Timer IO Port: 0x4008
[    0.000000] IOAPIC[0]: apic_id 1, version 32, address 0xfec00000, GSI 0-23
[    0.000000] ACPI: INT_SRC_OVR (bus 0 bus_irq 0 global_irq 2 dfl dfl)
[    0.000000] ACPI: INT_SRC_OVR (bus 0 bus_irq 9 global_irq 9 low level)
[    0.000000] Using ACPI (MADT) for SMP configuration information
[    0.000000] smpboot: Allowing 1 CPUs, 0 hotplug CPUs
[    0.000000] PM: Registered nosave memory: [mem 0x00000000-0x00000fff]
[    0.000000] PM: Registered nosave memory: [mem 0x0009f000-0x0009ffff]
[    0.000000] PM: Registered nosave memory: [mem 0x000a0000-0x000effff]
[    0.000000] PM: Registered nosave memory: [mem 0x000f0000-0x000fffff]
[    0.000000] e820: [mem 0x2d000000-0xfebfffff] available for PCI devices
[    0.000000] Booting paravirtualized kernel on KVM
[    0.000000] clocksource: refined-jiffies: mask: 0xffffffff max_cycles: 0xffffffff, max_idle_ns: 7645519600211568 ns
[    0.000000] setup_percpu: NR_CPUS:512 nr_cpumask_bits:512 nr_cpu_ids:1 nr_node_ids:1
[    0.000000] PERCPU: Embedded 34 pages/cpu @ffff88002cc00000 s99480 r8192 d31592 u2097152
[    0.000000] Built 1 zonelists in Node order, mobility grouping on.  Total pages: 181304
[    0.000000] Policy zone: DMA32
[    0.000000] Kernel command line: BOOT_IMAGE=/boot/vmlinuz-4.4.0-154-generic root=LABEL=cloudimg-rootfs ro console=tty1 console=ttyS0
[    0.000000] PID hash table entries: 4096 (order: 3, 32768 bytes)
[    0.000000] Memory: 690668K/736824K available (8613K kernel code, 1335K rwdata, 4028K rodata, 1484K init, 1284K bss, 46156K reserved, 0K cma-reserved)
[    0.000000] SLUB: HWalign=64, Order=0-3, MinObjects=0, CPUs=1, Nodes=1
[    0.000000] Kernel/User page tables isolation: enabled
[    0.000000] Hierarchical RCU implementation.
[    0.000000] 	Build-time adjustment of leaf fanout to 64.
[    0.000000] 	RCU restricting CPUs from NR_CPUS=512 to nr_cpu_ids=1.
[    0.000000] RCU: Adjusting geometry for rcu_fanout_leaf=64, nr_cpu_ids=1
[    0.000000] NR_IRQS:33024 nr_irqs:256 16
[    0.000000] Console: colour VGA+ 80x25
[    0.000000] console [tty1] enabled
[    0.000000] console [ttyS0] enabled
[    0.000000] tsc: Detected 2992.498 MHz processor
[    0.615771] Calibrating delay loop (skipped) preset value.. 5984.99 BogoMIPS (lpj=11969992)
[    0.618810] pid_max: default: 32768 minimum: 301
[    0.620373] ACPI: Core revision 20150930
[    0.638614] ACPI: 2 ACPI AML tables successfully acquired and loaded
[    0.662472] Security Framework initialized
[    0.715153] Yama: becoming mindful.
[    0.716551] AppArmor: AppArmor initialized
[    0.718215] Dentry cache hash table entries: 131072 (order: 8, 1048576 bytes)
[    0.720719] Inode-cache hash table entries: 65536 (order: 7, 524288 bytes)
[    0.723820] Mount-cache hash table entries: 2048 (order: 2, 16384 bytes)
[    0.758588] Mountpoint-cache hash table entries: 2048 (order: 2, 16384 bytes)
[    0.761207] Initializing cgroup subsys io
[    0.762679] Initializing cgroup subsys memory
[    0.764198] Initializing cgroup subsys devices
[    0.816503] Initializing cgroup subsys freezer
[    0.818041] Initializing cgroup subsys net_cls
[    0.819607] Initializing cgroup subsys perf_event
[    0.837524] Initializing cgroup subsys net_prio
[    0.839085] Initializing cgroup subsys hugetlb
[    0.840644] Initializing cgroup subsys pids
[    0.842220] mce: CPU supports 0 MCE banks
[    0.843735] process: using mwait in idle threads
[    0.845307] Last level iTLB entries: 4KB 128, 2MB 4, 4MB 4
[    0.847138] Last level dTLB entries: 4KB 256, 2MB 0, 4MB 32, 1GB 0
[    0.849080] Spectre V2 : Mitigation: Full generic retpoline
[    0.850872] Spectre V2 : Spectre v2 / SpectreRSB mitigation: Filling RSB on context switch
[    0.853759] Speculative Store Bypass: Vulnerable
[    0.856248] MDS: Vulnerable: Clear CPU buffers attempted, no microcode
[    1.475941] Freeing SMP alternatives memory: 36K
[    1.546202] ftrace: allocating 32299 entries in 127 pages
[    1.665819] smpboot: APIC(0) Converting physical 0 to logical package 0
[    1.678553] smpboot: Max logical packages: 1
[    1.680654] x2apic enabled
[    1.682324] Switched APIC routing to physical x2apic.
[    1.686344] ..TIMER: vector=0x30 apic1=0 pin1=2 apic2=-1 pin2=-1
[    1.764238] APIC calibration not consistent with PM-Timer: 200ms instead of 100ms
[    1.767962] APIC delta adjusted to PM-Timer: 6249979 (12500675)
[    1.770738] smpboot: CPU0: Intel(R) Core(TM)2 Duo CPU     E8400  @ 3.00GHz (family: 0x6, model: 0x17, stepping: 0xa)
[    1.775888] Performance Events: unsupported p6 CPU model 23 no PMU driver, software events only.
[    1.972246] KVM setup paravirtual spinlock
[    1.975212] x86: Booted up 1 node, 1 CPUs
[    1.976667] smpboot: Total of 1 processors activated (5984.99 BogoMIPS)
[    1.979186] devtmpfs: initialized
[    1.983287] evm: security.selinux
[    1.984568] evm: security.SMACK64
[    1.985851] evm: security.SMACK64EXEC
[    1.987206] evm: security.SMACK64TRANSMUTE
[    1.988669] evm: security.SMACK64MMAP
[    1.990022] evm: security.ima
[    1.991232] evm: security.capability
[    1.992696] clocksource: jiffies: mask: 0xffffffff max_cycles: 0xffffffff, max_idle_ns: 7645041785100000 ns
[    1.995976] futex hash table entries: 256 (order: 2, 16384 bytes)
[    1.998011] pinctrl core: initialized pinctrl subsystem
[    1.999906] RTC time: 16:12:10, date: 08/23/19
[    2.001719] NET: Registered protocol family 16
[    2.003512] cpuidle: using governor ladder
[    2.004974] cpuidle: using governor menu
[    2.006412] PCCT header not found.
[    2.007763] ACPI: bus type PCI registered
[    2.009438] acpiphp: ACPI Hot Plug PCI Controller Driver version: 0.5
[    2.011546] PCI: Using configuration type 1 for base access
[    2.070686] ACPI: Added _OSI(Module Device)
[    2.072181] ACPI: Added _OSI(Processor Device)
[    2.073709] ACPI: Added _OSI(3.0 _SCP Extensions)
[    2.075313] ACPI: Added _OSI(Processor Aggregator Device)
[    2.077796] ACPI: Executed 1 blocks of module-level executable AML code
[    2.082367] ACPI: Interpreter enabled
[    2.083740] ACPI: (supports S0 S5)
[    2.085047] ACPI: Using IOAPIC for interrupt routing
[    2.086887] PCI: Using host bridge windows from ACPI; if necessary, use "pci=nocrs" and report a bug
[    2.094379] ACPI: PCI Root Bridge [PCI0] (domain 0000 [bus 00-ff])
[    2.096308] acpi PNP0A03:00: _OSC: OS supports [ASPM ClockPM Segments MSI]
[    2.098418] acpi PNP0A03:00: _OSC: not requesting OS control; OS requires [ExtendedConfig ASPM ClockPM MSI]
[    2.101646] acpi PNP0A03:00: fail to add MMCONFIG information, can't access extended PCI configuration space under this bridge.
[    2.105601] PCI host bridge to bus 0000:00
[    2.107065] pci_bus 0000:00: root bus resource [io  0x0000-0x0cf7 window]
[    2.109126] pci_bus 0000:00: root bus resource [io  0x0d00-0xffff window]
[    2.111207] pci_bus 0000:00: root bus resource [mem 0x000a0000-0x000bffff window]
[    2.113884] pci_bus 0000:00: root bus resource [mem 0x2d000000-0xfdffffff window]
[    2.116552] pci_bus 0000:00: root bus resource [bus 00-ff]
[    2.176486] pci 0000:00:01.1: legacy IDE quirk: reg 0x10: [io  0x01f0-0x01f7]
[    2.178646] pci 0000:00:01.1: legacy IDE quirk: reg 0x14: [io  0x03f6]
[    2.180641] pci 0000:00:01.1: legacy IDE quirk: reg 0x18: [io  0x0170-0x0177]
[    2.198526] pci 0000:00:01.1: legacy IDE quirk: reg 0x1c: [io  0x0376]
[    2.220814] pci 0000:00:07.0: quirk: [io  0x4000-0x403f] claimed by PIIX4 ACPI
[    2.279979] pci 0000:00:07.0: quirk: [io  0x4100-0x410f] claimed by PIIX4 SMB
[    2.305000] ACPI: PCI Interrupt Link [LNKA] (IRQs 5 9 10 *11)
[    2.309244] ACPI: PCI Interrupt Link [LNKB] (IRQs 5 9 *10 11)
[    2.311773] ACPI: PCI Interrupt Link [LNKC] (IRQs 5 *9 10 11)
[    2.391621] ACPI: PCI Interrupt Link [LNKD] (IRQs 5 9 10 *11)
[    2.394211] ACPI: Enabled 2 GPEs in block 00 to 07
[    2.396719] vgaarb: setting as boot device: PCI:0000:00:02.0
[    2.398539] vgaarb: device added: PCI:0000:00:02.0,decodes=io+mem,owns=io+mem,locks=none
[    2.401393] vgaarb: loaded
[    2.402533] vgaarb: bridge control possible 0000:00:02.0
[    2.428851] SCSI subsystem initialized
[    2.430642] ACPI: bus type USB registered
[    2.488458] usbcore: registered new interface driver usbfs
[    2.490241] usbcore: registered new interface driver hub
[    2.507448] usbcore: registered new device driver usb
[    2.509427] PCI: Using ACPI for IRQ routing
[    2.511634] NetLabel: Initializing
[    2.512966] NetLabel:  domain hash size = 128
[    2.514477] NetLabel:  protocols = UNLABELED CIPSOv4
[    2.516197] NetLabel:  unlabeled traffic allowed by default
[    2.528359] amd_nb: Cannot enumerate AMD northbridges
[    2.530161] clocksource: Switched to clocksource kvm-clock
[    2.599670] AppArmor: AppArmor Filesystem Enabled
[    2.618227] pnp: PnP ACPI init
[    2.621359] pnp: PnP ACPI: found 3 devices
[    2.630060] clocksource: acpi_pm: mask: 0xffffff max_cycles: 0xffffff, max_idle_ns: 2085701024 ns
[    2.633207] NET: Registered protocol family 2
[    2.635209] TCP established hash table entries: 8192 (order: 4, 65536 bytes)
[    2.637459] TCP bind hash table entries: 8192 (order: 5, 131072 bytes)
[    2.639589] TCP: Hash tables configured (established 8192 bind 8192)
[    2.641637] UDP hash table entries: 512 (order: 2, 16384 bytes)
[    2.694344] UDP-Lite hash table entries: 512 (order: 2, 16384 bytes)
[    2.696428] NET: Registered protocol family 1
[    2.698024] pci 0000:00:00.0: Limiting direct PCI/PCI transfers
[    2.699971] pci 0000:00:01.0: Activating ISA DMA hang workarounds
[    2.702166] Unpacking initramfs...
[    3.162532] Freeing initrd memory: 14828K
[    3.218184] clocksource: tsc: mask: 0xffffffffffffffff max_cycles: 0x2b2296bc2b9, max_idle_ns: 440795321505 ns
[    3.221545] platform rtc_cmos: registered platform RTC device (no PNP device found)
[    3.224385] Scanning for low memory corruption every 60 seconds
[    3.226696] audit: initializing netlink subsys (disabled)
[    3.228503] audit: type=2000 audit(1566576739.220:1): initialized
[    3.230839] Initialise system trusted keyring
[    3.232506] HugeTLB registered 2 MB page size, pre-allocated 0 pages
[    3.239570] zbud: loaded
[    3.241017] VFS: Disk quotas dquot_6.6.0
[    3.242492] VFS: Dquot-cache hash table entries: 512 (order 0, 4096 bytes)
[    3.244930] squashfs: version 4.0 (2009/01/31) Phillip Lougher
[    3.247869] fuse init (API version 7.23)
[    3.249453] Key type big_key registered
[    3.250944] Allocating IMA MOK and blacklist keyrings.
[    3.253094] Key type asymmetric registered
[    3.254611] Asymmetric key parser 'x509' registered
[    3.256287] Block layer SCSI generic (bsg) driver version 0.4 loaded (major 249)
[    3.319672] io scheduler noop registered
[    3.321091] io scheduler deadline registered (default)
[    3.322834] io scheduler cfq registered
[    3.324436] pci_hotplug: PCI Hot Plug PCI Core version: 0.5
[    3.328292] pciehp: PCI Express Hot Plug Controller Driver version: 0.4
[    3.330526] ACPI: AC Adapter [AC] (on-line)
[    3.332086] input: Power Button as /devices/LNXSYSTM:00/LNXPWRBN:00/input/input0
[    3.334746] ACPI: Power Button [PWRF]
[    3.336224] input: Sleep Button as /devices/LNXSYSTM:00/LNXSLPBN:00/input/input1
[    3.338872] ACPI: Sleep Button [SLPF]
[    3.340464] GHES: HEST is not enabled!
[    3.341963] Serial: 8250/16550 driver, 32 ports, IRQ sharing enabled
[    3.422638] 00:02: ttyS0 at I/O 0x3f8 (irq = 4, base_baud = 115200) is a 16550A
[    3.426670] Linux agpgart interface v0.103
[    3.429527] loop: module loaded
[    3.431584] scsi host0: ata_piix
[    3.432942] scsi host1: ata_piix
[    3.434243] ata1: PATA max UDMA/33 cmd 0x1f0 ctl 0x3f6 bmdma 0xd000 irq 14
[    3.436370] ata2: PATA max UDMA/33 cmd 0x170 ctl 0x376 bmdma 0xd008 irq 15
[    3.449215] libphy: Fixed MDIO Bus: probed
[    3.450724] tun: Universal TUN/TAP device driver, 1.6
[    3.452395] tun: (C) 1999-2004 Max Krasnyansky <maxk@qualcomm.com>
[    3.454383] PPP generic driver version 2.4.2
[    3.455987] ehci_hcd: USB 2.0 'Enhanced' Host Controller (EHCI) Driver
[    3.458003] ehci-pci: EHCI PCI platform driver
[    3.459593] ehci-platform: EHCI generic platform driver
[    3.461307] ohci_hcd: USB 1.1 'Open' Host Controller (OHCI) Driver
[    3.463282] ohci-pci: OHCI PCI platform driver
[    3.464825] ohci-platform: OHCI generic platform driver
[    3.466580] uhci_hcd: USB Universal Host Controller Interface driver
[    3.468614] i8042: PNP: PS/2 Controller [PNP0303:PS2K,PNP0f03:PS2M] at 0x60,0x64 irq 1,12
[    3.522926] serio: i8042 KBD port at 0x60,0x64 irq 1
[    3.524592] serio: i8042 AUX port at 0x60,0x64 irq 12
[    3.526400] mousedev: PS/2 mouse device common for all mice
[    3.538682] input: AT Translated Set 2 keyboard as /devices/platform/i8042/serio0/input/input2
[    3.541951] rtc_cmos rtc_cmos: rtc core: registered rtc_cmos as rtc0
[    3.544217] rtc_cmos rtc_cmos: alarms up to one day, 114 bytes nvram
[    3.546185] i2c /dev entries driver
[    3.557617] device-mapper: uevent: version 1.0.3
[    3.559297] device-mapper: ioctl: 4.34.0-ioctl (2015-10-28) initialised: dm-devel@redhat.com
[    3.568245] ledtrig-cpu: registered to indicate activity on CPUs
[    3.570498] NET: Registered protocol family 10
[    3.572420] NET: Registered protocol family 17
[    3.629951] Key type dns_resolver registered
[    3.631769] registered taskstats version 1
[    3.633240] Loading compiled-in X.509 certificates
[    3.658449] Loaded X.509 cert 'Build time autogenerated kernel key: 65139e04a67245b562a838c28b5e7032abdd4348'
[    3.661764] zswap: loaded using pool lzo/zbud
[    3.675299] Key type trusted registered
[    3.745932] Key type encrypted registered
[    3.747602] AppArmor: AppArmor sha1 policy hashing enabled
[    3.749420] ima: No TPM chip found, activating TPM-bypass!
[    3.751258] ima: Allocated hash algorithm: sha1
[    3.752859] evm: HMAC attrs: 0x1
[    3.754527]   Magic number: 15:605:237
[    3.756021] rtc_cmos rtc_cmos: setting system clock to 2019-08-23 16:12:11 UTC (1566576731)
[    3.769010] BIOS EDD facility v0.16 2004-Jun-25, 0 devices found
[    3.770964] EDD information not available.
[    3.777478] Freeing unused kernel memory: 1484K
[    3.790232] Write protecting the kernel read-only data: 14336k
[    3.850383] Freeing unused kernel memory: 1616K
[    3.852254] Freeing unused kernel memory: 68K
Loading, please wait...
starting version 229
[    4.148794] random: systemd-udevd: uninitialized urandom read (16 bytes read, 3 bits of entropy available)
[    4.152632] random: systemd-udevd: uninitialized urandom read (16 bytes read, 3 bits of entropy available)
[    4.179036] random: systemd-udevd: uninitialized urandom read (16 bytes read, 3 bits of entropy available)
[    4.182263] random: systemd-udevd: uninitialized urandom read (16 bytes read, 3 bits of entropy available)
[    4.193172] random: udevadm: uninitialized urandom read (16 bytes read, 3 bits of entropy available)
[    4.196393] random: udevadm: uninitialized urandom read (16 bytes read, 3 bits of entropy available)
[    4.298803] random: systemd-udevd: uninitialized urandom read (16 bytes read, 3 bits of entropy available)
[    4.357313] random: systemd-udevd: uninitialized urandom read (16 bytes read, 3 bits of entropy available)
[    4.360581] random: systemd-udevd: uninitialized urandom read (16 bytes read, 3 bits of entropy available)
[    4.365559] random: systemd-udevd: uninitialized urandom read (16 bytes read, 3 bits of entropy available)
[    5.099202] e1000: Intel(R) PRO/1000 Network Driver - version 7.3.21-k8-NAPI
[    5.101475] e1000: Copyright (c) 1999-2006 Intel Corporation.
[    5.338665] input: ImExPS/2 Generic Explorer Mouse as /devices/platform/i8042/serio1/input/input4
[    5.555684] Fusion MPT base driver 3.04.20
[    5.613429] Copyright (c) 1999-2008 LSI Corporation
[    5.845322] Fusion MPT SPI Host driver 3.04.20
[    6.402851] e1000 0000:00:03.0 eth0: (PCI:33MHz:32-bit) 02:1e:e5:6d:71:21
[    6.408660] e1000 0000:00:03.0 eth0: Intel(R) PRO/1000 Network Connection
[    6.415626] e1000 0000:00:03.0 enp0s3: renamed from eth0
[    6.447872] mptbase: ioc0: Initiating bringup
[    6.510571] ioc0: LSI53C1030 A0: Capabilities={Initiator}
[    6.671731] scsi host2: ioc0: LSI53C1030 A0, FwRev=00000000h, Ports=1, MaxQ=256, IRQ=20
[    6.811043] scsi 2:0:0:0: Direct-Access     VBOX     HARDDISK         1.0  PQ: 0 ANSI: 5
[    6.819015] scsi target2:0:0: Beginning Domain Validation
[    6.821715] scsi target2:0:0: Domain Validation skipping write tests
[    6.823688] scsi target2:0:0: Ending Domain Validation
[    6.825420] scsi target2:0:0: asynchronous
[    6.827267] scsi 2:0:1:0: Direct-Access     VBOX     HARDDISK         1.0  PQ: 0 ANSI: 5
[    6.830055] scsi target2:0:1: Beginning Domain Validation
[    6.832863] scsi target2:0:1: Domain Validation skipping write tests
[    6.834824] scsi target2:0:1: Ending Domain Validation
[    6.836584] scsi target2:0:1: asynchronous
[    6.867697] sd 2:0:0:0: Attached scsi generic sg0 type 0
[    6.869467] sd 2:0:0:0: [sda] 20971520 512-byte logical blocks: (10.7 GB/10.0 GiB)
[    6.872724] sd 2:0:1:0: [sdb] 20480 512-byte logical blocks: (10.5 MB/10.0 MiB)
[    6.876675] sd 2:0:1:0: Attached scsi generic sg1 type 0
[    6.879071] sd 2:0:0:0: [sda] Write Protect is off
[    6.880765] sd 2:0:1:0: [sdb] Write Protect is off
[    6.882768] sd 2:0:1:0: [sdb] Incomplete mode parameter data
[    6.906031] sd 2:0:1:0: [sdb] Assuming drive cache: write through
[    6.911971] sd 2:0:0:0: [sda] Incomplete mode parameter data
[    6.913783] sd 2:0:0:0: [sda] Assuming drive cache: write through
[    7.007532]  sda: sda1
[    7.029401] sd 2:0:1:0: [sdb] Attached SCSI disk
[    7.031486] sd 2:0:0:0: [sda] Attached SCSI disk
Begin: Loading essential drivers ... [   10.311996] md: linear personality registered for level -1
[   10.344609] md: multipath personality registered for level -4
[   10.419906] md: raid0 personality registered for level 0
[   10.455917] md: raid1 personality registered for level 1
[   10.626555] raid6: sse2x1   gen()  2072 MB/s
[   10.722206] raid6: sse2x1   xor()  2206 MB/s
[   10.827159] raid6: sse2x2   gen()  4564 MB/s
[   10.932274] raid6: sse2x2   xor()  3822 MB/s
[   11.037054] raid6: sse2x4   gen()  6584 MB/s
[   11.142078] raid6: sse2x4   xor()  4128 MB/s
[   11.143631] raid6: using algorithm sse2x4 gen() 6584 MB/s
[   11.145436] raid6: .... xor() 4128 MB/s, rmw enabled
[   11.147145] raid6: using ssse3x2 recovery algorithm
[   11.166718] xor: measuring software checksum speed
[   11.376536]    prefetch64-sse: 30097.000 MB/sec
[   11.571211]    generic_sse: 26715.000 MB/sec
[   11.573323] xor: using function: prefetch64-sse (30097.000 MB/sec)
[   11.586821] async_tx: api initialized (async)
[   11.710753] md: raid6 personality registered for level 6
[   11.768891] md: raid5 personality registered for level 5
[   11.770675] md: raid4 personality registered for level 4
[   11.889075] md: raid10 personality registered for level 10
done.
Begin: Running /scripts/init-premount ... done.
Begin: Mounting root file system ... Begin: Running /scripts/local-top ... done.
Begin: Running /scripts/local-premount ... [   12.225741] Btrfs loaded
Scanning for Btrfs filesystems
done.
Warning: fsck not present, so skipping root file system
[   12.621929] EXT4-fs (sda1): INFO: recovery required on readonly filesystem
[   12.624097] EXT4-fs (sda1): write access will be enabled during recovery
[   12.809225] EXT4-fs (sda1): recovery complete
[   12.818174] EXT4-fs (sda1): mounted filesystem with ordered data mode. Opts: (null)
done.
Begin: Running /scripts/local-bottom ... done.
Begin: Running /scripts/init-bottom ... done.
[   13.515519] random: nonblocking pool is initialized
[   13.899585] systemd[1]: systemd 229 running in system mode. (+PAM +AUDIT +SELINUX +IMA +APPARMOR +SMACK +SYSVINIT +UTMP +LIBCRYPTSETUP +GCRYPT +GNUTLS +ACL +XZ -LZ4 +SECCOMP +BLKID +ELFUTILS +KMOD -IDN)
[   13.912226] systemd[1]: Detected virtualization oracle.
[   13.913962] systemd[1]: Detected architecture x86-64.

Welcome to [1mUbuntu 16.04.6 LTS[0m!

[   13.954888] systemd[1]: Set hostname to <ubuntu-xenial>.
[   15.113965] systemd[1]: Listening on /dev/initctl Compatibility Named Pipe.
[[0;32m  OK  [0m] Listening on /dev/initctl Compatibility Named Pipe.
[   15.122195] systemd[1]: Set up automount Arbitrary Executable File Formats File System Automount Point.
[[0;32m  OK  [0m] Set up automount Arbitrary Executab...ats File System Automount Point.
[   15.131957] systemd[1]: Reached target Encrypted Volumes.
[[0;32m  OK  [0m] Reached target Encrypted Volumes.
[   15.135889] systemd[1]: Listening on udev Kernel Socket.
[[0;32m  OK  [0m] Listening on udev Kernel Socket.
[   15.139700] systemd[1]: Reached target System Time Synchronized.
[[0;32m  OK  [0m] Reached target System Time Synchronized.
[   15.144065] systemd[1]: Listening on Device-mapper event daemon FIFOs.
[[0;32m  OK  [0m] Listening on Device-mapper event daemon FIFOs.
[   15.178893] systemd[1]: Listening on Syslog Socket.
[[0;32m  OK  [0m] Listening on Syslog Socket.
[   15.182794] systemd[1]: Listening on Journal Socket.
[[0;32m  OK  [0m] Listening on Journal Socket.
[   15.186498] systemd[1]: Reached target User and Group Name Lookups.
[[0;32m  OK  [0m] Reached target User and Group Name Lookups.
[   15.190834] systemd[1]: Listening on LVM2 metadata daemon socket.
[[0;32m  OK  [0m] Listening on LVM2 metadata daemon socket.
[   15.210656] systemd[1]: Listening on Journal Audit Socket.
[[0;32m  OK  [0m] Listening on Journal Audit Socket.
[   15.215912] systemd[1]: Created slice System Slice.
[[0;32m  OK  [0m] Created slice System Slice.
[   15.284212] systemd[1]: Starting Uncomplicated firewall...
         Starting Uncomplicated firewall...
[   15.340599] systemd[1]: Starting Remount Root and Kernel File Systems...
         Starting Remount Root and Kernel File Systems...
[   15.412493] systemd[1]: Mounting Huge Pages File System...
         Mounting Huge Pages File System...
[   15.491996] systemd[1]: Starting Nameserver information manager...
         Starting Nameserver information manager...
[   15.512982] systemd[1]: Mounting Debug File System...
         Mounting Debug File System...
[   15.598647] systemd[1]: Created slice User and Session Slice.
[[0;32m  OK  [0m] Created slice User and Session Slice.
[   15.615267] systemd[1]: Reached target Slices.
[[0;32m  OK  [0m] Reached target Slices.
[   15.624938] systemd[1]: Starting Monitoring of LVM2 mirrors, snapshots etc. using dmeventd or progress polling...
         Starting Monitoring of LVM2 mirrors... dmeventd or progress polling...
[   15.706015] systemd[1]: Mounting POSIX Message Queue File System...
         Mounting POSIX Message Queue File System...
[   15.831276] systemd[1]: Starting Load Kernel Modules...
         [   15.949601] EXT4-fs (sda1): re-mounted. Opts: (null)
Starting Load Kernel Modules...
[   16.019113] systemd[1]: Reached target Swap.
[[0;32m  OK  [0m] Reached target Swap.
[   16.022922] systemd[1]: Listening on LVM2 poll daemon socket.
[[0;32m  OK  [0m] Listening on LVM2 poll daemon socket.
[   16.026970] systemd[1]: Listening on udev Control Socket.
[[0;32m  OK  [0m] Listening on udev Control Socket.
[   16.034607] systemd[1]: Starting Set console keymap...
         Starting Set console keymap...
[   16.051370] systemd[1]: Created slice system-serial\x2dgetty.slice.
[[0;32m  OK  [0m] Created slice system-serial\x2dgetty.slice.
[   16.215107] systemd[1]: Starting Create list of required static device nodes for the current kernel...
         Starting Create list of required st... nodes for the current kernel...
[   16.229125] systemd[1]: Started Forward Password Requests to Wall Directory Watch.
[[0;32m  OK  [0m] Started Forward Password Requests to Wall Directory Watch.
[   16.257232] systemd[1]: Started Trigger resolvconf update for networkd DNS.
[[0;32m  OK  [0m] Started Trigger resolvconf update for networkd DNS.
[   16.321805] systemd[1]: Listening on Journal Socket (/dev/log).
[[0;32m  OK  [0m] Listening on Journal Socket (/dev/log).
[   16.331640] systemd[1]: Starting Journal Service...
         Starting Journal Service...
[   16.439608] systemd[1]: Mounted POSIX Message Queue File System.
[[0;32m  OK  [0m] Mounted POSIX Message Queue File System.
[   16.544136] systemd[1]: Mounted Huge Pages File System.
[[0;32m  OK  [0m] Mounted Huge Pages File System.
[   16.549528] systemd[1]: Mounted Debug File System.
[[0;32m  OK  [0m] Mounted Debug File System.
[   16.555587] systemd[1]: Started Uncomplicated firewall.
[[0;32m  OK  [0m] Started Uncomplicated firewall.
[   16.563646] systemd[1]: Started Remount Root and Kernel File Systems.
[[0;32m  OK  [0m] Started Remount Root and Kernel File Systems.
[   16.575638] systemd[1]: Started Create list of required static device nodes for the current kernel.
[   16.649493] Loading iSCSI transport class v2.0-870.
[[0;32m  OK  [0m] Started Create list of required sta...ce nodes for the current kernel.
[   16.772130] systemd[1]: Started Nameserver information manager.
[   16.851440] iscsi: registered transport (tcp)
[[0;32m  OK  [0m] Started Nameserver information manager.
[   17.604364] systemd[1]: Started Journal Service.
[[0;32m  OK  [0m] Started Journal Service.
[[0;32m  OK  [0m] Started LVM2 metadata daemon.
         Starting Create Static Device Nodes in /dev...
         Starting udev Coldplug all Devices...
[   18.122292] iscsi: registered transport (iser)
         Starting Flush Journal to Persistent Storage...
         Starting Load/Save Random Seed...
[[0;32m  OK  [0m] Started Load/Save Random Seed.
[   18.535905] systemd-journald[379]: Received request to flush runtime journal from PID 1
[[0;32m  OK  [0m] Started Create Static Device Nodes in /dev.
         Starting udev Kernel Device Manager...
[[0;32m  OK  [0m] Started Monitoring of LVM2 mirrors,...ng dmeventd or progress polling.
[[0;32m  OK  [0m] Started Set console keymap.
[[0;32m  OK  [0m] Reached target Local File Systems (Pre).
[[0;32m  OK  [0m] Reached target Local File Systems.
         Starting LSB: AppArmor initialization...
         Starting Initial cloud-init job (pre-networking)...
         Starting Set console font and keymap...
         Starting Tell Plymouth To Write Out Runtime Data...
[[0;32m  OK  [0m] Started Load Kernel Modules.
[[0;32m  OK  [0m] Started Flush Journal to Persistent Storage.
[[0;32m  OK  [0m] Started Tell Plymouth To Write Out Runtime Data.
         Starting Create Volatile Files and Directories...
         Mounting FUSE Control File System...
         Starting Apply Kernel Variables...
[[0;32m  OK  [0m] Mounted FUSE Control File System.
[[0;32m  OK  [0m] Started Apply Kernel Variables.
[[0;32m  OK  [0m] Started Create Volatile Files and Directories.
         Starting Update UTMP about System Boot/Shutdown...
[[0;32m  OK  [0m] Started udev Coldplug all Devices.
[[0;32m  OK  [0m] Started Update UTMP about System Boot/Shutdown.
[[0;32m  OK  [0m] Started udev Kernel Device Manager.
[[0;32m  OK  [0m] Started Dispatch Password Requests to Console Directory Watch.
[[0;32m  OK  [0m] Found device /dev/ttyS0.
[[0;32m  OK  [0m] Started LSB: AppArmor initialization.
[[0;32m  OK  [0m] Listening on Load/Save RF Kill Switch Status /dev/rfkill Watch.
[[0;32m  OK  [0m] Started Set console font and keymap.
[[0;32m  OK  [0m] Created slice system-getty.slice.
[[0;32m  OK  [0m] Found device 82540EM Gigabit Ethern...r (PRO/1000 MT Desktop Adapter).
[   30.928604] cloud-init[441]: Cloud-init v. 19.1-1-gbaa47854-0ubuntu1~16.04.1 running 'init-local' at Fri, 23 Aug 2019 16:12:37 +0000. Up 27.48 seconds.
[[0;32m  OK  [0m] Started Initial cloud-init job (pre-networking).
[[0;32m  OK  [0m] Reached target Network (Pre).
         Starting Raise network interfaces...
[[0;32m  OK  [0m] Started ifup for enp0s3.
[[0;32m  OK  [0m] Started Raise network interfaces.
[[0;32m  OK  [0m] Reached target Network.
         Starting Initial cloud-init job (metadata service crawler)...
[   37.927586] cloud-init[953]: Cloud-init v. 19.1-1-gbaa47854-0ubuntu1~16.04.1 running 'init' at Fri, 23 Aug 2019 16:12:45 +0000. Up 35.82 seconds.
[   37.938142] cloud-init[953]: ci-info: ++++++++++++++++++++++++++++++++++++++Net device info++++++++++++++++++++++++++++++++++++++
[   37.951070] cloud-init[953]: ci-info: +--------+------+----------------------------+---------------+--------+-------------------+
[   37.992735] cloud-init[953]: ci-info: | Device |  Up  |          Address           |      Mask     | Scope  |     Hw-Address    |
[   38.117639] cloud-init[953]: ci-info: +--------+------+----------------------------+---------------+--------+-------------------+
[   38.146304] cloud-init[953]: ci-info: | enp0s3 | True |         10.0.2.15          | 255.255.255.0 | global | 02:1e:e5:6d:71:21 |
[   38.163366] cloud-init[953]: ci-info: | enp0s3 | True | fe80::1e:e5ff:fe6d:7121/64 |       .       |  link  | 02:1e:e5:6d:71:21 |
[   38.201553] cloud-init[953]: ci-info: |   lo   | True |         127.0.0.1          |   255.0.0.0   |  host  |         .         |
[   38.217660] cloud-init[953]: ci-info: |   lo   | True |          ::1/128           |       .       |  host  |         .         |
[   38.225914] cloud-init[953]: ci-info: +--------+------+----------------------------+---------------+--------+-------------------+
[   38.237532] cloud-init[953]: ci-info: +++++++++++++++++++++++++++Route IPv4 info++++++++++++++++++++++++++++
[   38.254894] cloud-init[953]: ci-info: +-------+-------------+----------+---------------+-----------+-------+
[   38.312035] cloud-init[953]: ci-info: | Route | Destination | Gateway  |    Genmask    | Interface | Flags |
[   38.328970] cloud-init[953]: ci-info: +-------+-------------+----------+---------------+-----------+-------+
[   38.340726] cloud-init[953]: ci-info: |   0   |   0.0.0.0   | 10.0.2.2 |    0.0.0.0    |   enp0s3  |   UG  |
[   38.403354] cloud-init[953]: ci-info: |   1   |   10.0.2.0  | 0.0.0.0  | 255.255.255.0 |   enp0s3  |   U   |
[   38.481124] cloud-init[953]: ci-info: +-------+-------------+----------+---------------+-----------+-------+
[[0;32m  OK  [0m] Started Initial cloud-init job (metadata service crawler).[   38.493696] cloud-init[953]: ci-info: +++++++++++++++++++Route IPv6 info+++++++++++++++++++

[   38.501389] cloud-init[953]: ci-info: +-------+-------------+---------+-----------+-------+
[[0;32m  OK  [0m] Reached target Cloud-config availability.
[   38.506814] cloud-init[953]: ci-info: | Route | Destination | Gateway | Interface | Flags |
[   38.514109] cloud-init[953]: ci-info: +-------+-------------+---------+-----------+-------+[[0;32m  OK  [0m] Reached target System Initialization.
         Starting LXD - unix socket.

[   38.531356] cloud-init[953]: ci-info: |   0   |  fe80::/64  |    ::   |   enp0s3  |   U   |
[   38.535612] cloud-init[953]: ci-info: |   4   |   ff00::/8  |    ::   |   enp0s3  |   U   |
[   38.539560] cloud-init[953]: ci-info: +-------+-------------+---------+-----------+-------+
[[0;32m  OK  [0m] Started Daily apt download activities.
[[0;32m  OK  [0m] Listening on UUID daemon activation socket.
[[0;32m  OK  [0m] Started Daily Cleanup of Temporary Directories.
[[0;32m  OK  [0m] Started Daily apt upgrade and clean activities.
[[0;32m  OK  [0m] Reached target Timers.
[[0;32m  OK  [0m] Listening on D-Bus System Message Bus Socket.
[[0;32m  OK  [0m] Listening on ACPID Listen Socket.
         Starting Socket activation for snappy daemon.
[[0;32m  OK  [0m] Started ACPI Events Check.
[[0;32m  OK  [0m] Reached target Paths.
[[0;32m  OK  [0m] Reached target Network is Online.
         Starting iSCSI initiator daemon (iscsid)...
[[0;32m  OK  [0m] Listening on LXD - unix socket.
[[0;32m  OK  [0m] Listening on Socket activation for snappy daemon.
[[0;32m  OK  [0m] Reached target Sockets.
[[0;32m  OK  [0m] Reached target Basic System.
[[0;32m  OK  [0m] Started Regular background program processing daemon.
         Starting LSB: MD monitoring daemon...
         Starting System Logging Service...
         Starting Accounts Service...
         Starting /etc/rc.local Compatibility...
[[0;32m  OK  [0m] Started ACPI event daemon.
         Starting Virtualbox guest utils...
         Starting Snappy daemon...
[[0;32m  OK  [0m] Started Deferred execution scheduler.
         Starting OpenBSD Secure Shell server...
[[0;32m  OK  [0m] Started D-Bus System Message Bus.
[[0;32m  OK  [0m] Started FUSE filesystem for LXC.
         Starting Login Service...
         Starting LSB: Record successful boot for GRUB...
         Starting LXD - container startup/shutdown...
[[0;32m  OK  [0m] Started System Logging Service.
[[0;32m  OK  [0m] Started /etc/rc.local Compatibility.
[[0;32m  OK  [0m] Started iSCSI initiator daemon (iscsid).
[[0;32m  OK  [0m] Started OpenBSD Secure Shell server.
[[0;32m  OK  [0m] Started Login Service.
[[0;32m  OK  [0m] Started Unattended Upgrades Shutdown.
         Starting Authenticate and Authorize Users to Run Privileged Tasks...
         Starting Login to default iSCSI targets...
[[0;32m  OK  [0m] Started LSB: MD monitoring daemon.
[[0;32m  OK  [0m] Started Login to default iSCSI targets.
[[0;32m  OK  [0m] Reached target Remote File Systems (Pre).
[[0;32m  OK  [0m] Reached target Remote File Systems.
         Starting LSB: Set the CPU Frequency Scaling governor to "ondemand"...
         Starting Permit User Sessions...
         Starting LSB: automatic crash report generation...
         Starting LSB: daemon to balance interrupts for SMP systems...
[[0;32m  OK  [0m] Started LSB: Record successful boot for GRUB.
[[0;32m  OK  [0m] Started Virtualbox guest utils.
[[0;32m  OK  [0m] Started Permit User Sessions.
         Starting Terminate Plymouth Boot Screen...
         Starting Hold until boot process finishes up...
[[0;32m  OK  [0m] Started Hold until boot process finishes up.
[[0;32m  OK  [0m] Started Getty on tty1.
[[0;32m  OK  [0m] Started Serial Getty on ttyS0.
[[0;32m  OK  [0m] Reached target Login Prompts.
         Starting Set console scheme...
[[0;32m  OK  [0m] Started LXD - container startup/shutdown.
[[0;32m  OK  [0m] Started Authenticate and Authorize Users to Run Privileged Tasks.
[[0;32m  OK  [0m] Started LSB: daemon to balance interrupts for SMP systems.
[[0;32m  OK  [0m] Started Accounts Service.
[[0;32m  OK  [0m] Started LSB: Set the CPU Frequency Scaling governor to "ondemand".
[[0;32m  OK  [0m] Started Terminate Plymouth Boot Screen.
[[0;32m  OK  [0m] Started Set console scheme.
[[0;32m  OK  [0m] Started LSB: automatic crash report generation.
[[0;32m  OK  [0m] Created slice User Slice of vagrant.
         Starting User Manager for UID 1000...
[[0;32m  OK  [0m] Started Session 1 of user vagrant.
[[0;32m  OK  [0m] Started User Manager for UID 1000.
[[0;32m  OK  [0m] Started Snappy daemon.
         Starting Wait until snapd is fully seeded...
[[0;32m  OK  [0m] Started Wait until snapd is fully seeded.
[[0;32m  OK  [0m] Reached target Multi-User System.
[[0;32m  OK  [0m] Reached target Graphical Interface.
         Starting Update UTMP about System Runlevel Changes...
         Starting Apply the settings specified in cloud-config...
[[0;32m  OK  [0m] Started Update UTMP about System Runlevel Changes.

Ubuntu 16.04.6 LTS ubuntu-xenial ttyS0

ubuntu-xenial login: [   52.346036] cloud-init[1259]: Cloud-init v. 19.1-1-gbaa47854-0ubuntu1~16.04.1 running 'modules:config' at Fri, 23 Aug 2019 16:13:01 +0000. Up 51.74 seconds.
[   56.950728] cloud-init[1330]: Cloud-init v. 19.1-1-gbaa47854-0ubuntu1~16.04.1 running 'modules:final' at Fri, 23 Aug 2019 16:13:05 +0000. Up 56.03 seconds.
[   56.952019] cloud-init[1330]: Cloud-init v. 19.1-1-gbaa47854-0ubuntu1~16.04.1 finished at Fri, 23 Aug 2019 16:13:06 +0000. Datasource DataSourceNoCloud [seed=/dev/sdb][dsmode=net].  Up 56.86 seconds
