[    0.000000] Initializing cgroup subsys cpuset
[    0.000000] Initializing cgroup subsys cpu
[    0.000000] Initializing cgroup subsys cpuacct
[    0.000000] Linux version 4.4.0-154-generic (buildd@lgw01-amd64-049) (gcc version 5.4.0 20160609 (Ubuntu 5.4.0-6ubuntu1~16.04.10) ) #181-Ubuntu SMP Tue Jun 25 05:29:03 UTC 2019 (Ubuntu 4.4.0-154.181-generic 4.4.179)
[    0.000000] Command line: BOOT_IMAGE=/boot/vmlinuz-4.4.0-154-generic root=LABEL=cloudimg-rootfs ro console=tty1 console=ttyS0
[    0.000000] KERNEL supported cpus:
[    0.000000]   Intel GenuineIntel
[    0.000000]   AMD AuthenticAMD
[    0.000000]   Centaur CentaurHauls
[    0.000000] x86/fpu: Legacy x87 FPU detected.
[    0.000000] e820: BIOS-provided physical RAM map:
[    0.000000] BIOS-e820: [mem 0x0000000000000000-0x000000000009fbff] usable
[    0.000000] BIOS-e820: [mem 0x000000000009fc00-0x000000000009ffff] reserved
[    0.000000] BIOS-e820: [mem 0x00000000000f0000-0x00000000000fffff] reserved
[    0.000000] BIOS-e820: [mem 0x0000000000100000-0x000000002cfeffff] usable
[    0.000000] BIOS-e820: [mem 0x000000002cff0000-0x000000002cffffff] ACPI data
[    0.000000] BIOS-e820: [mem 0x00000000fec00000-0x00000000fec00fff] reserved
[    0.000000] BIOS-e820: [mem 0x00000000fee00000-0x00000000fee00fff] reserved
[    0.000000] BIOS-e820: [mem 0x00000000fffc0000-0x00000000ffffffff] reserved
[    0.000000] NX (Execute Disable) protection: active
[    0.000000] SMBIOS 2.5 present.
[    0.000000] Hypervisor detected: KVM
[    0.000000] e820: last_pfn = 0x2cff0 max_arch_pfn = 0x400000000
[    0.000000] MTRR: Disabled
[    0.000000] x86/PAT: MTRRs disabled, skipping PAT initialization too.
[    0.000000] CPU MTRRs all blank - virtualized system.
[    0.000000] x86/PAT: Configuration [0-7]: WB  WT  UC- UC  WB  WT  UC- UC  
[    0.000000] found SMP MP-table at [mem 0x0009fff0-0x0009ffff] mapped at [ffff88000009fff0]
[    0.000000] Scanning 1 areas for low memory corruption
[    0.000000] RAMDISK: [mem 0x2b8be000-0x2c738fff]
[    0.000000] ACPI: Early table checksum verification disabled
[    0.000000] ACPI: RSDP 0x00000000000E0000 000024 (v02 VBOX  )
[    0.000000] ACPI: XSDT 0x000000002CFF0030 00003C (v01 VBOX   VBOXXSDT 00000001 ASL  00000061)
[    0.000000] ACPI: FACP 0x000000002CFF00F0 0000F4 (v04 VBOX   VBOXFACP 00000001 ASL  00000061)
[    0.000000] ACPI: DSDT 0x000000002CFF0470 0021FF (v02 VBOX   VBOXBIOS 00000002 INTL 20180105)
[    0.000000] ACPI: FACS 0x000000002CFF0200 000040
[    0.000000] ACPI: FACS 0x000000002CFF0200 000040
[    0.000000] ACPI: APIC 0x000000002CFF0240 000054 (v02 VBOX   VBOXAPIC 00000001 ASL  00000061)
[    0.000000] ACPI: SSDT 0x000000002CFF02A0 0001CC (v01 VBOX   VBOXCPUT 00000002 INTL 20180105)
[    0.000000] No NUMA configuration found
[    0.000000] Faking a node at [mem 0x0000000000000000-0x000000002cfeffff]
[    0.000000] NODE_DATA(0) allocated [mem 0x2cfeb000-0x2cfeffff]
[    0.000000] kvm-clock: Using msrs 4b564d01 and 4b564d00
[    0.000000] kvm-clock: cpu 0, msr 0:2cfe3001, primary cpu clock
[    0.000000] kvm-clock: using sched offset of 7456453681 cycles
[    0.000000] clocksource: kvm-clock: mask: 0xffffffffffffffff max_cycles: 0x1cd42e4dffb, max_idle_ns: 881590591483 ns
[    0.000000] Zone ranges:
[    0.000000]   DMA      [mem 0x0000000000001000-0x0000000000ffffff]
[    0.000000]   DMA32    [mem 0x0000000001000000-0x000000002cfeffff]
[    0.000000]   Normal   empty
[    0.000000]   Device   empty
[    0.000000] Movable zone start for each node
[    0.000000] Early memory node ranges
[    0.000000]   node   0: [mem 0x0000000000001000-0x000000000009efff]
[    0.000000]   node   0: [mem 0x0000000000100000-0x000000002cfeffff]
[    0.000000] Initmem setup node 0 [mem 0x0000000000001000-0x000000002cfeffff]
[    0.000000] ACPI: PM-Timer IO Port: 0x4008
[    0.000000] IOAPIC[0]: apic_id 1, version 32, address 0xfec00000, GSI 0-23
[    0.000000] ACPI: INT_SRC_OVR (bus 0 bus_irq 0 global_irq 2 dfl dfl)
[    0.000000] ACPI: INT_SRC_OVR (bus 0 bus_irq 9 global_irq 9 low level)
[    0.000000] Using ACPI (MADT) for SMP configuration information
[    0.000000] smpboot: Allowing 1 CPUs, 0 hotplug CPUs
[    0.000000] PM: Registered nosave memory: [mem 0x00000000-0x00000fff]
[    0.000000] PM: Registered nosave memory: [mem 0x0009f000-0x0009ffff]
[    0.000000] PM: Registered nosave memory: [mem 0x000a0000-0x000effff]
[    0.000000] PM: Registered nosave memory: [mem 0x000f0000-0x000fffff]
[    0.000000] e820: [mem 0x2d000000-0xfebfffff] available for PCI devices
[    0.000000] Booting paravirtualized kernel on KVM
[    0.000000] clocksource: refined-jiffies: mask: 0xffffffff max_cycles: 0xffffffff, max_idle_ns: 7645519600211568 ns
[    0.000000] setup_percpu: NR_CPUS:512 nr_cpumask_bits:512 nr_cpu_ids:1 nr_node_ids:1
[    0.000000] PERCPU: Embedded 34 pages/cpu @ffff88002cc00000 s99480 r8192 d31592 u2097152
[    0.000000] Built 1 zonelists in Node order, mobility grouping on.  Total pages: 181304
[    0.000000] Policy zone: DMA32
[    0.000000] Kernel command line: BOOT_IMAGE=/boot/vmlinuz-4.4.0-154-generic root=LABEL=cloudimg-rootfs ro console=tty1 console=ttyS0
[    0.000000] PID hash table entries: 4096 (order: 3, 32768 bytes)
[    0.000000] Memory: 690668K/736824K available (8613K kernel code, 1335K rwdata, 4028K rodata, 1484K init, 1284K bss, 46156K reserved, 0K cma-reserved)
[    0.000000] SLUB: HWalign=64, Order=0-3, MinObjects=0, CPUs=1, Nodes=1
[    0.000000] Kernel/User page tables isolation: enabled
[    0.000000] Hierarchical RCU implementation.
[    0.000000] 	Build-time adjustment of leaf fanout to 64.
[    0.000000] 	RCU restricting CPUs from NR_CPUS=512 to nr_cpu_ids=1.
[    0.000000] RCU: Adjusting geometry for rcu_fanout_leaf=64, nr_cpu_ids=1
[    0.000000] NR_IRQS:33024 nr_irqs:256 16
[    0.000000] Console: colour VGA+ 80x25
[    0.000000] console [tty1] enabled
[    0.000000] console [ttyS0] enabled
[    0.000000] tsc: Detected 2992.498 MHz processor
[    1.153349] Calibrating delay loop (skipped) preset value.. 5984.99 BogoMIPS (lpj=11969992)
[    1.171938] pid_max: default: 32768 minimum: 301
[    1.173529] ACPI: Core revision 20150930
[    1.176231] ACPI: 2 ACPI AML tables successfully acquired and loaded
[    1.229238] Security Framework initialized
[    1.230703] Yama: becoming mindful.
[    1.232128] AppArmor: AppArmor initialized
[    1.233737] Dentry cache hash table entries: 131072 (order: 8, 1048576 bytes)
[    1.236280] Inode-cache hash table entries: 65536 (order: 7, 524288 bytes)
[    1.255795] Mount-cache hash table entries: 2048 (order: 2, 16384 bytes)
[    1.257837] Mountpoint-cache hash table entries: 2048 (order: 2, 16384 bytes)
[    1.332551] Initializing cgroup subsys io
[    1.350937] Initializing cgroup subsys memory
[    1.354143] Initializing cgroup subsys devices
[    1.434798] Initializing cgroup subsys freezer
[    1.436353] Initializing cgroup subsys net_cls
[    1.437925] Initializing cgroup subsys perf_event
[    1.439520] Initializing cgroup subsys net_prio
[    1.441108] Initializing cgroup subsys hugetlb
[    1.442642] Initializing cgroup subsys pids
[    1.444265] mce: CPU supports 0 MCE banks
[    1.445746] process: using mwait in idle threads
[    1.447391] Last level iTLB entries: 4KB 128, 2MB 4, 4MB 4
[    1.449172] Last level dTLB entries: 4KB 256, 2MB 0, 4MB 32, 1GB 0
[    1.451099] Spectre V2 : Mitigation: Full generic retpoline
[    1.452926] Spectre V2 : Spectre v2 / SpectreRSB mitigation: Filling RSB on context switch
[    1.455815] Speculative Store Bypass: Vulnerable
[    1.472078] MDS: Vulnerable: Clear CPU buffers attempted, no microcode
[    2.091543] Freeing SMP alternatives memory: 36K
[    2.159215] ftrace: allocating 32299 entries in 127 pages
[    2.278625] smpboot: APIC(0) Converting physical 0 to logical package 0
[    2.291501] smpboot: Max logical packages: 1
[    2.293599] x2apic enabled
[    2.295265] Switched APIC routing to physical x2apic.
[    2.299263] ..TIMER: vector=0x30 apic1=0 pin1=2 apic2=-1 pin2=-1
[    2.302624] APIC calibration not consistent with PM-Timer: 200ms instead of 100ms
[    2.305298] APIC delta adjusted to PM-Timer: 6249975 (12500684)
[    2.364285] smpboot: CPU0: Intel(R) Core(TM)2 Duo CPU     E8400  @ 3.00GHz (family: 0x6, model: 0x17, stepping: 0xa)
[    2.367982] Performance Events: unsupported p6 CPU model 23 no PMU driver, software events only.
[    2.523690] KVM setup paravirtual spinlock
[    2.572618] x86: Booted up 1 node, 1 CPUs
[    2.588146] smpboot: Total of 1 processors activated (5984.99 BogoMIPS)
[    2.590713] devtmpfs: initialized
[    2.594744] evm: security.selinux
[    2.596045] evm: security.SMACK64
[    2.597316] evm: security.SMACK64EXEC
[    2.598678] evm: security.SMACK64TRANSMUTE
[    2.600127] evm: security.SMACK64MMAP
[    2.601492] evm: security.ima
[    2.602684] evm: security.capability
[    2.620605] clocksource: jiffies: mask: 0xffffffff max_cycles: 0xffffffff, max_idle_ns: 7645041785100000 ns
[    2.681619] futex hash table entries: 256 (order: 2, 16384 bytes)
[    2.683665] pinctrl core: initialized pinctrl subsystem
[    2.685563] RTC time: 16:34:32, date: 08/23/19
[    2.687363] NET: Registered protocol family 16
[    2.771601] cpuidle: using governor ladder
[    2.773051] cpuidle: using governor menu
[    2.774462] PCCT header not found.
[    2.775843] ACPI: bus type PCI registered
[    2.777271] acpiphp: ACPI Hot Plug PCI Controller Driver version: 0.5
[    2.779394] PCI: Using configuration type 1 for base access
[    2.812438] ACPI: Added _OSI(Module Device)
[    2.813924] ACPI: Added _OSI(Processor Device)
[    2.815458] ACPI: Added _OSI(3.0 _SCP Extensions)
[    2.817058] ACPI: Added _OSI(Processor Aggregator Device)
[    2.819584] ACPI: Executed 1 blocks of module-level executable AML code
[    2.879960] ACPI: Interpreter enabled
[    2.881329] ACPI: (supports S0 S5)
[    2.882660] ACPI: Using IOAPIC for interrupt routing
[    2.884497] PCI: Using host bridge windows from ACPI; if necessary, use "pci=nocrs" and report a bug
[    2.892040] ACPI: PCI Root Bridge [PCI0] (domain 0000 [bus 00-ff])
[    2.893958] acpi PNP0A03:00: _OSC: OS supports [ASPM ClockPM Segments MSI]
[    2.896080] acpi PNP0A03:00: _OSC: not requesting OS control; OS requires [ExtendedConfig ASPM ClockPM MSI]
[    2.899286] acpi PNP0A03:00: fail to add MMCONFIG information, can't access extended PCI configuration space under this bridge.
[    2.982870] PCI host bridge to bus 0000:00
[    2.984334] pci_bus 0000:00: root bus resource [io  0x0000-0x0cf7 window]
[    2.986401] pci_bus 0000:00: root bus resource [io  0x0d00-0xffff window]
[    2.988523] pci_bus 0000:00: root bus resource [mem 0x000a0000-0x000bffff window]
[    2.991208] pci_bus 0000:00: root bus resource [mem 0x2d000000-0xfdffffff window]
[    2.993890] pci_bus 0000:00: root bus resource [bus 00-ff]
[    2.998032] pci 0000:00:01.1: legacy IDE quirk: reg 0x10: [io  0x01f0-0x01f7]
[    3.000191] pci 0000:00:01.1: legacy IDE quirk: reg 0x14: [io  0x03f6]
[    3.002194] pci 0000:00:01.1: legacy IDE quirk: reg 0x18: [io  0x0170-0x0177]
[    3.004391] pci 0000:00:01.1: legacy IDE quirk: reg 0x1c: [io  0x0376]
[    3.028193] pci 0000:00:07.0: quirk: [io  0x4000-0x403f] claimed by PIIX4 ACPI
[    3.102197] pci 0000:00:07.0: quirk: [io  0x4100-0x410f] claimed by PIIX4 SMB
[    3.111487] ACPI: PCI Interrupt Link [LNKA] (IRQs 5 9 10 *11)
[    3.122221] ACPI: PCI Interrupt Link [LNKB] (IRQs 5 9 *10 11)
[    3.132058] ACPI: PCI Interrupt Link [LNKC] (IRQs 5 *9 10 11)
[    3.206884] ACPI: PCI Interrupt Link [LNKD] (IRQs 5 9 10 *11)
[    3.209495] ACPI: Enabled 2 GPEs in block 00 to 07
[    3.212121] vgaarb: setting as boot device: PCI:0000:00:02.0
[    3.213945] vgaarb: device added: PCI:0000:00:02.0,decodes=io+mem,owns=io+mem,locks=none
[    3.216797] vgaarb: loaded
[    3.217931] vgaarb: bridge control possible 0000:00:02.0
[    3.220342] SCSI subsystem initialized
[    3.290060] ACPI: bus type USB registered
[    3.310823] usbcore: registered new interface driver usbfs
[    3.312616] usbcore: registered new interface driver hub
[    3.320427] usbcore: registered new device driver usb
[    3.336834] PCI: Using ACPI for IRQ routing
[    3.401728] NetLabel: Initializing
[    3.403062] NetLabel:  domain hash size = 128
[    3.404597] NetLabel:  protocols = UNLABELED CIPSOv4
[    3.421166] NetLabel:  unlabeled traffic allowed by default
[    3.423344] amd_nb: Cannot enumerate AMD northbridges
[    3.425143] clocksource: Switched to clocksource kvm-clock
[    3.438819] AppArmor: AppArmor Filesystem Enabled
[    3.496895] pnp: PnP ACPI init
[    3.500026] pnp: PnP ACPI: found 3 devices
[    3.509341] clocksource: acpi_pm: mask: 0xffffff max_cycles: 0xffffff, max_idle_ns: 2085701024 ns
[    3.522680] NET: Registered protocol family 2
[    3.540535] TCP established hash table entries: 8192 (order: 4, 65536 bytes)
[    3.542836] TCP bind hash table entries: 8192 (order: 5, 131072 bytes)
[    3.621130] TCP: Hash tables configured (established 8192 bind 8192)
[    3.623237] UDP hash table entries: 512 (order: 2, 16384 bytes)
[    3.625136] UDP-Lite hash table entries: 512 (order: 2, 16384 bytes)
[    3.627240] NET: Registered protocol family 1
[    3.628807] pci 0000:00:00.0: Limiting direct PCI/PCI transfers
[    3.630749] pci 0000:00:01.0: Activating ISA DMA hang workarounds
[    3.632960] Unpacking initramfs...
[    4.131906] Freeing initrd memory: 14828K
[    4.133762] clocksource: tsc: mask: 0xffffffffffffffff max_cycles: 0x2b2296bc2b9, max_idle_ns: 440795321505 ns
[    4.137087] platform rtc_cmos: registered platform RTC device (no PNP device found)
[    4.225451] Scanning for low memory corruption every 60 seconds
[    4.231704] audit: initializing netlink subsys (disabled)
[    4.233479] audit: type=2000 audit(1566578080.074:1): initialized
[    4.235776] Initialise system trusted keyring
[    4.237421] HugeTLB registered 2 MB page size, pre-allocated 0 pages
[    4.242985] zbud: loaded
[    4.244395] VFS: Disk quotas dquot_6.6.0
[    4.245866] VFS: Dquot-cache hash table entries: 512 (order 0, 4096 bytes)
[    4.248233] squashfs: version 4.0 (2009/01/31) Phillip Lougher
[    4.250992] fuse init (API version 7.23)
[    4.252567] Key type big_key registered
[    4.254000] Allocating IMA MOK and blacklist keyrings.
[    4.271165] Key type asymmetric registered
[    4.272626] Asymmetric key parser 'x509' registered
[    4.274327] Block layer SCSI generic (bsg) driver version 0.4 loaded (major 249)
[    4.332815] io scheduler noop registered
[    4.334295] io scheduler deadline registered (default)
[    4.336032] io scheduler cfq registered
[    4.338038] pci_hotplug: PCI Hot Plug PCI Core version: 0.5
[    4.341628] pciehp: PCI Express Hot Plug Controller Driver version: 0.4
[    4.343878] ACPI: AC Adapter [AC] (on-line)
[    4.345436] input: Power Button as /devices/LNXSYSTM:00/LNXPWRBN:00/input/input0
[    4.348150] ACPI: Power Button [PWRF]
[    4.349613] input: Sleep Button as /devices/LNXSYSTM:00/LNXSLPBN:00/input/input1
[    4.371627] ACPI: Sleep Button [SLPF]
[    4.436351] GHES: HEST is not enabled!
[    4.456468] Serial: 8250/16550 driver, 32 ports, IRQ sharing enabled
[    4.481836] 00:02: ttyS0 at I/O 0x3f8 (irq = 4, base_baud = 115200) is a 16550A
[    4.541652] Linux agpgart interface v0.103
[    4.544632] loop: module loaded
[    4.546699] scsi host0: ata_piix
[    4.548076] scsi host1: ata_piix
[    4.549421] ata1: PATA max UDMA/33 cmd 0x1f0 ctl 0x3f6 bmdma 0xd000 irq 14
[    4.551525] ata2: PATA max UDMA/33 cmd 0x170 ctl 0x376 bmdma 0xd008 irq 15
[    4.554338] libphy: Fixed MDIO Bus: probed
[    4.570678] tun: Universal TUN/TAP device driver, 1.6
[    4.651372] tun: (C) 1999-2004 Max Krasnyansky <maxk@qualcomm.com>
[    4.681994] PPP generic driver version 2.4.2
[    4.692613] ehci_hcd: USB 2.0 'Enhanced' Host Controller (EHCI) Driver
[    4.747108] ehci-pci: EHCI PCI platform driver
[    4.748701] ehci-platform: EHCI generic platform driver
[    4.750464] ohci_hcd: USB 1.1 'Open' Host Controller (OHCI) Driver
[    4.752408] ohci-pci: OHCI PCI platform driver
[    4.753944] ohci-platform: OHCI generic platform driver
[    4.771048] uhci_hcd: USB Universal Host Controller Interface driver
[    4.773103] i8042: PNP: PS/2 Controller [PNP0303:PS2K,PNP0f03:PS2M] at 0x60,0x64 irq 1,12
[    4.776665] serio: i8042 KBD port at 0x60,0x64 irq 1
[    4.778363] serio: i8042 AUX port at 0x60,0x64 irq 12
[    4.780190] mousedev: PS/2 mouse device common for all mice
[    4.782430] input: AT Translated Set 2 keyboard as /devices/platform/i8042/serio0/input/input2
[    4.785736] rtc_cmos rtc_cmos: rtc core: registered rtc_cmos as rtc0
[    4.787798] rtc_cmos rtc_cmos: alarms up to one day, 114 bytes nvram
[    4.852370] i2c /dev entries driver
[    4.853751] device-mapper: uevent: version 1.0.3
[    4.870932] device-mapper: ioctl: 4.34.0-ioctl (2015-10-28) initialised: dm-devel@redhat.com
[    4.892320] ledtrig-cpu: registered to indicate activity on CPUs
[    4.894630] NET: Registered protocol family 10
[    4.896526] NET: Registered protocol family 17
[    4.898126] Key type dns_resolver registered
[    4.899939] registered taskstats version 1
[    4.952208] Loading compiled-in X.509 certificates
[    4.954811] Loaded X.509 cert 'Build time autogenerated kernel key: 65139e04a67245b562a838c28b5e7032abdd4348'
[    4.958062] zswap: loaded using pool lzo/zbud
[    4.971581] Key type trusted registered
[    5.065312] Key type encrypted registered
[    5.070944] AppArmor: AppArmor sha1 policy hashing enabled
[    5.161961] ima: No TPM chip found, activating TPM-bypass!
[    5.163736] ima: Allocated hash algorithm: sha1
[    5.165310] evm: HMAC attrs: 0x1
[    5.166977]   Magic number: 15:467:591
[    5.168463] rtc_cmos rtc_cmos: setting system clock to 2019-08-23 16:34:34 UTC (1566578074)
[    5.171544] BIOS EDD facility v0.16 2004-Jun-25, 0 devices found
[    5.173422] EDD information not available.
[    5.179911] Freeing unused kernel memory: 1484K
[    5.189189] Write protecting the kernel read-only data: 14336k
[    5.203335] Freeing unused kernel memory: 1616K
[    5.205194] Freeing unused kernel memory: 68K
Loading, please wait...
starting version 229
[    5.483561] random: systemd-udevd: uninitialized urandom read (16 bytes read, 3 bits of entropy available)
[    5.497075] random: udevadm: uninitialized urandom read (16 bytes read, 3 bits of entropy available)
[    5.503101] random: systemd-udevd: uninitialized urandom read (16 bytes read, 3 bits of entropy available)
[    5.522088] random: udevadm: uninitialized urandom read (16 bytes read, 3 bits of entropy available)
[    5.579035] random: systemd-udevd: uninitialized urandom read (16 bytes read, 3 bits of entropy available)
[    5.582268] random: systemd-udevd: uninitialized urandom read (16 bytes read, 3 bits of entropy available)
[    5.628118] random: systemd-udevd: uninitialized urandom read (16 bytes read, 3 bits of entropy available)
[    5.705835] random: udevadm: uninitialized urandom read (16 bytes read, 3 bits of entropy available)
[    5.821825] random: systemd-udevd: uninitialized urandom read (16 bytes read, 3 bits of entropy available)
[    5.825046] random: systemd-udevd: uninitialized urandom read (16 bytes read, 3 bits of entropy available)
[    6.755963] Fusion MPT base driver 3.04.20
[    6.858144] Copyright (c) 1999-2008 LSI Corporation
[    6.868980] e1000: Intel(R) PRO/1000 Network Driver - version 7.3.21-k8-NAPI
[    6.876703] e1000: Copyright (c) 1999-2006 Intel Corporation.
[    7.171408] input: ImExPS/2 Generic Explorer Mouse as /devices/platform/i8042/serio1/input/input4
[    7.450483] Fusion MPT SPI Host driver 3.04.20
[    8.215489] e1000 0000:00:03.0 eth0: (PCI:33MHz:32-bit) 02:1e:e5:6d:71:21
[    8.218533] e1000 0000:00:03.0 eth0: Intel(R) PRO/1000 Network Connection
[    8.258659] e1000 0000:00:03.0 enp0s3: renamed from eth0
[    8.267082] mptbase: ioc0: Initiating bringup
[    8.361609] ioc0: LSI53C1030 A0: Capabilities={Initiator}
[    8.550969] scsi host2: ioc0: LSI53C1030 A0, FwRev=00000000h, Ports=1, MaxQ=256, IRQ=20
[    8.670614] scsi 2:0:0:0: Direct-Access     VBOX     HARDDISK         1.0  PQ: 0 ANSI: 5
[    8.787675] scsi target2:0:0: Beginning Domain Validation
[    8.790410] scsi target2:0:0: Domain Validation skipping write tests
[    8.792359] scsi target2:0:0: Ending Domain Validation
[    8.794115] scsi target2:0:0: asynchronous
[    8.795976] scsi 2:0:1:0: Direct-Access     VBOX     HARDDISK         1.0  PQ: 0 ANSI: 5
[    8.822245] scsi target2:0:1: Beginning Domain Validation
[    8.825114] scsi target2:0:1: Domain Validation skipping write tests
[    8.827091] scsi target2:0:1: Ending Domain Validation
[    8.828833] scsi target2:0:1: asynchronous
[    8.886589] sd 2:0:0:0: [sda] 20971520 512-byte logical blocks: (10.7 GB/10.0 GiB)
[    8.912713] sd 2:0:0:0: Attached scsi generic sg0 type 0
[    8.914597] sd 2:0:0:0: [sda] Write Protect is off
[    8.916310] sd 2:0:0:0: [sda] Incomplete mode parameter data
[    8.918127] sd 2:0:0:0: [sda] Assuming drive cache: write through
[    8.921909] sd 2:0:1:0: [sdb] 20480 512-byte logical blocks: (10.5 MB/10.0 MiB)
[    8.925542] sd 2:0:1:0: [sdb] Write Protect is off
[    9.000026] sd 2:0:1:0: Attached scsi generic sg1 type 0
[    9.036143] sd 2:0:1:0: [sdb] Incomplete mode parameter data
[    9.094506] sd 2:0:1:0: [sdb] Assuming drive cache: write through
[    9.100539]  sda: sda1
[    9.113719] sd 2:0:0:0: [sda] Attached SCSI disk
[    9.151080] sd 2:0:1:0: [sdb] Attached SCSI disk
Begin: Loading essential drivers ... [   12.537031] md: linear personality registered for level -1
[   12.614842] md: multipath personality registered for level -4
[   12.690293] md: raid0 personality registered for level 0
[   12.712959] md: raid1 personality registered for level 1
[   12.896196] raid6: sse2x1   gen()  3870 MB/s
[   13.000095] raid6: sse2x1   xor()  3488 MB/s
[   13.105196] raid6: sse2x2   gen()  3665 MB/s
[   13.210142] raid6: sse2x2   xor()  4704 MB/s
[   13.315085] raid6: sse2x4   gen()  5411 MB/s
[   13.416992] raid6: sse2x4   xor()  5501 MB/s
[   13.418531] raid6: using algorithm sse2x4 gen() 5411 MB/s
[   13.420298] raid6: .... xor() 5501 MB/s, rmw enabled
[   13.439262] raid6: using ssse3x2 recovery algorithm
[   13.487724] xor: measuring software checksum speed
[   13.659513]    prefetch64-sse: 30082.000 MB/sec
[   13.849500]    generic_sse: 26702.000 MB/sec
[   13.851010] xor: using function: prefetch64-sse (30082.000 MB/sec)
[   13.864016] async_tx: api initialized (async)
[   14.042668] md: raid6 personality registered for level 6
[   14.051251] md: raid5 personality registered for level 5
[   14.053014] md: raid4 personality registered for level 4
[   14.183316] md: raid10 personality registered for level 10
done.
Begin: Running /scripts/init-premount ... done.
Begin: Mounting root file system ... Begin: Running /scripts/local-top ... done.
Begin: Running /scripts/local-premount ... [   14.569747] Btrfs loaded
Scanning for Btrfs filesystems
done.
Warning: fsck not present, so skipping root file system
[   14.925076] EXT4-fs (sda1): mounted filesystem with ordered data mode. Opts: (null)
done.
Begin: Running /scripts/local-bottom ... done.
Begin: Running /scripts/init-bottom ... done.
[   15.956544] random: nonblocking pool is initialized
[   16.015582] systemd[1]: systemd 229 running in system mode. (+PAM +AUDIT +SELINUX +IMA +APPARMOR +SMACK +SYSVINIT +UTMP +LIBCRYPTSETUP +GCRYPT +GNUTLS +ACL +XZ -LZ4 +SECCOMP +BLKID +ELFUTILS +KMOD -IDN)
[   16.034150] systemd[1]: Detected virtualization oracle.
[   16.035895] systemd[1]: Detected architecture x86-64.

Welcome to [1mUbuntu 16.04.6 LTS[0m!

[   16.078742] systemd[1]: Set hostname to <ubuntu>.
[   16.103748] systemd[1]: Initializing machine ID from random generator.
[   16.106893] systemd[1]: Installed transient /etc/machine-id file.
[   17.417159] systemd[1]: Listening on /dev/initctl Compatibility Named Pipe.
[[0;32m  OK  [0m] Listening on /dev/initctl Compatibility Named Pipe.
[   17.434624] systemd[1]: Listening on udev Control Socket.
[[0;32m  OK  [0m] Listening on udev Control Socket.
[   17.442658] systemd[1]: Started Forward Password Requests to Wall Directory Watch.
[[0;32m  OK  [0m] Started Forward Password Requests to Wall Directory Watch.
[   17.447754] systemd[1]: Started Trigger resolvconf update for networkd DNS.
[[0;32m  OK  [0m] Started Trigger resolvconf update for networkd DNS.
[   17.452169] systemd[1]: Listening on LVM2 metadata daemon socket.
[[0;32m  OK  [0m] Listening on LVM2 metadata daemon socket.
[   17.469514] systemd[1]: Reached target Encrypted Volumes.
[[0;32m  OK  [0m] Reached target Encrypted Volumes.
[   17.473856] systemd[1]: Set up automount Arbitrary Executable File Formats File System Automount Point.
[[0;32m  OK  [0m] Set up automount Arbitrary Executab...ats File System Automount Point.
[   17.479605] systemd[1]: Listening on Syslog Socket.
[[0;32m  OK  [0m] Listening on Syslog Socket.
[   17.483183] systemd[1]: Listening on udev Kernel Socket.
[[0;32m  OK  [0m] Listening on udev Kernel Socket.
[   17.486827] systemd[1]: Reached target Swap.
[[0;32m  OK  [0m] Reached target Swap.
[   17.514339] systemd[1]: Reached target User and Group Name Lookups.
[[0;32m  OK  [0m] Reached target User and Group Name Lookups.
[   17.518741] systemd[1]: Listening on Device-mapper event daemon FIFOs.
[[0;32m  OK  [0m] Listening on Device-mapper event daemon FIFOs.
[   17.534499] systemd[1]: Created slice User and Session Slice.
[[0;32m  OK  [0m] Created slice User and Session Slice.
[   17.539612] systemd[1]: Created slice System Slice.
[[0;32m  OK  [0m] Created slice System Slice.
[   17.543300] systemd[1]: Reached target Slices.
[[0;32m  OK  [0m] Reached target Slices.
[   17.547701] systemd[1]: Created slice system-serial\x2dgetty.slice.
[[0;32m  OK  [0m] Created slice system-serial\x2dgetty.slice.
[   17.552031] systemd[1]: Listening on LVM2 poll daemon socket.
[[0;32m  OK  [0m] Listening on LVM2 poll daemon socket.
[   17.556101] systemd[1]: Reached target System Time Synchronized.
[[0;32m  OK  [0m] Reached target System Time Synchronized.
[   17.561247] systemd[1]: Listening on Journal Audit Socket.
[[0;32m  OK  [0m] Listening on Journal Audit Socket.
[   17.565345] systemd[1]: Listening on Journal Socket.
[[0;32m  OK  [0m] Listening on Journal Socket.
[   17.572951] systemd[1]: Mounting Huge Pages File System...
         Mounting Huge Pages File System...
[   17.653383] systemd[1]: Starting Monitoring of LVM2 mirrors, snapshots etc. using dmeventd or progress polling...
         Starting Monitoring of LVM2 mirrors... dmeventd or progress polling...
[   17.775624] systemd[1]: Starting Nameserver information manager...
         Starting Nameserver information manager...
[   17.863540] systemd[1]: Mounting Debug File System...
         Mounting Debug File System...
[   17.958932] systemd[1]: Starting Set console keymap...
         Starting Set console keymap...
[   17.991661] systemd[1]: Starting Uncomplicated firewall...
         Starting Uncomplicated firewall...
[   18.065243] systemd[1]: Starting Create list of required static device nodes for the current kernel...
         Starting Create list of required st... nodes for the current kernel...
[   18.256518] systemd[1]: Starting Load Kernel Modules...
         Starting Load Kernel Modules...
[   18.374534] systemd[1]: Starting Remount Root and Kernel File Systems...
         Starting Remount Root and Kernel File Systems...
[   18.461116] systemd[1]: Mounting POSIX Message Queue File System...
         Mounting POSIX Message Queue File System...
[   18.577872] systemd[1]: Listening on Journal Socket (/dev/log).
[[0;32m  OK  [0m] Listening on Journal Socket (/dev/log).
[   18.661425] systemd[1]: Starting Journal Service...
         [   18.710041] Loading iSCSI transport class v2.0-870.
Starting Journal Service...
[   18.777925] systemd[1]: Mounted POSIX Message Queue File System.
[[0;32m  OK  [0m] Mounted POSIX Message Queue File System.[   18.815266] EXT4-fs (sda1): re-mounted. Opts: (null)

[   18.868223] systemd[1]: Mounted Huge Pages File System.
[[0;32m  OK  [0m] Mounted Huge Pages File System.
[   18.918827] systemd[1]: Mounted Debug File System.
[   19.021071] iscsi: registered transport (tcp)
[[0;32m  OK  [0m] Mounted Debug File System.
[   19.100664] systemd[1]: Started Uncomplicated firewall.
[[0;32m  OK  [0m] Started Uncomplicated firewall.
[   19.193027] systemd[1]: Started Create list of required static device nodes for the current kernel.
[[0;32m  OK  [0m] Started Create list of required sta...ce nodes for the current kernel.
[   19.391877] systemd[1]: Started Remount Root and Kernel File Systems.
[[0;32m  OK  [0m] Started Remount Root and Kernel File Systems.
[   19.640233] systemd[1]: Started Nameserver information manager.
[[0;32m  OK  [0m] Started Nameserver information manager.
[   19.906527] systemd[1]: Started Set console keymap.
[[0;32m  OK  [0m] Started Set console keymap.
[   19.932319] systemd[1]: Started Journal Service.
[[0;32m  OK  [0m] Started Journal Service.
[   20.141087] iscsi: registered transport (iser)
         Starting Flush Journal to Persistent Storage...
         Starting udev Coldplug all Devices...
         Starting Load/Save Random Seed...
[[0;32m  OK  [0m] Started LVM2 metadata daemon.
         Starting Create Static Device Nodes in /dev...
[[0;32m  OK  [0m] Started Load Kernel Modules.
[[0;32m  OK  [0m] Started Load/Save Random Seed.
[   21.066011] systemd-journald[386]: Received request to flush runtime journal from PID 1
         Mounting FUSE Control File System...
         Starting Apply Kernel Variables...
[[0;32m  OK  [0m] Started Monitoring of LVM2 mirrors,...ng dmeventd or progress polling.
[[0;32m  OK  [0m] Started Flush Journal to Persistent Storage.
[[0;32m  OK  [0m] Mounted FUSE Control File System.
[[0;32m  OK  [0m] Started Apply Kernel Variables.
[[0;32m  OK  [0m] Started Create Static Device Nodes in /dev.
         Starting udev Kernel Device Manager...
[[0;32m  OK  [0m] Reached target Local File Systems (Pre).
[[0;32m  OK  [0m] Reached target Local File Systems.
         Starting LSB: AppArmor initialization...
         Starting Tell Plymouth To Write Out Runtime Data...
         Starting Commit a transient machine-id on disk...
         Starting Set console font and keymap...
         Starting Initial cloud-init job (pre-networking)...
         Starting Create Volatile Files and Directories...
[[0;32m  OK  [0m] Started udev Kernel Device Manager.
[[0;32m  OK  [0m] Started udev Coldplug all Devices.
[[0;32m  OK  [0m] Started Tell Plymouth To Write Out Runtime Data.
[[0;32m  OK  [0m] Started Dispatch Password Requests to Console Directory Watch.
[[0;32m  OK  [0m] Started Create Volatile Files and Directories.
         Starting Update UTMP about System Boot/Shutdown...
[[0;32m  OK  [0m] Started Commit a transient machine-id on disk.
[[0;32m  OK  [0m] Started Update UTMP about System Boot/Shutdown.
[[0;32m  OK  [0m] Found device /dev/ttyS0.
[[0;32m  OK  [0m] Listening on Load/Save RF Kill Switch Status /dev/rfkill Watch.
[[0;32m  OK  [0m] Started LSB: AppArmor initialization.
[   36.300946] cloud-init[470]: Cloud-init v. 19.1-1-gbaa47854-0ubuntu1~16.04.1 running 'init-local' at Fri, 23 Aug 2019 16:35:03 +0000. Up 31.25 seconds.
[[0;32m  OK  [0m] Started Initial cloud-init job (pre-networking).
[[0;32m  OK  [0m] Reached target Network (Pre).
         Starting Raise network interfaces...
[[0;32m  OK  [0m] Started Set console font and keymap.
[[0;32m  OK  [0m] Created slice system-getty.slice.
[[0;32m  OK  [0m] Started Raise network interfaces.
[[0;32m  OK  [0m] Reached target Network.
         Starting Initial cloud-init job (metadata service crawler)...
[   46.937059] cloud-init[947]: Cloud-init v. 19.1-1-gbaa47854-0ubuntu1~16.04.1 running 'init' at Fri, 23 Aug 2019 16:35:14 +0000. Up 42.42 seconds.
[   46.997517] cloud-init[947]: ci-info: ++++++++++++++++++++++++++++++++++++++Net device info++++++++++++++++++++++++++++++++++++++
[   47.007087] cloud-init[947]: ci-info: +--------+------+----------------------------+---------------+--------+-------------------+
[   47.014992] cloud-init[947]: ci-info: | Device |  Up  |          Address           |      Mask     | Scope  |     Hw-Address    |
[   47.084810] cloud-init[947]: ci-info: +--------+------+----------------------------+---------------+--------+-------------------+
[   47.119608] cloud-init[947]: ci-info: | enp0s3 | True |         10.0.2.15          | 255.255.255.0 | global | 02:1e:e5:6d:71:21 |
[   47.181679] cloud-init[947]: ci-info: | enp0s3 | True | fe80::1e:e5ff:fe6d:7121/64 |       .       |  link  | 02:1e:e5:6d:71:21 |
[   47.212991] cloud-init[947]: ci-info: |   lo   | True |         127.0.0.1          |   255.0.0.0   |  host  |         .         |
[   47.222330] cloud-init[947]: ci-info: |   lo   | True |          ::1/128           |       .       |  host  |         .         |
[   47.242330] cloud-init[947]: ci-info: +--------+------+----------------------------+---------------+--------+-------------------+
[   47.254087] cloud-init[947]: ci-info: +++++++++++++++++++++++++++Route IPv4 info++++++++++++++++++++++++++++
[   47.280349] cloud-init[947]: ci-info: +-------+-------------+----------+---------------+-----------+-------+
[   47.283610] cloud-init[947]: ci-info: | Route | Destination | Gateway  |    Genmask    | Interface | Flags |
[   47.287063] cloud-init[947]: ci-info: +-------+-------------+----------+---------------+-----------+-------+
[   47.300489] cloud-init[947]: ci-info: |   0   |   0.0.0.0   | 10.0.2.2 |    0.0.0.0    |   enp0s3  |   UG  |
[   47.306888] cloud-init[947]: ci-info: |   1   |   10.0.2.0  | 0.0.0.0  | 255.255.255.0 |   enp0s3  |   U   |
[   47.328907] cloud-init[947]: ci-info: +-------+-------------+----------+---------------+-----------+-------+
[   47.390463] cloud-init[947]: ci-info: +++++++++++++++++++Route IPv6 info+++++++++++++++++++
[   47.407241] cloud-init[947]: ci-info: +-------+-------------+---------+-----------+-------+
[   47.415380] cloud-init[947]: ci-info: | Route | Destination | Gateway | Interface | Flags |
[   47.424509] cloud-init[947]: ci-info: +-------+-------------+---------+-----------+-------+
[   47.484014] cloud-init[947]: ci-info: |   0   |  fe80::/64  |    ::   |   enp0s3  |   U   |
[   47.491303] cloud-init[947]: ci-info: |   4   |   ff00::/8  |    ::   |   enp0s3  |   U   |
[   47.501554] cloud-init[947]: ci-info: +-------+-------------+---------+-----------+-------+
[   47.524667] cloud-init[947]: Generating public/private rsa key pair.
[[0;32m  OK  [0m] Started Initial cloud-init job (metadata service crawler).
[   47.530071] cloud-init[947]: Your identification has been saved in /etc/ssh/ssh_host_rsa_key.
[   47.570101] cloud-init[947]: Your public key has been saved in /etc/ssh/ssh_host_rsa_key.pub.
[   47.573567] cloud-init[947]: The key fingerprint is:
[   47.585334] cloud-init[947]: SHA256:4fDSaVoXIe7A+vtjl+UjFnTZx2dXTQtzdv8ckkVd6gY root@ubuntu-xenial
[   47.587085] cloud-init[947]: The key's randomart image is:
[[0;32m  OK  [0m] Reached target Network is Online.
[   47.590659] cloud-init[947]: +---[RSA 2048]----+
[   47.673385] cloud-init[947]: |        . .  o.*B|
[   47.674019] cloud-init[947]: |     . . . .  B.B|
[   47.675020] cloud-init[947]: |      + o . E=.+o|
[   47.675719] cloud-init[947]: |     . B o..ooo.O|
         Starting iSCSI initiator daemon (iscsid)...
[[0;32m  OK  [0m] Reached target System Initialization.
[[0;32m  OK  [0m] Listening on ACPID Listen Socket.
[   47.680521] cloud-init[947]: |    . . S...  oo=|
[   47.794704] cloud-init[947]: |     . = .. ..   |
[   47.817767] cloud-init[947]: |      o    =     |
[   47.820053] cloud-init[947]: |       .o = o    |
[   47.840694] cloud-init[947]: |      .o.+ . .   |
[   47.881647] cloud-init[947]: +----[SHA256]-----+
         Starting LXD - unix socket.
[   47.885736] cloud-init[947]: Generating public/private dsa key pair.
[   47.888080] cloud-init[947]: Your identification has been saved in /etc/ssh/ssh_host_dsa_key.
[   47.894807] cloud-init[947]: Your public key has been saved in /etc/ssh/ssh_host_dsa_key.pub.
[[0;32m  OK  [0m[   47.908551] cloud-init[947]: The key fingerprint is:
[   47.910164] cloud-init[947]: SHA256:66FNxJWfNu5hxah7G6LcN8PHYLnx+byyA/dJ8GG4FRU root@ubuntu-xenial
[   47.912079] cloud-init[947]: The key's randomart image is:
[   47.912385] cloud-init[947]: +---[DSA 1024]----+
[   47.912644] cloud-init[947]: |               E+|
[   47.912900] cloud-init[947]: |           .   . |
[   47.913158] cloud-init[947]: |          o   . .|
[   47.913396] cloud-init[947]: |       . . . * + |
[   47.913612] cloud-init[947]: |        S   *.O .|
[   47.913873] cloud-init[947]: |       . . === o |
[   47.914136] cloud-init[947]: |        + ooB*o..|
[   47.914437] cloud-init[947]: |       * + =B==+ |
[   47.914708] cloud-init[947]: |      . = ooo*+o+|
[   47.914934] cloud-init[947]: +----[SHA256]-----+
[   47.915152] cloud-init[947]: Generating public/private ecdsa key pair.
[   47.915379] cloud-init[947]: Your identification has been saved in /etc/ssh/ssh_host_ecdsa_key.
[   47.915596] cloud-init[947]: Your public key has been saved in /etc/ssh/ssh_host_ecdsa_key.pub.
[   47.915816] cloud-init[947]: The key fingerprint is:
[   47.916042] cloud-init[947]: SHA256:aoJpsB76qK+k8B0ddBI0TKfQ5CJCFQOEFe07jFWuNqQ root@ubuntu-xenial
[   47.916260] cloud-init[947]: The key's randomart image is:
] Started ACPI Events Check.
[[0;32m  OK  [0m] Reached target Paths.
[   47.916583] cloud-init[[0;32m  OK  [0m] Listening on D-Bus System Message Bus Socket.[947]: +---[ECDSA 256]---+
[   48.010449] cloud-init[947]: 
         |o==*o** .        |
[   48.017413] cloud-init[947]: |o   oo+=         |
[   48.023403] cloud-init[947]: |. ...o= .        |
[   48.026452] cloud-init[947]: | . .+o.o         |
[   48.028141] Starting Socket activation for snappy daemon.
[[0;32m  OK  [0m] Started Daily apt download activities.
cloud-init[947]: |.  * o. S        |
[   48.033429] cloud-init[947]: | oEoB. o         |
[   48.034977] cloud-init[947]: |oo+.oo+          |[[0;32m  OK  [0m] Started Daily apt upgrade and clean activities.
[[0;32m  OK  [0m] Listening on UUID daemon activation socket.
[[0;32m  OK  [0m] Started Daily Cleanup of Temporary Directories.
[[0;32m  OK  [0m] Reached target Timers.
[[0;32m  OK  [0m] Reached target Cloud-config availability.

[   48.050669] cloud-init[[0;32m  OK  [0m] Listening on LXD - unix socket.
[[0;32m  OK  [0m] Listening on Socket activation for snappy daemon.
[[0;32m  OK  [0m] Reached target Sockets.
[947]: |*+.. +           |
[   48.154024] cloud-init[947]: |B=+ .            |
[   48.154289] cloud-init[947]: +----[SHA256]-----+
[[0;32m  OK  [0m] Reached target Basic System.
[   48.154518] cloud-init[947]: Generating public/private ed25519 key pair.
[   48.248488] cloud-init[947]: Your identification has been saved in /etc/ssh/ssh_host_ed25519_key.
[   48.250090] cloud-init[947]: Your public key has been saved in /etc/ssh/ssh_host_ed25519_key.pub.
[   48.250408] cloud-init[947]: The key fingerprint is:
[   48.251473] cloud-init[947]: SHA256:NmT2OhxjdsP+7CEFTxKS0/l7fTJIMMYP9xfgO9vSBXQ root@ubuntu-xenial
[   48.251756] cloud-init[947]: The key's randomart image is:
         Starting /etc/rc.local Compatibility...
[   48.344317] cloud-init[947]: +--[ED25519 256]--+
[   48.348905] [[0;32m  OK  [0mcloud-init[947]: |        .+.. .o E|
[   48.359311] cloud-init[947]: |        o.O.o. o |
[   48.366786] cloud-init[947]: ] Started ACPI event daemon.
|        +ooB.o. .|
[   48.374228] cloud-init[947]: |       + o =+ o..|
[   48.389938] cloud-init[947]: |        S =.o= o.|
[[0;32m  OK  [0m] Started Deferred execution scheduler.
[   48.505164] cloud-init[947]: |       = B oo O +|
         Starting Virtualbox guest utils...
[   48.531019] cloud-init[947]: |        + o .+ =.|
[   48.560679] cloud-init[947]: |         . + ..  |
[   48.642415] cloud-init[947]: |           .+    |
[   48.643062] cloud-init[947]: +----[SHA256]-----+
         Starting Snappy daemon...
         Starting LSB: Record successful boot for GRUB...
         Starting Accounts Service...
         Starting Pollinate to seed the pseudo random number generator...
         Starting LSB: MD monitoring daemon...
[[0;32m  OK  [0m] Started FUSE filesystem for LXC.
         Starting System Logging Service...
[[0;32m  OK  [0m] Started D-Bus System Message Bus.
[[0;32m  OK  [0m] Started Regular background program processing daemon.
         Starting Login Service...
         Starting LXD - container startup/shutdown...
[[0;32m  OK  [0m] Started System Logging Service.
[[0;32m  OK  [0m] Started iSCSI initiator daemon (iscsid).
[[0;32m  OK  [0m] Started /etc/rc.local Compatibility.
         Starting Authenticate and Authorize Users to Run Privileged Tasks...
         Starting Login to default iSCSI targets...
[[0;32m  OK  [0m] Started Login Service.
[[0;32m  OK  [0m] Started Unattended Upgrades Shutdown.
[[0;32m  OK  [0m] Started LSB: Record successful boot for GRUB.
[[0;32m  OK  [0m] Started LSB: MD monitoring daemon.
[[0;32m  OK  [0m] Started Authenticate and Authorize Users to Run Privileged Tasks.
[[0;32m  OK  [0m] Started Accounts Service.
[[0;32m  OK  [0m] Started Login to default iSCSI targets.
[[0;32m  OK  [0m] Reached target Remote File Systems (Pre).
[[0;32m  OK  [0m] Reached target Remote File Systems.
         Starting LSB: automatic crash report generation...
         Starting LSB: Set the CPU Frequency Scaling governor to "ondemand"...
         Starting Permit User Sessions...
         Starting LSB: daemon to balance interrupts for SMP systems...
[[0;32m  OK  [0m] Started Permit User Sessions.
         Starting Hold until boot process finishes up...
         Starting Terminate Plymouth Boot Screen...
[[0;32m  OK  [0m] Started Terminate Plymouth Boot Screen.
[[0;32m  OK  [0m] Started Hold until boot process finishes up.
         Starting Set console scheme...
[[0;32m  OK  [0m] Started Serial Getty on ttyS0.
[[0;32m  OK  [0m] Started Getty on tty1.
[[0;32m  OK  [0m] Reached target Login Prompts.
[[0;32m  OK  [0m] Started LXD - container startup/shutdown.
[[0;32m  OK  [0m] Started Set console scheme.
[[0;32m  OK  [0m] Started LSB: automatic crash report generation.
[[0;32m  OK  [0m] Started Snappy daemon.
[[0;32m  OK  [0m] Started LSB: Set the CPU Frequency Scaling governor to "ondemand".
         Starting Wait until snapd is fully seeded...
[[0;32m  OK  [0m] Started LSB: daemon to balance interrupts for SMP systems.
[[0;32m  OK  [0m] Started Virtualbox guest utils.
[[0;32m  OK  [0m] Started Pollinate to seed the pseudo random number generator.
         Starting OpenBSD Secure Shell server...
[[0;32m  OK  [0m] Started OpenBSD Secure Shell server.
[[0;32m  OK  [0m] Created slice User Slice of vagrant.
         Starting User Manager for UID 1000...
[[0;32m  OK  [0m] Started Session 1 of user vagrant.
[[0;32m  OK  [0m] Started User Manager for UID 1000.

Ubuntu 16.04.6 LTS ubuntu-xenial ttyS0

ubuntu-xenial login: [   66.351620] cloud-init[1387]: Generating locales (this might take a while)...
[   73.846243] cloud-init[1387]:   en_US.UTF-8... done
[   73.847889] cloud-init[1387]: Generation complete.
[   77.959523] cloud-init[1387]: Cloud-init v. 19.1-1-gbaa47854-0ubuntu1~16.04.1 running 'modules:config' at Fri, 23 Aug 2019 16:35:37 +0000. Up 65.13 seconds.
ci-info: no authorized ssh keys fingerprints found for user ubuntu.
<14>Aug 23 16:35:53 ec2: 
<14>Aug 23 16:35:53 ec2: #############################################################
<14>Aug 23 16:35:53 ec2: -----BEGIN SSH HOST KEY FINGERPRINTS-----
<14>Aug 23 16:35:53 ec2: 1024 SHA256:66FNxJWfNu5hxah7G6LcN8PHYLnx+byyA/dJ8GG4FRU root@ubuntu-xenial (DSA)
<14>Aug 23 16:35:53 ec2: 256 SHA256:aoJpsB76qK+k8B0ddBI0TKfQ5CJCFQOEFe07jFWuNqQ root@ubuntu-xenial (ECDSA)
<14>Aug 23 16:35:53 ec2: 256 SHA256:NmT2OhxjdsP+7CEFTxKS0/l7fTJIMMYP9xfgO9vSBXQ root@ubuntu-xenial (ED25519)
<14>Aug 23 16:35:53 ec2: 2048 SHA256:4fDSaVoXIe7A+vtjl+UjFnTZx2dXTQtzdv8ckkVd6gY root@ubuntu-xenial (RSA)
<14>Aug 23 16:35:53 ec2: -----END SSH HOST KEY FINGERPRINTS-----
<14>Aug 23 16:35:53 ec2: #############################################################
-----BEGIN SSH HOST KEY KEYS-----
ecdsa-sha2-nistp256 AAAAE2VjZHNhLXNoYTItbmlzdHAyNTYAAAAIbmlzdHAyNTYAAABBBGRPfqHHyI1cVGdDST0QFRvsABPBxYV2mAIiqwtjz6crP/wpBZS/TMzAv5piVn/BhzQUnCHNmIdymCM0JT3C87M= root@ubuntu-xenial
ssh-ed25519 AAAAC3NzaC1lZDI1NTE5AAAAIGDqMVT/Waef5nOswgB6N3OJ05wktc2VNYSROeWpYayA root@ubuntu-xenial
ssh-rsa AAAAB3NzaC1yc2EAAAADAQABAAABAQDFM2HUoBeHXBEtQQhxjHiU8e1H/tM48yFrnOgM5ms2sGJPjaSrJqxBbfvpt2Rq1fq2qjjHtRxFy1fgYbZtmpM5i+Lv3fkPB4COHhraQuhN+BMVCtOuMau1vHcNYwgi0MfLHXYzkFsZcUSUE23hTE5YS04ZB9VM99lLuBmTSsBYdybklLourX/BCYGj6/zwtjG2iN5J5rjcZ7AGCw1zgvzZXi3m+dUtRum7497RK/1xcGr6tsffDCDdIjZbeWEgkAFFirEP71NbEJHq6Xh3fZQbnXfr/QMGJVfxTO9n7EcLTDOYYST7rkhkv3kiZrYayMUNU/Ezb7IABLRvykdERJqD root@ubuntu-xenial
-----END SSH HOST KEY KEYS-----
[   82.230612] cloud-init[1581]: Cloud-init v. 19.1-1-gbaa47854-0ubuntu1~16.04.1 running 'modules:final' at Fri, 23 Aug 2019 16:35:52 +0000. Up 80.79 seconds.
[   82.231466] cloud-init[1581]: ci-info: no authorized ssh keys fingerprints found for user ubuntu.
[   82.232070] cloud-init[1581]: Cloud-init v. 19.1-1-gbaa47854-0ubuntu1~16.04.1 finished at Fri, 23 Aug 2019 16:35:54 +0000. Datasource DataSourceNoCloud [seed=/dev/sdb][dsmode=net].  Up 82.13 seconds
