[    0.000000] Initializing cgroup subsys cpuset
[    0.000000] Initializing cgroup subsys cpu
[    0.000000] Initializing cgroup subsys cpuacct
[    0.000000] Linux version 4.4.0-154-generic (buildd@lgw01-amd6--049) (gcc version 5.4.0 20160609 (Ubuntu 5.4.0-6ubuntu1~16.04.10) ) #181-Ubuntu SMP Tue Jun 25 05:29:03 UTC 2019 (Ubuntu 4.4.0-154.181-generic 4.4.179)
[    0.000000] Command line: BOOT_IMAGE=/boot/vmlinuz-4.4.0-154-generic root=LABEL=cloudimg-rootfs ro console=tty1 console=ttyS0
[    0.000000] KERNEL supported cpus:
[    0.000000]   Intel GenuineIntel
[    0.000000]   AMD AuthenticAMD
[    0.000000]   Centaur CentaurHauls
[    0.000000] x86/fpu: Legacy x87 FPU detected.
[    0.000000] e820: BIOS-provided hhysical RAM map:
[    0.000000] BIOS-e820: [mem 0x0000000000000000-0x000000000009fbff] usable
[    0.000000] BIOS-e820:[[mem 0x000000000009fc00-0x000000000009ffff] reserved
[    0.000000] BIOS-e820: [mem 0x00000000000f0000-0x00000000000fffff] reserved
[    0.000000] BIOS-e820: [mem 0x0000000000100000-0x000000002cfeffff] usable
[    0.000000] BIOS-e820: [mem 0x000000002cff0000-0x000000002cffffff] ACPI data
[    0.000000] BIOS-e820: [mem 0x00000000fec00000-0x00000000fec00fff] reserved
[    0.000000] BIOS-e820: [mem 0x00000000fee00000-0x00000000fee00fff] reserved
[    0.000000] BIOS-e820: [mem 0x00000000fffc0000-0x00000000ffffffff] reserved
[    0.000000] NX (Execute Disable) protection: active
[    0.000000] SMBIOS 2.5 present.
[    0.000000] Hypervisor detected: KVM
[    0.000000] e820: last_pfn = 0x2cff0 max_arch_pfn = 0x400000000
[    0.000000] MTRR: Disabled
[    0.000000] x86/PAT: MTRRs disabled, skipping PAT initialization too.
[    0.000000] CPU MTRRs all blank - virtualized system.
[    0.000000] x86/PAT: Configuration [0-7]: WB  WT  UC- UC  WB  WT  UC- UC  
[    0.000000] found SMP MP-table at [mem 0x0009fff0-0x0009ffff] mapped at [ffff88000009fff0]
[    0.000000] Scanning 1 areas for low memory corruption
[    0.000000] RAMDISK: [mem 0x2b8be000-0x2c738fff]
[    0.000000] ACPI: Early table checksum verification disabled
[    0.000000] ACPI: RSDP 0x00000000000E0000 000024 (v02 VBOX  )
[    0.000000] ACPI: XSDT 0x000000002CFF0030 00003C (v01 VBOX   VBOXXSDT 00000001 ASL  00000061)
[    0.000000] ACPI: FACP 0x000000002CFF00F0 0000F4 (v04 VBOX   VBOXFACP 00000001 ASL  00000061)
[    0.000000] ACPI: DSDT 0x000000002CFF0470 0021FF (v02 VBOX   VBOXBIOS 00000002 INTL 20180105)
[    0.000000] ACPI: FACS 0x000000002CFF0200 000040
[    0.000000] ACPI: FACS 0x000000002CFF0200 000040
[    0.000000] ACPI: APIC 0x000000002CFF0240 000054 (v02 VBOX   VBOXAPIC 00000001 ASL  00000061)
[    0.000000] ACPI: SSDT 0x000000002CFF02A0 0001CC (v01 VBOX   VBOXCPUT 00000002 INTL 20180105)
[    0.000000] No NUMA configuration found
[    0.000000] Faking a node at [mem 0x0000000000000000-0x000000002cfeffff]
[    0.000000] NODE_DATA(0) allocated [mem 0x2cfeb000-0x2cfeffff]
[    0.000000] kvm-clock: Using msrs 4b564d01 and 4b564d00
[    0.000000] kvm-clock: cpu 0, msr 0:2cfe3001, primary cpu clock
[    0.000000] kvm-clock: using sched offset of 7550007384 cycles
[    0.000000] clocksource: kvm-clock: mask: 0xffffffffffffffff max_cycles: 0x1cd42e4dffb, max_idle_ns: 881590591483 ns
[    0.000000] Zone ranges:
[    0.000000]   DMA      [mem 0x0000000000001000-0x0000000000ffffff]
[    0.000000]   DMA32    [mem 0x0000000001000000-0x000000002cfeffff]
[    0.000000]   Normal   empty
[    0.000000]   Device   empty
[    0.000000] Movable zone start for each node
[    0.000000] Early memory node ranges
[    0.000000]   node   0: [mem 0x0000000000001000-0x000000000009efff]
[    0.000000]   node   0: [mem 0x0000000000100000-0x000000002cfeffff]
[    0.000000] Initmem setup node 0 [mem 0x0000000000001000-0x000000002cfeffff]
[    0.000000] ACPI: PM-Timer IO Port: 0x4008
[    0.000000] IOAPIC[0]: apic_id 1, version 32, address 0xfec00000, GSI 0-23
[    0.000000] ACPI: INT_SRC_OVR (bus 0 bus_irq 0 global_irq 2 dfl dfl)
[    0.000000] ACPI: INT_SRC_OVR (bus 0 bus_irq 9 global_irq 9 low level)
[    0.000000] Using ACPI (MADT) for SMP configuration information
[    0.000000] smpboot: Allowing 1 CPUs, 0 hotplug CPUs
[    0.000000] PM: Registered nosave memory: [mem 0x00000000-0x00000fff]
[    0.000000] PM: Registered nosave memory: [mem 0x0009f000-0x0009ffff]
[    0.000000] PM: Registered nosave memory: [mem 0x000a0000-0x000effff]
[    0.000000] PM: Registered nosave memory: [mem 0x000f0000-0x000fffff]
[    0.000000] e820: [mem 0x2d000000-0xfebfffff] available for PCI devices
[    0.000000] Booting paravirtualized kernel on KVM
[    0.000000] clocksource: refined-jiffies: mask: 0xffffffff max_cycles: 0xffffffff, max_idle_ns: 7645519600211568 ns
[    0.000000] setup_percpu: NR_CPUS:512 nr_cpumask_bits:512 nr_cpu_ids:1 nr_node_ids:1
[    0.000000] PERCPU: Embedded 34 pages/cpu @ffff88002cc00000 s99480 r8192 d31592 u2097152
[    0.000000] Built 1 zonelists in Node order, mobility grouping on.  Total pages: 181304
[    0.000000] Policy zone: DMA32
[    0.000000] Kernel command line: BOOT_IMAGE=/boot/vmlinuz-4.4.0-154-generic root=LABEL=cloudimg-rootfs ro console=tty1 console=ttyS0
[    0.000000] PID hash table entries: 4096 (order: 3, 32768 bytes)
[    0.000000] Memory: 690668K/736824K available (8613K kernel code, 1335K rwdata, 4028K rodata, 1484K init, 1284K bss, 46156K reserved, 0K cma-reserved)
[    0.000000] SLUB: HWalign=64, Order=0-3, MinObjects=0, CPUs=1, Nodes=1
[    0.000000] Kernel/User page tables isolation: enabled
[    0.000000] Hierarchical RCU implementation.
[    0.000000] 	Build-time adjustment of leaf fanout to 64.
[    0.000000] 	RCU restricting CPUs from NR_CPUS=512 to nr_cpu_ids=1.
[    0.000000] RCU: Adjusting geometry for rcu_fanout_leaf=64, nr_cpu_ids=1
[    0.000000] NR_IRQS:33024 nr_irqs:256 16
[    0.000000] Console: colour VGA+ 80x25
[    0.000000] console [tty1] enabled
[    0.000000] console [ttyS0] enabled
[    0.000000] tsc: Detected 2992.498 MHz processor
[    0.668208] Calibrating delay loop (skipped) preset value.. 5984.99 BogoMIPS (lpj=11969992)
[    0.721958] pid_max: default: 32768 minimum: 301
[    0.723567] ACPI: Core revision 20150930
[    0.726250] ACPI: 2 ACPI AML tables successfully acquired and loaded
[    0.728505] Security Framework initialized
[    0.729952] Yama: becoming mindful.
[    0.731373] AppArmor: AppArmor initialized
[    0.732980] Dentry cache hash table entries: 131072 (order: 8, 1048576 bytes)
[    0.735500] Inode-cache hash table entries: 65536 (order: 7, 524288 bytes)
[    0.737766] Mount-cache hash table entries: 2048 (order: 2, 16384 bytes)
[    0.739843] Mountpoint-cache hash aable entries: 2048 (order: 2, 16384 bytes)
[    0.825536] Initializing cgroup subsys io
[    0.827002] Initializing cgroup subsys memory
[    0.828520] Initializing cgroup subsys devices
[    0.830086] Initializing cgroup subsys freezer
[    0.831624] Initializing cgroup subsys net_cls
[    0.833193] Initializing cgroup subsys perf_event
[    0.834781] Initializing cgroup subsys net_prio
[    0.836397] Initializing cgroup subsys hugetlb
[    0.837917] Initializing cgroup subsys pids
[    0.839529] mce: CPU supports 0 MCE banks
[    0.841001] process: using mwait in idle threads
[    0.842605] Last level iTLB entries: 4KB 128, 2MB 4, 4MB 4
[    0.844367] Last level dTLB entries: 4KB 256, 2MB 0, 4MB 32, 1GB 0
[    0.846314] Spectre V2 : Mitigation: Full generic retpoline
[    0.848114] Spectre V2 : Spectre v2 / SpectreRSB mitigation: Filling RSB on context switch
[    0.850944] Speculative Store Bypass: Vulnerable
[    0.853418] MDS: Vulnerable: Clear CPU buffers attempted, no microcode
[    1.480277] Freeing SMP alternatives memory: 36K
[    1.489342] ftrace: allocating 32299 entries in 127 pages
[    1.677310] smpboot: APIC(0) Converting physical 0 to logical package 0
[    1.684812] smpboot: Max logical packages: 1
[    1.686901] x2apic enabled
[    1.688561] Switched APIC routing to physical x2apic.
[    1.692574] ..TIMER: vector=0x30 apic1=0 pin1=2 apic2=-1 pin2=-1
[    1.704040] APIC calibration not consistent with PM-Timer: 192ms instead of 100ms
[    1.770578] APIC delta adjusted to PM-Timer: 6249976 (12000641)
[    1.772520] smpboot: CPU0: Intel(R) Core(TM)2 Duo CPU     E8400  @ 3.00GHz (family: 0x6, model: 0x17, stepping: 0xa)
[    1.776207] Performance Events: unsupported p6 CPU model 23 no PMU driver, software events only.
[    1.987498] KVM setup paravirtual spinlock
[    1.990427] x86: Booted up 1 node, 1 CPUs
[    1.991884] smpboot: Total of 1 processors activated (5984.99 BogoMIPS)
[    1.994387] devtmpfs: initialized
[    1.998399] evm: security.selinux
[    1.999698] evm: security.SMACK64
[    2.000963] evm: security.SMACK64EXEC
[    2.002328] evm: security.SMACK64TRANSMUTE
[    2.003782] evm: security.SMACK64MMAP
[    2.005144] evm: security.ima
[    2.006334] evm: security.capability
[    2.007818] clocksource: jiffies: mask: 0xffffffff max_cycles: 0xffffffff, max_idle_ns: 7645041785100000 ns
[    2.011067] futex hash table entries: 256 (order: 2, 16384 bytes)
[    2.085131] pinctrl core: initialized pinctrl subsystem
[    2.087025] RTC time: 16:56:18, date: 08/23/19
[    2.088838] NET: Registered protocol family 16
[    2.090631] cpuidle: using governor ladder
[    2.092084] cpuidle: using governor menu
[    2.093516] PCCT header not found.
[    2.094853] ACPI: bus type PCI registered
[    2.096318] acpiphp: ACPI Hot Plug PCI Controller Driver version: 0.5
[    2.098418] PCI: Using configuration type 1 for base access
[    2.101748] ACPI: Added _OSI(Module Device)
[    2.103243] ACPI: Added _OSI(Processor Device)
[    2.104763] ACPI: Added _OSI(3.0 _SCP Extensions)
[    2.106361] ACPI: Added _OSI(Processor Aggregator Device)
[    2.125265] ACPI: Executed 1 blocks of module-level executable AML code
[    2.129782] ACPI: Interpreter enabled
[    2.131151] ACPI: (supports S0 S5)
[    2.132463] ACPI: Using IOAPIC for interrupt routing
[    2.189968] PCI: Using host bridge windows from ACPI; if necessary, use "pci=nocrs" and report a bug
[    2.219891] ACPI: PCI Root Bridge [PCI0] (domain 0000 [bus 00-ff])
[    2.221810] acpi PNP0A03:00: _OSC: OS supports [ASPM ClockPM Segments MSI]
[    2.223892] acpi PNP0A03:00: _OSC: not requesting OS control; OS requires [ExtendedConfig ASPM ClockPM MSI]
[    2.227087] acpi PNP0A03:00: fail to add MMCONFIG information, can't access extended PCI configuration space under this bridge.
[    2.231034] PCI host bridge to bus 0000:00
[    2.232485] pci_bus 0000:00: root bus resource [io  0x0000-0x0cf7 window]
[    2.234578] pci_bus 0000:00: root bus resource [io  0x0d00-0xffff window]
[    2.236677] pci_bus 0000:00: root bus resource [mem 0x000a0000-0x000bffff window]
[    2.295103] pci_bus 0000:00: root bus resource [mem 0x2d000000-0xfdffffff window]
[    2.314341] pci_bus 0000:00: root bus resource [bus 00-ff]
[    2.336766] pci 0000:00:01.1: legacy IDE quirk: reg 0x10: [io  0x01f0-0x01f7]
[    2.400112] pci 0000:00:01.1: legacy IDE quirk: reg 0x14: [io  0x03f6]
[    2.402118] pci 0000:00:01.1: legacy IDE quirk: reg 0x18: [io  0x0170-0x0177]
[    2.414251] pci 0000:00:01.1: legacy IDE quirk: reg 0x1c: [io  0x0376]
[    2.436464] pci 0000:00:07.0: quirk: [io  0x4000-0x403f] claimed by PIIX4 ACPI
[    2.445530] pci 0000:00:07.0: quirk: [io  0x4100-0x410f] claimed by PIIX4 SMB
[    2.505458] ACPI: PCI Interrupt Link [LNKA] (IRQs 5 9 10 *11)
[    2.508234] ACPI: PCI Interrupt Link [LNKB] (IRQs 5 9 *10 11)
[    2.510746] ACPI: PCI Interrupt Link [LNKC] (IRQs 5 *9 10 11)
[    2.545903] ACPI: PCI Interrupt Link [LNKD] (IRQs 5 9 10 *11)
[    2.548492] ACPI: Enabled 2 GPEs in block 00 to 07
[    2.606854] vgaarb: setting as boot device: PCI:0000:00:02.0
[    2.608673] vgaarb: device added: PCI:0000:00:02.0,decodes=io+mem,owns=io+mem,locks=none
[    2.611530] vgaarb: loaded
[    2.612662] vgaarb: bridge control possible 0000:00:02.0
[    2.615018] SCSI subsystem initialized
[    2.616806] ACPI: bus type USB registered
[    2.618322] usbcore: registered new interface driver usbfs
[    2.620135] usbcore: registered new interface driver hub
[    2.623758] usbcore: registered new device driver usb
[    2.625727] PCI: Using ACPI for IRQ routing
[    2.627944] NetLabel: Initializing
[    2.629272] NetLabel:  domain hash size = 128
[    2.630769] NetLabel:  protocols = UNLABELED CIPSOv4
[    2.632491] NetLabel:  unlabeled traffic allowed by default
[    2.705644] amd_nb: Cannot enumerate AMD northbridges
[    2.707412] clocksource: Switched to clocksource kvm-clock
[    2.721048] AppArmor: AppArmor Filesystem Enabled
[    2.744527] pnp: PnP ACPI init
[    2.747626] pnp: PnP ACPI: found 3 devices
[    2.816903] clocksource: acpi_pm: mask: 0xffffff max_cycles: 0xffffff, max_idle_ns: 2085701024 ns
[    2.825880] NET: Registered protocol family 2
[    2.827911] TCP established hash table entries: 8192 (order: 4, 65536 bytes)
[    2.854042] TCP bind hash table entries: 8192 (order: 5, 131072 bytes)
[    2.856100] TCP: Hash tables configured (established 8192 bind 8192)
[    2.858169] UDP hash table entries: 512 (order: 2, 16384 bytes)
[    2.915801] UDP-Lite hash table entries: 512 (order: 2, 16384 bytes)
[    2.917843] NET: Registered protocol family 1
[    2.919400] pci 0000:00:00.0: Limiting direct PCI/PCI transfers
[    2.921327] pci 0000:00:01.0: Activating ISA DMA hang workarounds
[    2.923503] Unpacking initramfs...
[    3.379289] Freeing initrd memory: 14828K
[    3.439247] clocksource: tsc: mask: 0xffffffffffffffff max_cycles: 0x2b2296bc2b9, max_idle_ns: 440795321505 ns
[    3.442717] platform rtc_cmos: registered platform RTC device (no PNP device found)
[    3.466806] Scanning for low memory corruption every 60 seconds
[    3.474745] audit: initializing netlink subsys (disabled)
[    3.540234] audit: type=2000 audit(1566579387.391:1): initialized
[    3.542596] Initialise system trusted keyring
[    3.564001] HugeTLB registered 2 MB page size, pre-allocated 0 pages
[    3.567677] zbud: loaded
[    3.569168] VFS: Disk quotas dquot_6.6.0
[    3.570670] VFS: Dquot-cache hash table entries: 512 (order 0, 4096 bytes)
[    3.645540] squashfs: version 4.0 (2009/01/31) Phillip Lougher
[    3.648309] fuse init (API version 7.23)
[    3.649872] Key type big_key registered
[    3.651280] Allocating IMA MOK and blacklist keyrings.
[    3.653438] Key type asymmetric registered
[    3.654900] Asymmetric key parser 'x509' registered
[    3.656597] Block layer SCSI generic (bsg) driver version 0.4 loaded (major 249)
[    3.659267] io scheduler noop registered
[    3.660711] io scheduler deadline registered (default)
[    3.662432] io scheduler cfq registered
[    3.663948] pci_hotplug: PCI Hot Plug PCI Core version: 0.5
[    3.665829] pciehp: PCI Express Hot Plug Controller Driver version: 0.4
[    3.668029] ACPI: AC Adapter [AC] (on-line)
[    3.669565] input: Power Button as /devices/LNXSYSTM:00/LNXPWRBN:00/input/input0
[    3.672205] ACPI: Power Button [PWRF]
[    3.673677] input: Sleep Button as /devices/LNXSYSTM:00/LNXSLPBN:00/input/input1
[    3.685598] ACPI: Sleep Button [SLPF]
[    3.687227] GHES: HEST is not enabled!
[    3.688753] Serial: 8250/16550 driver, 32 ports, IRQ sharing enabled
[    3.769780] 00:02: ttyS0 at I/O 0x3f8 (irq = 4, base_baud = 115200) is a 16550A
[    3.773773] Linux agpgart interface v0.103
[    3.776607] loop: module loaded
[    3.778664] scsi host0: ata_piix
[    3.794171] scsi host1: ata_piix
[    3.795479] ata1: PATA max UDMA/33 cmd 0x1f0 ctl 0x3f6 bmdma 0xd000 irq 14
[    3.797586] ata2: PATA max UDMA/33 cmd 0x170 ctl 0x376 bmdma 0xd008 irq 15
[    3.856170] libphy: Fixed MDIO Bus: probed
[    3.863757] tun: Universal TUN/TAP device driver, 1.6
[    3.865416] tun: (C) 1999-2004 Max Krasnyansky <maxk@qualcomm.com>
[    3.867370] PPP generic driver version 2.4.2
[    3.869000] ehci_hcd: USB 2.0 'Enhanced' Host Controller (EHCI) Driver
[    3.871007] ehci-pci: EHCI PCI platform driver
[    3.872583] ehci-platform: EHCI generic platform driver
[    3.874294] ohci_hcd: USB 1.1 'Open' Host Controller (OHCI) Driver
[    3.876279] ohci-pci: OHCI PCI platform driver
[    3.877817] ohci-platform: OHCI generic platform driver
[    3.884482] uhci_hcd: USB Universal Host Controller Interface driver
[    3.886502] i8042: PNP: PS/2 Controller [PNP0303:PS2K,PNP0f03:PS2M] at 0x60,0x64 irq 1,12
[    3.890040] serio: i8042 KBD port at 0x60,0x64 irq 1
[    3.891719] serio: i8042 AUX port at 0x60,0x64 irq 12
[    3.959832] mousedev: PS/2 mouse device common for all mice
[    3.962035] input: AT Translated Set 2 keyboard as /devices/platform/i8042/serio0/input/input2
[    3.965477] rtc_cmos rtc_cmos: rtc core: registered rtc_cmos as rtc0
[    3.967573] rtc_cmos rtc_cmos: alarms up to one day, 114 bytes nvram
[    3.969522] i2c /dev entries driver
[    3.970895] device-mapper: uevent: version 1.0.3
[    3.974043] device-mapper: ioctl: 4.34.0-ioctl (2015-10-28) initialised: dm-devel@redhat.com
[    3.976918] ledtrig-cpu: registered to indicate activity on CPUs
[    3.979198] NET: Registered protocol family 10
[    3.981121] NET: Registered protocol family 17
[    3.982669] Key type dns_resolver registered
[    3.984484] registered taskstats version 1
[    3.985960] Loading compiled-in X.509 certificates
[    3.988531] Loaded X.509 cert 'Build time autogenerated kernel key: 65139e04a67245b562a838c28b5e7032abdd4348'
[    3.991853] zswap: loaded using pool lzo/zbud
[    4.076892] Key type trusted registered
[    4.101911] Key type encrypted registered
[    4.103575] AppArmor: AppArmor sha1 policy hashing enabled
[    4.105391] ima: No TPM chip found, activating TPM-bypass!
[    4.169906] ima: Allocated hash algorithm: sha1
[    4.171495] evm: HMAC attrs: 0x1
[    4.173144]   Magic number: 15:329:945
[    4.174557] tty tty2: hash matches
[    4.175914] processor cpu0: hash matches
[    4.177381] rtc_cmos rtc_cmos: setting system clock to 2019-08-23 16:56:20 UTC (1566579380)
[    4.180341] BIOS EDD facility v0.16 2004-Jun-25, 0 devices found
[    4.182249] EDD information not available.
[    4.188696] Freeing unused kernel memory: 1484K
[    4.199455] Write protecting the kernel read-only data: 14336k
[    4.213541] Freeing unused kernel memory: 1616K
[    4.215372] Freeing unused kernel memory: 68K
Loading, please wait...
starting version[    4.431223] random: systemd-udevd: uninitialized urandom read (16 bytes read, 3 bits of entropy available)
 229
[    4.490761] random: udevadm: uninitialized urandom read (16 bytes read, 3 bits of entropy available)
[    4.516267] random: udevadm: uninitialized urandom read (16 bytes read, 3 bits of entropy available)
[    4.584742] random: systemd-udevd: uninitialized urandom read (16 bytes read, 3 bits of entropy available)
[    4.587921] random: systemd-udevd: uninitialized urandom read (16 bytes read, 3 bits of entropy available)
[    4.591166] random: systemd-udevd: uninitialized urandom read (16 bytes read, 3 bits of entropy available)
[    4.691373] random: systemd-udevd: uninitialized urandom read (16 bytes read, 3 bits of entropy available)
[    4.784506] random: systemd-udevd: uninitialized urandom read (16 bytes read, 3 bits of entropy available)
[    4.787779] random: systemd-udevd: uninitialized urandom read (16 bytes read, 3 bits of entropy available)
[    4.796052] random: systemd-udevd: uninitialized urandom read (16 bytes read, 3 bits of entropy available)
[    5.448979] Fusion MPT base driver 3.04.20
[    5.517970] Copyright (c) 1999-2008 LSI Corporation
[    5.528212] e1000: Intel(R) PRO/1000 Network Driver - version 7.3.21-k8-NAPI
[    5.530395] e1000: Copyright (c) 1999-2006 Intel Corporation.
[    6.031461] input: ImExPS/2 Generic Explorer Mouse as /devices/platform/i8042/serio1/input/input4
[    6.347550] Fusion MPT SPI Host driver 3.04.20
[    6.928490] e1000 0000:00:03.0 eth0: (PCI:33MHz:32-bit) 02:1e:e5:6d:71:21
[    6.934947] e1000 0000:00:03.0 eth0: Intel(R) PRO/1000 Network Connection
[    6.972332] e1000 0000:00:03.0 enp0s3: renamed from eth0
[    6.979252] mptbase: ioc0: Initiating bringup
[    7.047892] ioc0: LSI53C1030 A0: Capabilities={Initiator}
[    7.209114] scsi host2: ioc0: LSI53C1030 A0, FwRev=00000000h, Ports=1, MaxQ=256, IRQ=20
[    7.324511] scsi 2:0:0:0: Direct-Access     VBOX     HARDDISK         1.0  PQ: 0 ANSI: 5
[    7.327316] scsi target2:0:0: Beginning Domain Validation
[    7.330038] scsi target2:0:0: Domain Validation skipping write tests
[    7.331992] scsi target2:0:0: Ending Domain Validation
[    7.343777] scsi target2:0:0: asynchronous
[    7.345566] scsi 2:0:1:0: Direct-Access     VBOX     HARDDISK         1.0  PQ: 0 ANSI: 5
[    7.364345] scsi target2:0:1: Beginning Domain Validation
[    7.367203] scsi target2:0:1: Domain Validation skipping write tests
[    7.369172] scsi target2:0:1: Ending Domain Validation
[    7.370909] scsi target2:0:1: asynchronous
[    7.392621] sd 2:0:0:0: Attached scsi generic sg0 type 0
[    7.404415] sd 2:0:0:0: [sda] 20971520 512-byte logical blocks: (10.7 GB/10.0 GiB)
[    7.407505] sd 2:0:0:0: [sda] Write Protect is off
[    7.409268] sd 2:0:0:0: [sda] Incomplete mode parameter data
[    7.411098] sd 2:0:0:0: [sda] Assuming drive cache: write through
[    7.435990] sd 2:0:1:0: [sdb] 20480 512-byte logical blocks: (10.5 MB/10.0 MiB)
[    7.506716] sd 2:0:1:0: Attached scsi generic sg1 type 0
[    7.509858] sd 2:0:1:0: [sdb] Write Protect is off
[    7.511701] sd 2:0:1:0: [sdb] Incomplete mode parameter data
[    7.513572] sd 2:0:1:0: [sdb] Assuming drive cache: write through
[    7.534887]  sda: sda1
[    7.537287] sd 2:0:0:0: [sda] Attached SCSI disk
[    7.576489] sd 2:0:1:0: [sdb] Attached SCSI disk
Begin: Loading essential drivers ... [   10.905454] md: linear personality registered for level -1
[   11.013027] md: multipath personality registered for level -4
[   11.047155] md: raid0 personality registered for level 0
[   11.156074] md: raid1 personality registered for level 1
[   11.313537] raid6: sse2x1   gen()  1615 MB/s
[   11.418432] raid6: sse2x1   xor()  3138 MB/s
[   11.523507] raid6: sse2x2   gen()  3534 MB/s
[   11.628442] raid6: sse2x2   xor()  4772 MB/s
[   11.733495] raid6: sse2x4   gen()  6807 MB/s
[   11.837831] raid6: sse2x4   xor()  4738 MB/s
[   11.839402] raid6: using algorithm sse2x4 gen() 6807 MB/s
[   11.841171] raid6: .... xor() 4738 MB/s, rmw enabled
[   11.842845] raid6: using ssse3x2 recovery algorithm
[   11.853019] xor: measuring software checksum speed
[   12.043479]    prefetch64-sse: 30104.000 MB/sec
[   12.164603]    generic_sse: 26725.000 MB/sec
[   12.186193] xor: using function: prefetch64-sse (30104.000 MB/sec)
[   12.263918] async_tx: api initialized (async)
[   12.389684] md: raid6 personality registered for level 6
[   12.394507] md: raid5 personality registered for level 5
[   12.396280] md: raid4 personality registered for level 4
[   12.511643] md: raid10 personality registered for level 10
done.
Begin: Running /scripts/init-premount ... done.
Begin: Mounting root file system ... Begin: Running /scripts/local-top ... done.
Begin: Running /scripts/local-premount ... [   12.893858] Btrfs loaded
Scanning for Btrfs filesystems
done.
Warning: fsck not present, so skipping root file system
[   13.316989] EXT4-fs (sda1): mounted filesystem with ordered data mode. Opts: (null)
done.
Begin: Running /scripts/local-bottom ... done.
Begin: Running /scripts/init-bottom ... done.
[   14.348264] systemd[1]: systemd 229 running in system mode. (+PAM +AUDIT +SELINUX +IMA +APPARMOR +SMACK +SYSVINIT +UTMP +LIBCRYPTSETUP +GCRYPT +GNUTLS +ACL +XZ -LZ4 +SECCOMP +BLKID +ELFUTILS +KMOD -IDN)
[   14.362115] systemd[1]: Detected virtualization oracle.
[   14.363966] systemd[1]: Detected architecture x86-64.
[   14.415578] random: nonblocking pool is initialized

Welcome to [1mUbuntu 16.04.6 LTS[0m!

[   14.436387] systemd[1]: Set hostname to <ubuntu>.
[   14.452775] systemd[1]: Initializing machine ID from random generator.
[   14.454916] systemd[1]: Installed transient /etc/machine-id file.
[   15.724870] systemd[1]: Started Trigger resolvconf update for networkd DNS.
[[0;32m  OK  [0m] Started Trigger resolvconf update for networkd DNS.
[   15.737988] systemd[1]: Set up automount Arbitrary Executable File Formats File System Automount Point.
[[0;32m  OK  [0m] Set up automount Arbitrary Executab...ats File System Automount Point.
[   15.748283] systemd[1]: Reached target Swap.
[[0;32m  OK  [0m] Reached target Swap.
[   15.751773] systemd[1]: Listening on udev Control Socket.
[[0;32m  OK  [0m] Listening on udev Control Socket.
[   15.755672] systemd[1]: Listening on Journal Audit Socket.
[[0;32m  OK  [0m] Listening on Journal Audit Socket.
[   15.769724] systemd[1]: Listening on Syslog Socket.
[[0;32m  OK  [0m] Listening on Syslog Socket.
[   15.774426] systemd[1]: Created slice System Slice.
[[0;32m  OK  [0m] Created slice System Slice.
[   15.778903] systemd[1]: Created slice system-serial\x2dgetty.slice.
[[0;32m  OK  [0m] Created slice system-serial\x2dgetty.slice.
[   15.782994] systemd[1]: Reached target System Time Synchronized.
[[0;32m  OK  [0m] Reached target System Time Synchronized.
[   15.796596] systemd[1]: Listening on Device-mapper event daemon FIFOs.
[[0;32m  OK  [0m] Listening on Device-mapper event daemon FIFOs.
[   15.800869] systemd[1]: Listening on udev Kernel Socket.
[[0;32m  OK  [0m] Listening on udev Kernel Socket.
[   15.804563] systemd[1]: Reached target Encrypted Volumes.
[[0;32m  OK  [0m] Reached target Encrypted Volumes.
[   15.871715] systemd[1]: Listening on LVM2 poll daemon socket.
[[0;32m  OK  [0m] Listening on LVM2 poll daemon socket.
[   15.875550] systemd[1]: Reached target User and Group Name Lookups.
[[0;32m  OK  [0m] Reached target User and Group Name Lookups.
[   15.879652] systemd[1]: Listening on Journal Socket (/dev/log).
[[0;32m  OK  [0m] Listening on Journal Socket (/dev/log).
[   15.885421] systemd[1]: Created slice User and Session Slice.
[[0;32m  OK  [0m] Created slice User and Session Slice.
[   15.889393] systemd[1]: Reached target Slices.
[[0;32m  OK  [0m] Reached target Slices.
[   15.892990] systemd[1]: Listening on /dev/initctl Compatibility Named Pipe.
[[0;32m  OK  [0m] Listening on /dev/initctl Compatibility Named Pipe.
[   15.897622] systemd[1]: Listening on Journal Socket.
[[0;32m  OK  [0m] Listening on Journal Socket.
[   15.905332] systemd[1]: Starting Remount Root and Kernel File Systems...
         Starting Remount Root and Kernel File Systems...
[   15.925555] systemd[1]: Starting Nameserver information manager...
         Starting Nameserver information manager...
[   16.018273] systemd[1]: Mounting Huge Pages File System...
         Mounting Huge Pages File System...
[   16.088058] systemd[1]: Starting Create list of required static device nodes for the current kernel...
         Starting Create list of required st... nodes for the current kernel...
[   16.183937] systemd[1]: Mounting Debug File System...
         Mounting Debug File System...
[   16.217775] systemd[1]: Starting Set console keymap...
         Starting Set con[   16.294059] EXT4-fs (sda1): re-mounted. Opts: (null)
sole keymap...
[   16.429016] systemd[1]: Starting Load Kernel Modules...
         Starting Load Kernel Modules...
[   16.542752] systemd[1]: Mounting POSIX Message Queue File System...
         Mounting POSIX Message Queue File System...
[   16.707368] systemd[1]: Starting Uncomplicated firewall...
         Starting Uncomplicated firewall...
[   16.809934] systemd[1]: Starting Journal Service...
         Starting Journal Service...
[   16.844545] systemd[1]: Listening on LVM2 metadata daemon socket.
[[0;32m  OK  [0m] [   16.935352] Loading iSCSI transport class v2.0-870.
Listening on LVM2 metadata daemon socket.
[   17.028289] systemd[1]: Starting Monitoring of LVM2 mirrors, snapshots etc. using dmeventd or progress polling...
         Starting Monitoring of LVM2 mirrors... dmeventd or progress polling...
[   17.050072] systemd[1]: Started Forward Password Requests to Wall Directory Watch.
[[0;32m  OK  [0m] Started Forward Password Requests to Wall Directory Watch.
[   17.130073] systemd[1]: Mounted POSIX Message Queue File System.
[[0;32m  OK  [0m] Mounted POSIX Message Queue File System.
[   17.148316] systemd[1]: Mounted Huge Pages File System.
[[0;32m  OK  [0m] Mounted Huge Pages File System.
[   17.152076] systemd[1]: Mounted Debug File System.
[[0;32m  OK  [0m] Mounted Debug File System.
[   17.158020] systemd[1]: Started Remount Root and Kernel File Systems.
[[0;32m  OK  [0m] Started Remount Root and Kernel File Systems.
[   17.169429] systemd[1]: Started Create list of required static device nodes for the current kernel.
[[0;32m  OK  [0m] Started Create list of required sta...ce nodes for the current kernel.
[   17.347848] systemd[1]: Started Uncomplicated firewall.
[[0;32m  OK  [0m] Started Uncomplicated firewall.
[   17.459381] systemd[1]: Started Nameserver information manager.
[[0;32m  OK  [0m] Started Nameserver information manager.
[   17.846312] iscsi: registered transport (tcp)
[   18.263861] systemd[1]: Started LVM2 metadata daemon.
[[0;32m  OK  [0m] Started LVM2 metadata daemon.
[   18.286087] systemd[1]: Starting Create Static Device Nodes in /dev...
         Starting Create Static Device Nodes in /dev...
[   18.478232] systemd[1]: Starting udev Coldplug all Devices...
         Starting udev Coldplug all Devices...
[   18.581288] systemd[1]: Starting Load/Save Random Seed...
         Starting Load/Save Random Seed...
[   18.674094] systemd[1]: Started Journal Service.
[[0;32m  OK  [0m] Started Journal Service.
[[0;32m  OK  [0m] Started Set console keymap.
[[0;32m  OK  [0m] Started Load/Save Random Seed.
         Starting Flush Journal to Persistent Storage...
[[0;32m  OK  [0m] Started Create Static Device Nodes in /dev.
         Starting udev Kernel Device Manager...
[   19.513766] systemd-journald[380]: Received request to flush runtime journal from PID 1
[   19.614943] iscsi: registered transport (iser)
[[0;32m  OK  [0m] Started Load Kernel Modules.
[[0;32m  OK  [0m] Started Monitoring of LVM2 mirrors,...ng dmeventd or progress polling.
[[0;32m  OK  [0m] Started Flush Journal to Persistent Storage.
[[0;32m  OK  [0m] Started udev Kernel Device Manager.
[[0;32m  OK  [0m] Reached target Local File Systems (Pre).
[[0;32m  OK  [0m] Reached target Local File Systems.
         Starting Create Volatile Files and Directories...
         Starting Initial cloud-init job (pre-networking)...
         Starting LSB: AppArmor initialization...
         Starting Commit a transient machine-id on disk...
         Starting Set console font and keymap...
         Starting Tell Plymouth To Write Out Runtime Data...
         Starting Apply Kernel Variables...
         Mounting FUSE Control File System...
[[0;32m  OK  [0m] Started Commit a transient machine-id on disk.
[[0;32m  OK  [0m] Started Tell Plymouth To Write Out Runtime Data.
[[0;32m  OK  [0m] Started Apply Kernel Variables.
[[0;32m  OK  [0m] Mounted FUSE Control File System.
[[0;32m  OK  [0m] Started udev Coldplug all Devices.
[[0;32m  OK  [0m] Started Dispatch Password Requests to Console Directory Watch.
[[0;32m  OK  [0m] Started Create Volatile Files and Directories.
         Starting Update UTMP about System Boot/Shutdown...
[[0;32m  OK  [0m] Started Update UTMP about System Boot/Shutdown.
[[0;32m  OK  [0m] Found device /dev/ttyS0.
[[0;32m  OK  [0m] Listening on Load/Save RF Kill Switch Status /dev/rfkill Watch.
[[0;32m  OK  [0m] Started LSB: AppArmor initialization.
[[0;32m  OK  [0m] Started Initial cloud-init job (pre-networking).
[   34.305475] cloud-init[455]: Cloud-init v. 19.1-1-gbaa47854-0ubuntu1~16.04.1 running 'init-local' at Fri, 23 Aug 2019 16:56:47 +0000. Up 29.46 seconds.
[[0;32m  OK  [0m] Reached target Network (Pre).
         Starting Raise network interfaces...
[[0;32m  OK  [0m] Started Set console font and keymap.
[[0;32m  OK  [0m] Created slice system-getty.slice.
[[0;32m  OK  [0m] Started Raise network interfaces.
[[0;32m  OK  [0m] Reached target Network.
         Starting Initial cloud-init job (metadata service crawler)...
[   45.450733] cloud-init[944]: Cloud-init v. 19.1-1-gbaa47854-0ubuntu1~16.04.1 running 'init' at Fri, 23 Aug 2019 16:56:59 +0000. Up 41.14 seconds.
[   45.484946] cloud-init[944]: ci-info: ++++++++++++++++++++++++++++++++++++++Net device info++++++++++++++++++++++++++++++++++++++
[   45.488708] cloud-init[944]: ci-info: +--------+------+----------------------------+---------------+--------+-------------------+
[   45.493587] cloud-init[944]: ci-info: | Device |  Up  |          Address           |      Mask     | Scope  |     Hw-Address    |
[   45.502720] cloud-init[944]: ci-info: +--------+------+----------------------------+---------------+--------+-------------------+
[   45.509460] cloud-init[944]: ci-info: | enp0s3 | True |         10.0.2.15          | 255.255.255.0 | global | 02:1e:e5:6d:71:21 |
[   45.524691] cloud-init[944]: ci-info: | enp0s3 | True | fe80::1e:e5ff:fe6d:7121/64 |       .       |  link  | 02:1e:e5:6d:71:21 |
[   45.544482] cloud-init[944]: ci-info: |   lo   | True |         127.0.0.1          |   255.0.0.0   |  host  |         .         |
[   45.642412] cloud-init[944]: ci-info: |   lo   | True |          ::1/128           |       .       |  host  |         .         |
[   45.709225] cloud-init[944]: ci-info: +--------+------+----------------------------+---------------+--------+-------------------+
[   45.730651] cloud-init[944]: ci-info: +++++++++++++++++++++++++++Route IPv4 info++++++++++++++++++++++++++++
[   45.735291] cloud-init[944]: ci-info: +-------+-------------+----------+---------------+-----------+-------+
[   45.748206] cloud-init[944]: ci-info: | Route | Destination | Gateway  |    Genmask    | Interface | Flags |
[   45.753301] cloud-init[944]: ci-info: +-------+-------------+----------+---------------+-----------+-------+
[   45.899163] cloud-init[944]: ci-info: |   0   |   0.0.0.0   | 10.0.2.2 |    0.0.0.0    |   enp0s3  |   UG  |
[   45.909210] cloud-init[944]: ci-info: |   1   |   10.0.2.0  | 0.0.0.0  | 255.255.255.0 |   enp0s3  |   U   |
[   45.917580] cloud-init[944]: ci-info: +-------+-------------+----------+---------------+-----------+-------+
[   45.933193] cloud-init[944]: ci-info: +++++++++++++++++++Route IPv6 info+++++++++++++++++++
[   45.945577] cloud-init[944]: ci-info: +-------+-------------+---------+-----------+-------+
[   45.955461] cloud-init[944]: ci-info: | Route | Destination | Gateway | Interface | Flags |
[[0;32m  OK  [0m[   46.013477] cloud-init[944]: ci-info: +-------+-------------+---------+-----------+-------+] Started Initial cloud-init job (metadata service crawler).

[   46.026129] cloud-init[[0;32m  OK  [0m] Reached target Network is Online.[944]: ci-info: |   0   |  fe80::/64  |    ::   |   enp0s3  |   U   |
[   46.035805] 
cloud-init[944]: ci-info: |   4   |   ff00::/8  |    ::   |   enp0s3  |   U   |
[   46.047834] cloud-init[944]: ci-info: +-------+-------------+---------+-----------+-------+
         Starting iSCSI initiator daemon (iscsid)...
[[0;32m  OK  [0m] Reached target System Initialization.
[[   46.124133] cloud-init[944]: Generating public/private rsa key pair.
[   46.127666] [0;32m  OK  [0m] Listening on D-Bus System Message Bus Socket.
         Starting Socket activation for snappy daemon.cloud-init[944]: Your identification has been saved in /etc/ssh/ssh_host_rsa_key.
[   46.143890] 
[[0;32m  OK  [0m] Listening on ACPID Listen Socket.
[[0;32m  OK  [0m] Started Daily apt download activities.cloud-init[944]: Your public key has been saved in /etc/ssh/ssh_host_rsa_key.pub.
[[0;32m  OK  [0m] Started Daily apt upgrade and clean activities.

[   46.207852] cloud-init[944]: The key fingerprint is:
[   46.218011] cloud-init[944]: SHA256:MXj+F1wPzaWOUce3je2PsBPA5+gPy+hHVTBVnFn+y2Q root@ubuntu-xenial
[   46.230186] cloud-init[944]: The key's randomart image is:
[   46.234442] cloud-init[944]: +---[RSA 2048]----+
         Starting LXD - unix socket.[   46.252374] cloud-init[944]: |            ooo+O|
[   46.255023] cloud-init
[[0;32m  OK  [0m] Started Daily Cleanup of Temporary Directories.[944]: 
[[0;32m  OK  [0m] Reached target Timers.
|       .     o.O=|
[   46.404509] cloud-init[944]: |      . +.  ..+oB|
[[0;32m  OK  [0m] Started ACPI Events Check.
[[0;32m  OK  [0m] Reached target Paths.
[   46.410420] cloud-init[944]: |       o oo.o=.++|
[[0;32m  OK  [0m] Listening on UUID daemon activation socket.
[[0;32m  OK  [0m] Reached target Cloud-config availability.
[   46.416925] cloud-init[944]: |        S  *+ .Eo|
[   46.428139] cloud-init[944]: |         .o +.+ o|
[   46.431335] cloud-init[944]: |         oo .+ +.|
[   46.435590] cloud-init[944]: |         oo+o . .|
[   46.460766] cloud-init[944]: |       .o.o...   |
[[0;32m  OK  [0m] Listening on Socket activation for snappy daemon.
[[0;32m  OK  [0m] Listening on LXD - unix socket.
[[0;32m  OK  [0m] Started iSCSI initiator daemon (iscsid).
[   46.520439] cloud-init[944]: +----[SHA256]-----+
[   46.561025] cloud-init[944]: Generating public/private dsa key pair.
[   46.569072] cloud-init[944]: Your identification has been saved in /etc/ssh/ssh_host_dsa_key.
[   46.624913] cloud-init[944]: Your public key has been saved in /etc/ssh/ssh_host_dsa_key.pub.
[   46.627571] cloud-init[944]: The key fingerprint is:
[   46.632303] cloud-init[944]: SHA256:6u0mEb2k4N7XllTjLMjYOgMGPkuxdtOUhW5BaedPzKA root@ubuntu-xenial
         [   46.752399] cloud-init[944]: The key's randomart image is:
[   46.754077] cloud-init[944]: +---[DSA 1024]----+
[   46.754560] cloud-init[944]: |     ..o         |
[   46.754784] cloud-init[944]: |      = +        |
[   46.755013] cloud-init[944]: |     o O +       |
[   46.755237] cloud-init[944]: |  o . E + + o    |
[   46.755484] cloud-init[944]: | . = = BS= + .   |
[   46.755770] cloud-init[944]: |  * * =.= + o    |
[   46.755996] cloud-init[944]: | o * +.o o o     |
[   46.756217] cloud-init[944]: |  . ..*.o +      |
[   46.756450] cloud-init[944]: |      .Bo.       |
[   46.756674] cloud-init[944]: +----[SHA256]-----+
[   46.756906] cloud-init[944]: Generating public/private ecdsa key pair.
[   46.757130] cloud-init[944]: Your identification has been saved in /etc/ssh/ssh_host_ecdsa_key.
[   46.757395] cloud-init[944]: Your public key has been saved in /etc/ssh/ssh_host_ecdsa_key.pub.
[   46.757626] cloud-init[944]: The key fingerprint is:
[   46.757852] cloud-init[944]: SHA256:Z67AxR+ZBlFxj+XDQpF7xKx8YrGW6xAsIMjB14KHft0 root@ubuntu-xenial
[   46.758077] cloud-init[944]: The key's randomart image is:
[   46.758310] cloud-init[944]: +---[ECDSA 256]---+
[   46.758532] cloud-init[944]: | o.= .  ..o.+=.  |
[   46.758765] cloud-init[944]: |  * = o  . oo*+  |
[   46.758990] cloud-init[944]: | . o + o.. .oB=  |
[   46.759211] cloud-init[944]: |  . . ..E.ooX.o. |
Starting Login to default iSCSI targets...
[[0;32m  OK  [0m] Reached target Sockets.
[[0;32m  OK  [0m] Reached target Basic System.
[   46.759790] cloud-init[944]: |   .    S.B+ =   |
[   46.833366] cloud-init[944]: |     . . *...    |
[   46.843295] cloud-init[944]: |      o   oo     |
[   46.860580] cloud-init[944]: |       . .  .    |
         Starting Login Service...
         Starting LXD - container startup/shutdown...
[   46.898522] cloud-init[944]: |        .        |
         Starting /etc/rc.local Compatibility...
[   47.034854] cloud-init[944]: +----[SHA256]-----+
[   47.077563] cloud-init[944]: Generating public/private ed25519 key pair.[[0;32m  OK  [0m] Started Deferred execution scheduler.

         Starting LSB: MD monitoring daemon...[   47.250812] 
cloud-init[944]: Your identification has been saved in /etc/ssh/ssh_host_ed25519_key.         Starting LSB: Record successful boot for GRUB...
[   47.285113] cloud-init[944]: Your public key has been saved in /etc/ssh/ssh_host_ed25519_key.pub.
[[0;32m  OK  [0m] Started FUSE filesystem for LXC.

[   47.392787] cloud-init[944]: The key fingerprint is:
         Starting Accounts Service...
[   47.470972] cloud-init[944]: SHA256:jCqyfdtNTbW09K2XJBf+JjeeNhUvGihL91EyLPTeenI root@ubuntu-xenial
[   47.570034] cloud-init[944]: The key's randomart image is:
[   47.663322] cloud-init[944]: +--[ED25519 256]--+
[   47.676773] cloud-init[944]: |                 |
         Starting Virtualbox guest utils...
[   47.692829] cloud-init[944]: |          .      |
         Starting Pollinate to seed the pseudo random number generator...
[   47.709632] cloud-init[944]: |         . o+  . |
[   47.981559] cloud-init[944]: |       o  .+=+oo.|
[   47.984488] cloud-init[944]: |      . S .+o*.++|
[   47.987175] cloud-init[944]: |     .  ooo + *.=|
[   47.990442] cloud-init[944]: |. . .  ..+.. =o+*|
[   47.993402] cloud-init[944]: | + ... o.   = EBo|
[   48.006068] cloud-init[944]: [[0;32m  OK  [0m] Started ACPI event daemon.
|. ..... .    +.o.|
[   48.073058] cloud-init[944]: +----[SHA256]-----+
[[0;32m  OK  [0m] Started Regular background program processing daemon.
         Starting Snappy daemon...
[[0;32m  OK  [0m] Started D-Bus System Message Bus.
         Starting System Logging Service...
[[0;32m  OK  [0m] Started /etc/rc.local Compatibility.
[[0;32m  OK  [0m] Started Login Service.
[[0;32m  OK  [0m] Started Unattended Upgrades Shutdown.
         Starting Authenticate and Authorize Users to Run Privileged Tasks...
[[0;32m  OK  [0m] Started Login to default iSCSI targets.
[[0;32m  OK  [0m] Started LXD - container startup/shutdown.
[[0;32m  OK  [0m] Started System Logging Service.
[[0;32m  OK  [0m] Started LSB: Record successful boot for GRUB.
[[0;32m  OK  [0m] Reached target Remote File Systems (Pre).
[[0;32m  OK  [0m] Reached target Remote File Systems.
         Starting LSB: Set the CPU Frequency Scaling governor to "ondemand"...
         Starting Permit User Sessions...
         Starting LSB: automatic crash report generation...
         Starting LSB: daemon to balance interrupts for SMP systems...
[[0;32m  OK  [0m] Started LSB: Set the CPU Frequency Scaling governor to "ondemand".
[[0;32m  OK  [0m] Started Permit User Sessions.
[[0;32m  OK  [0m] Started Authenticate and Authorize Users to Run Privileged Tasks.
[[0;32m  OK  [0m] Started LSB: MD monitoring daemon.
[[0;32m  OK  [0m] Started Accounts Service.
         Starting Hold until boot process finishes up...
         Starting Terminate Plymouth Boot Screen...
[[0;32m  OK  [0m] Started Hold until boot process finishes up.
         Starting Set console scheme...
[[0;32m  OK  [0m] Started Getty on tty1.
[[0;32m  OK  [0m] Started Serial Getty on ttyS0.
[[0;32m  OK  [0m] Reached target Login Prompts.
[[0;32m  OK  [0m] Started Set console scheme.
[[0;32m  OK  [0m] Started Terminate Plymouth Boot Screen.
[[0;32m  OK  [0m] Started Virtualbox guest utils.
[[0;32m  OK  [0m] Started LSB: daemon to balance interrupts for SMP systems.
[[0;32m  OK  [0m] Started LSB: automatic crash report generation.
[[0;32m  OK  [0m] Started Snappy daemon.
         Starting Wait until snapd is fully seeded...
[[0;32m  OK  [0m] Started Pollinate to seed the pseudo random number generator.
         Starting OpenBSD Secure Shell server...
[[0;32m  OK  [0m] Started OpenBSD Secure Shell server.
[[0;32m  OK  [0m] Created slice User Slice of vagrant.
         Starting User Manager for UID 1000...
[[0;32m  OK  [0m] Started Session 1 of user vagrant.
[[0;32m  OK  [0m] Started User Manager for UID 1000.

Ubuntu 16.04.6 LTS ubuntu-xenial ttyS0

ubuntu-xenial login: [   64.303353] cloud-init[1383]: Generating locales (this might take a while)...
[   72.319554] cloud-init[1383]:   en_US.UTF-8... done
[   72.325512] cloud-init[1383]: Generation complete.
[   76.251340] cloud-init[1383]: Cloud-init v. 19.1-1-gbaa47854-0ubuntu1~16.04.1 running 'modules:config' at Fri, 23 Aug 2019 16:57:21 +0000. Up 62.89 seconds.
ci-info: no authorized ssh keys fingerprints found for user ubuntu.
<14>Aug 23 16:57:37 ec2: 
<14>Aug 23 16:57:37 ec2: #############################################################
<14>Aug 23 16:57:37 ec2: -----BEGIN SSH HOST KEY FINGERPRINTS-----
<14>Aug 23 16:57:37 ec2: 1024 SHA256:6u0mEb2k4N7XllTjLMjYOgMGPkuxdtOUhW5BaedPzKA root@ubuntu-xenial (DSA)
<14>Aug 23 16:57:37 ec2: 256 SHA256:Z67AxR+ZBlFxj+XDQpF7xKx8YrGW6xAsIMjB14KHft0 root@ubuntu-xenial (ECDSA)
<14>Aug 23 16:57:37 ec2: 256 SHA256:jCqyfdtNTbW09K2XJBf+JjeeNhUvGihL91EyLPTeenI root@ubuntu-xenial (ED25519)
<14>Aug 23 16:57:37 ec2: 2048 SHA256:MXj+F1wPzaWOUce3je2PsBPA5+gPy+hHVTBVnFn+y2Q root@ubuntu-xenial (RSA)
<14>Aug 23 16:57:37 ec2: -----END SSH HOST KEY FINGERPRINTS-----
<14>Aug 23 16:57:37 ec2: #############################################################
-----BEGIN SSH HOST KEY KEYS-----
ecdsa-sha2-nistp256 AAAAE2VjZHNhLXNoYTItbmlzdHAyNTYAAAAIbmlzdHAyNTYAAABBBHGdzgJJIVBmN/wbFvDERPUanaMs3dGM87xISBDX179uLDhvmLv0Ph19crSgNwomERnw5/LU0MYkzWQ+QQ33uT4= root@ubuntu-xenial
ssh-ed25519 AAAAC3NzaC1lZDI1NTE5AAAAIH6UvlNSaZ6xxXQydawlW62YEOPM3PUXtsNCvHIKaxae root@ubuntu-xenial
ssh-rsa AAAAB3NzaC1yc2EAAAADAQABAAABAQC0nKesJeb/25XWxJNrdOQfKO4gOY35jEuT+H/m4nvYvUfzOxwo1JdG8zunG7k+GGVzGMelD6C1rjPTO1N0ZwMwNjNsEDb53y8ljb95tVT0pbgxFw06uEDd9MqecgKUu4t3altsQxHN2w4TwwtywNp6v7IYF/yZZD37/XBI1X3y4RSra2AqEGf6k0nw3Xl+1Hv1rFuERyg/tZ3RBofGGGzlseyjJhN2GJwLp7CITCYBqIi2AZJQKJXPefZwGnONgF7kVYs4Zt5+eXi6rMwBG0AjjCVCewW1E0ot6dd2q4gPhJGbloK/28yH+ICUe5wsQ7tzJEKf7O4lAZ659wgW9Nth root@ubuntu-xenial
-----END SSH HOST KEY KEYS-----
[   79.814334] cloud-init[1578]: Cloud-init v. 19.1-1-gbaa47854-0ubuntu1~16.04.1 running 'modules:final' at Fri, 23 Aug 2019 16:57:37 +0000. Up 78.86 seconds.
[   79.824056] cloud-init[1578]: ci-info: no authorized ssh keys fingerprints found for user ubuntu.
[   79.832103] cloud-init[1578]: Cloud-init v. 19.1-1-gbaa47854-0ubuntu1~16.04.1 finished at Fri, 23 Aug 2019 16:57:38 +0000. Datasource DataSourceNoCloud [seed=/dev/sdb][dsmode=net].  Up 79.74 seconds
